Discovery Execution Time: 0:00:07.247568
Simulation Execution Time: 0:00:11.781418
|           |MTR: 0.0   |TAR: 0.321 |WTR: 2.758 |
|           |AED: 226.14|RED: 365.02|CED: 2.39  |CTD: 536.54|
| 24        | -365.0    | 0.9717    |

Discovery Execution Time: 0:00:07.217782
Simulation Execution Time: 0:00:11.598585
|           |MTR: 0.0   |TAR: 0.276 |WTR: 2.696 |
|           |AED: 227.41|RED: 368.1 |CED: 2.31  |CTD: 534.47|
| 25        | -368.1    | 0.9714    |

Discovery Execution Time: 0:00:07.246526
Simulation Execution Time: 0:00:11.694995
|           |MTR: 0.0   |TAR: 0.286 |WTR: 2.72  |
|           |AED: 223.99|RED: 366.77|CED: 2.37  |CTD: 535.45|
| 26        | -366.8    | 0.9709    |

Discovery Execution Time: 0:00:07.145645
Simulation Execution Time: 0:00:11.534370
|           |MTR: 0.0   |TAR: 0.301 |WTR: 2.58  |
|           |AED: 221.45|RED: 362.5 |CED: 2.28  |CTD: 527.35|
| 27        | -362.5    | 0.9706    |

Discovery Execution Time: 0:00:07.080458
Simulation Execution Time: 0:00:11.649344
|           |MTR: 0.0   |TAR: 0.274 |WTR: 2.828 |
|           |AED: 224.2 |RED: 366.89|CED: 2.37  |CTD: 528.55|
| 28        | -366.9    | 0.9702    |

Discovery Execution Time: 0:00:07.201294
Simulation Execution Time: 0:00:11.686897
|           |MTR: 0.0   |TAR: 0.259 |WTR: 2.797 |
|           |AED: 219.37|RED: 361.13|CED: 2.35  |CTD: 536.1 | <-------------- Best results ---------------
| 29        | -361.1    | 0.9704    |                         <-------------- Best results ---------------

Discovery Execution Time: 0:00:07.193851
Simulation Execution Time: 0:00:11.653819
|           |MTR: 0.0   |TAR: 0.263 |WTR: 2.724 |
|           |AED: 222.58|RED: 361.72|CED: 2.3   |CTD: 539.02|
| 30        | -361.7    | 0.9698    |
=====================================
Best result: {'angle': 0.9704166290887786}; f(x) = -361.1349240169996.

++++++++++++++ CRISP HYPERPARAMETER TUNNING - loan_application process +++++++++++++++++++++++
Calendar Type 4, Even Resource Workload: False
|   iter    |  target   | confid... | partic... |  support  |
-------------------------------------------------------------

Discovery Execution Time: 0:00:21.250296
Simulation Execution Time: 0:00:01.594610
|           |MTR: 0.611 |TAR: 0.224 |WTR: 0.546 |
|           |AED: 606.62|RED: 603.58|CED: 0.75  |CTD: 855.48|
| 1         | -603.6    | 0.9703    | 0.5925    | 0.9754    |

Discovery Execution Time: 0:00:22.081245
Simulation Execution Time: 0:00:01.597574
|           |MTR: 0.593 |TAR: 0.284 |WTR: 1.075 |
|           |AED: 596.58|RED: 598.58|CED: 1.56  |CTD: 843.34|
| 2         | -598.6    | 0.7433    | 0.728     | 0.2945    |

Discovery Execution Time: 0:00:22.352055
Simulation Execution Time: 0:00:01.594506
|           |MTR: 0.13  |TAR: 0.511 |WTR: 1.135 |
|           |AED: 590.25|RED: 597.46|CED: 1.55  |CTD: 842.61|
| 3         | -597.5    | 0.9786    | 0.1056    | 0.3277    |

Discovery Execution Time: 0:00:20.571757
Simulation Execution Time: 0:00:01.572892
|           |MTR: 0.741 |TAR: 0.281 |WTR: 0.943 |
|           |AED: 587.62|RED: 583.46|CED: 1.1   |CTD: 800.35|
| 4         | -583.5    | 0.4913    | 0.8014    | 0.2779    |

Discovery Execution Time: 0:00:16.980852
Simulation Execution Time: 0:00:01.553361
|           |MTR: 0.926 |TAR: 0.093 |WTR: 0.761 |
|           |AED: 596.32|RED: 593.7 |CED: 1.49  |CTD: 829.4 |
| 5         | -593.7    | 0.8767    | 0.9851    | 0.2475    |

Discovery Execution Time: 0:00:23.240915
Simulation Execution Time: 0:00:01.688839
|           |MTR: 0.148 |TAR: 0.315 |WTR: 1.055 |
|           |AED: 601.57|RED: 597.8 |CED: 1.2   |CTD: 845.11|
| 6         | -597.8    | 0.7184    | 0.2325    | 0.5855    |

Discovery Execution Time: 0:00:18.269672
Simulation Execution Time: 0:00:01.586364
|           |MTR: 0.926 |TAR: 0.173 |WTR: 0.333 |
|           |AED: 602.04|RED: 602.35|CED: 0.94  |CTD: 855.08|
| 7         | -602.4    | 0.4743    | 0.976     | 0.7027    |

Discovery Execution Time: 0:00:22.752241
Simulation Execution Time: 0:00:01.613694
|           |MTR: 0.593 |TAR: 0.272 |WTR: 0.814 |
|           |AED: 602.06|RED: 600.9 |CED: 0.85  |CTD: 852.15|
| 8         | -600.9    | 0.605     | 0.6785    | 0.8384    |

Discovery Execution Time: 0:00:25.215834
Simulation Execution Time: 0:00:01.640042
|           |MTR: 0.296 |TAR: 0.301 |WTR: 0.982 |
|           |AED: 599.94|RED: 599.5 |CED: 0.87  |CTD: 847.37|
| 9         | -599.5    | 0.6559    | 0.4143    | 0.7722    |

Discovery Execution Time: 0:00:22.298730
Simulation Execution Time: 0:00:01.627230
|           |MTR: 0.148 |TAR: 0.476 |WTR: 0.848 |
|           |AED: 593.41|RED: 602.7 |CED: 0.84  |CTD: 856.01|
| 10        | -602.7    | 0.3423    | 0.251     | 0.7498    |

Discovery Execution Time: 0:00:21.450353
Simulation Execution Time: 0:00:01.631774
|           |MTR: 0.722 |TAR: 0.2   |WTR: 0.748 |
|           |AED: 602.47|RED: 605.28|CED: 0.9   |CTD: 856.61|
| 11        | -605.3    | 0.9139    | 0.7404    | 0.5551    |

Discovery Execution Time: 0:00:23.385410
Simulation Execution Time: 0:00:01.624457
|           |MTR: 0.556 |TAR: 0.29  |WTR: 0.811 |
|           |AED: 599.72|RED: 601.04|CED: 0.84  |CTD: 852.06|
| 12        | -601.0    | 0.5491    | 0.6559    | 0.8262    |

Discovery Execution Time: 0:00:19.147464
Simulation Execution Time: 0:00:01.583624
|           |MTR: 0.778 |TAR: 0.291 |WTR: 0.345 |
|           |AED: 449.83|RED: 452.15|CED: 1.05  |CTD: 564.9 | <-------------- Best results ---------------
| 13        | -452.1    | 0.4531    | 0.8724    | 0.1855    | <-------------- Best results ---------------

Discovery Execution Time: 0:00:20.162977
Simulation Execution Time: 0:00:01.606724
|           |MTR: 0.741 |TAR: 0.212 |WTR: 1.088 |
|           |AED: 578.47|RED: 580.46|CED: 1.35  |CTD: 801.87|
| 14        | -580.5    | 0.6366    | 0.7818    | 0.2349    |

Discovery Execution Time: 0:00:16.662147
Simulation Execution Time: 0:00:01.576032
|           |MTR: 0.926 |TAR: 0.24  |WTR: 0.339 |
|           |AED: 456.94|RED: 457.37|CED: 1.19  |CTD: 572.88|
| 15        | -457.4    | 0.4468    | 0.8907    | 0.1599    |

Discovery Execution Time: 0:00:22.625359
Simulation Execution Time: 0:00:01.635304
|           |MTR: 0.111 |TAR: 0.325 |WTR: 1.361 |
|           |AED: 597.97|RED: 598.85|CED: 0.67  |CTD: 846.91|
| 16        | -598.9    | 0.6787    | 0.1633    | 0.8667    |

Discovery Execution Time: 0:00:19.051977
Simulation Execution Time: 0:00:01.615857
|           |MTR: 0.778 |TAR: 0.408 |WTR: 0.396 |
|           |AED: 568.02|RED: 570.43|CED: 0.97  |CTD: 756.73|
| 17        | -570.4    | 0.3899    | 0.885     | 0.1964    |

Discovery Execution Time: 0:00:19.155582
Simulation Execution Time: 0:00:01.579348
|           |MTR: 0.778 |TAR: 0.323 |WTR: 0.417 |
|           |AED: 455.38|RED: 460.29|CED: 1.07  |CTD: 566.98|
| 18        | -460.3    | 0.4822    | 0.8767    | 0.1646    |

Discovery Execution Time: 0:00:23.220828
Simulation Execution Time: 0:00:01.661858
|           |MTR: 0.296 |TAR: 0.303 |WTR: 0.856 |
|           |AED: 593.29|RED: 602.85|CED: 0.77  |CTD: 855.08|
| 19        | -602.8    | 0.5475    | 0.3558    | 0.9537    |

Discovery Execution Time: 0:00:16.477491
Simulation Execution Time: 0:00:01.549694
|           |MTR: 0.926 |TAR: 0.272 |WTR: 0.403 |
|           |AED: 456.97|RED: 461.6 |CED: 1.31  |CTD: 573.11|
| 20        | -461.6    | 0.4737    | 0.9137    | 0.1939    |

Discovery Execution Time: 0:00:18.678379
Simulation Execution Time: 0:00:01.563767
|           |MTR: 0.926 |TAR: 0.135 |WTR: 0.467 |
|           |AED: 599.61|RED: 603.09|CED: 1.17  |CTD: 852.86|
| 21        | -603.1    | 0.8325    | 0.9875    | 0.6512    |

Discovery Execution Time: 0:00:16.799448
Simulation Execution Time: 0:00:01.552594
|           |MTR: 0.926 |TAR: 0.272 |WTR: 0.37  |
|           |AED: 463.9 |RED: 459.86|CED: 1.25  |CTD: 543.48|
| 22        | -459.9    | 0.493     | 0.9537    | 0.1427    |

Discovery Execution Time: 0:00:20.383199
Simulation Execution Time: 0:00:01.606426
|           |MTR: 0.741 |TAR: 0.284 |WTR: 0.987 |
|           |AED: 578.13|RED: 580.44|CED: 1.01  |CTD: 792.19|
| 23        | -580.4    | 0.4405    | 0.7758    | 0.1594    |

Discovery Execution Time: 0:00:21.975388
Simulation Execution Time: 0:00:01.621931
|           |MTR: 0.574 |TAR: 0.294 |WTR: 0.745 |
|           |AED: 598.91|RED: 602.56|CED: 0.78  |CTD: 854.97|
| 24        | -602.6    | 0.8584    | 0.6547    | 0.9286    |

Discovery Execution Time: 0:00:24.413855
Simulation Execution Time: 0:00:01.625005
|           |MTR: 0.296 |TAR: 0.276 |WTR: 0.83  |
|           |AED: 595.78|RED: 604.66|CED: 0.83  |CTD: 858.27|
| 25        | -604.7    | 0.3845    | 0.4424    | 0.6826    |

Discovery Execution Time: 0:00:21.757216
Simulation Execution Time: 0:00:01.644756
|           |MTR: 0.148 |TAR: 0.32  |WTR: 1.2   |
|           |AED: 595.79|RED: 601.31|CED: 0.76  |CTD: 852.99|
| 26        | -601.3    | 0.2334    | 0.2346    | 0.6752    |

Discovery Execution Time: 0:00:16.647276
Simulation Execution Time: 0:00:01.547420
|           |MTR: 0.926 |TAR: 0.254 |WTR: 0.336 |
|           |AED: 453.59|RED: 454.04|CED: 1.1   |CTD: 551.72|
| 27        | -454.0    | 0.4335    | 0.9693    | 0.1092    |

Discovery Execution Time: 0:00:19.884389
Simulation Execution Time: 0:00:01.622064
|           |MTR: 0.778 |TAR: 0.234 |WTR: 0.368 |
|           |AED: 599.97|RED: 602.69|CED: 0.92  |CTD: 854.26|
| 28        | -602.7    | 0.3467    | 0.8854    | 0.8862    |

Discovery Execution Time: 0:00:21.708952
Simulation Execution Time: 0:00:01.647981
|           |MTR: 0.148 |TAR: 0.313 |WTR: 1.057 |
|           |AED: 598.72|RED: 601.91|CED: 0.79  |CTD: 853.91|
| 29        | -601.9    | 0.2854    | 0.2676    | 0.9094    |

Discovery Execution Time: 0:00:16.485847
Simulation Execution Time: 0:00:01.541936
|           |MTR: 0.926 |TAR: 0.255 |WTR: 0.334 |
|           |AED: 455.74|RED: 459.6 |CED: 1.11  |CTD: 567.25|
| 30        | -459.6    | 0.4424    | 0.9589    | 0.1045    |
=============================================================
Best result: {'confidence': 0.4531106962485422, 'participation': 0.8723582628258624, 'support': 0.18551935101710035}; f(x) = -452.1478855515563.