++++++++++++++ NAIVE-CRISP process model +++++++++++++++++++++++
Calendar Type 4, Even Resource Workload: True

Discovery Execution Time: 0:00:20.933197
Simulation Execution Time: 0:00:01.605000
|           |MTR: 0.0   |TAR: 0.211 |WTR: 0.763 |
|           |AED: 238.93|RED: 233.61|CED: 0.74  |CTD: 335.42|

++++++++++++++ PROBABILISTIC HYPERPARAMETER TUNNING - loan_application process +++++++++++++++++++++++
Calendar Type 4, Even Resource Workload: True
|   iter    |  target   |   angle   |
-------------------------------------

Discovery Execution Time: 0:00:06.194649
Simulation Execution Time: 0:00:11.329191
|           |MTR: 0.0   |TAR: 0.175 |WTR: 2.744 |
|           |AED: 165.65|RED: 155.74|CED: 3.28  |CTD: 269.82|
| 1         | -155.7    | 0.967     |

Discovery Execution Time: 0:00:05.750141
Simulation Execution Time: 0:00:10.854229
|           |MTR: 0.0   |TAR: 0.136 |WTR: 2.756 |
|           |AED: 138.42|RED: 126.85|CED: 3.24  |CTD: 225.95|
| 2         | -126.8    | 0.5472    |

Discovery Execution Time: 0:00:06.171364
Simulation Execution Time: 0:00:11.216695
|           |MTR: 0.0   |TAR: 0.149 |WTR: 2.779 |
|           |AED: 131.22|RED: 111.18|CED: 3.27  |CTD: 201.23| <-------------- Best results ---------------
| 3         | -111.2    | 0.9727    |                         <-------------- Best results ---------------

Discovery Execution Time: 0:00:05.970112
Simulation Execution Time: 0:00:11.076808
|           |MTR: 0.0   |TAR: 0.141 |WTR: 2.812 |
|           |AED: 151.91|RED: 134.78|CED: 3.34  |CTD: 235.32|
| 4         | -134.8    | 0.7148    |

Discovery Execution Time: 0:00:05.884427
Simulation Execution Time: 0:00:10.896504
|           |MTR: 0.0   |TAR: 0.151 |WTR: 2.874 |
|           |AED: 152.07|RED: 137.72|CED: 3.37  |CTD: 242.14|
| 5         | -137.7    | 0.6977    |

Discovery Execution Time: 0:00:05.804226
Simulation Execution Time: 0:00:10.876606
|           |MTR: 0.0   |TAR: 0.129 |WTR: 2.768 |
|           |AED: 169.48|RED: 151.1 |CED: 3.18  |CTD: 264.58|
| 6         | -151.1    | 0.5472    |

Discovery Execution Time: 0:00:06.198435
Simulation Execution Time: 0:00:11.310423
|           |MTR: 0.0   |TAR: 0.146 |WTR: 2.734 |
|           |AED: 161.56|RED: 142.72|CED: 3.25  |CTD: 247.79|
| 7         | -142.7    | 0.9727    |

Discovery Execution Time: 0:00:05.935195
Simulation Execution Time: 0:00:10.981545
|           |MTR: 0.0   |TAR: 0.141 |WTR: 2.708 |
|           |AED: 159.14|RED: 139.79|CED: 3.3   |CTD: 247.12|
| 8         | -139.8    | 0.7149    |

Discovery Execution Time: 0:00:05.739930
Simulation Execution Time: 0:00:10.944976
|           |MTR: 0.0   |TAR: 0.134 |WTR: 2.746 |
|           |AED: 155.63|RED: 138.16|CED: 3.23  |CTD: 235.07|
| 9         | -138.2    | 0.5473    |

Discovery Execution Time: 0:00:06.050253
Simulation Execution Time: 0:00:10.986399
|           |MTR: 0.0   |TAR: 0.145 |WTR: 2.731 |
|           |AED: 148.32|RED: 128.05|CED: 3.32  |CTD: 228.99|
| 10        | -128.1    | 0.7147    |

Discovery Execution Time: 0:00:06.163728
Simulation Execution Time: 0:00:11.287826
|           |MTR: 0.0   |TAR: 0.165 |WTR: 2.691 |
|           |AED: 158.0 |RED: 141.57|CED: 3.28  |CTD: 251.18|
| 11        | -141.6    | 0.9727    |

Discovery Execution Time: 0:00:05.811138
Simulation Execution Time: 0:00:10.655101
|           |MTR: 0.0   |TAR: 0.142 |WTR: 2.829 |
|           |AED: 136.9 |RED: 118.12|CED: 3.19  |CTD: 210.26|
| 12        | -118.1    | 0.5473    |

Discovery Execution Time: 0:00:05.889851
Simulation Execution Time: 0:00:11.221228
|           |MTR: 0.0   |TAR: 0.151 |WTR: 2.697 |
|           |AED: 154.29|RED: 145.16|CED: 3.32  |CTD: 261.72|
| 13        | -145.2    | 0.7146    |

Discovery Execution Time: 0:00:05.915529
Simulation Execution Time: 0:00:11.103338
|           |MTR: 0.0   |TAR: 0.132 |WTR: 2.763 |
|           |AED: 157.84|RED: 139.14|CED: 3.31  |CTD: 242.28|
| 14        | -139.1    | 0.7147    |

Discovery Execution Time: 0:00:05.829843
Simulation Execution Time: 0:00:10.680993
|           |MTR: 0.0   |TAR: 0.132 |WTR: 2.767 |
|           |AED: 132.33|RED: 121.85|CED: 3.19  |CTD: 215.34|
| 15        | -121.8    | 0.5472    |

Discovery Execution Time: 0:00:05.827826
Simulation Execution Time: 0:00:10.896302
|           |MTR: 0.0   |TAR: 0.118 |WTR: 2.74  |
|           |AED: 145.93|RED: 124.53|CED: 3.24  |CTD: 213.56|
| 16        | -124.5    | 0.5473    |

Discovery Execution Time: 0:00:05.861625
Simulation Execution Time: 0:00:11.136445
|           |MTR: 0.0   |TAR: 0.142 |WTR: 2.772 |
|           |AED: 174.84|RED: 160.45|CED: 3.34  |CTD: 281.68|
| 17        | -160.5    | 0.7147    |

Discovery Execution Time: 0:00:05.828581
Simulation Execution Time: 0:00:11.125807
|           |MTR: 0.0   |TAR: 0.139 |WTR: 2.676 |
|           |AED: 153.18|RED: 141.26|CED: 3.31  |CTD: 241.2 |
| 18        | -141.3    | 0.7148    |

Discovery Execution Time: 0:00:05.194392
Simulation Execution Time: 0:00:07.885719
|           |MTR: 0.0   |TAR: 0.205 |WTR: 2.039 |
|           |AED: 216.75|RED: 216.19|CED: 0.89  |CTD: 306.26|
| 19        | -216.2    | 0.02362   |

Discovery Execution Time: 0:00:05.858808
Simulation Execution Time: 0:00:11.099165
|           |MTR: 0.0   |TAR: 0.158 |WTR: 2.79  |
|           |AED: 179.33|RED: 171.39|CED: 3.24  |CTD: 298.01|
| 20        | -171.4    | 0.6977    |

Discovery Execution Time: 0:00:06.006708
Simulation Execution Time: 0:00:10.961750
|           |MTR: 0.0   |TAR: 0.131 |WTR: 2.731 |
|           |AED: 136.32|RED: 114.89|CED: 3.34  |CTD: 205.12|
| 21        | -114.9    | 0.7147    |

Discovery Execution Time: 0:00:05.798116
Simulation Execution Time: 0:00:10.836060
|           |MTR: 0.0   |TAR: 0.135 |WTR: 2.757 |
|           |AED: 149.67|RED: 130.56|CED: 3.22  |CTD: 229.42|
| 22        | -130.6    | 0.5473    |

Discovery Execution Time: 0:00:05.667886
Simulation Execution Time: 0:00:11.035511
|           |MTR: 0.0   |TAR: 0.145 |WTR: 2.778 |
|           |AED: 165.39|RED: 156.63|CED: 3.25  |CTD: 274.33|
| 23        | -156.6    | 0.5474    |

Discovery Execution Time: 0:00:05.790017
Simulation Execution Time: 0:00:10.927743
|           |MTR: 0.0   |TAR: 0.136 |WTR: 2.744 |
|           |AED: 176.06|RED: 166.68|CED: 3.25  |CTD: 281.09|
| 24        | -166.7    | 0.5472    |

Discovery Execution Time: 0:00:05.971252
Simulation Execution Time: 0:00:11.233640
|           |MTR: 0.0   |TAR: 0.134 |WTR: 2.767 |
|           |AED: 163.9 |RED: 155.99|CED: 3.32  |CTD: 270.88|
| 25        | -156.0    | 0.7147    |

Discovery Execution Time: 0:00:05.780489
Simulation Execution Time: 0:00:10.996066
|           |MTR: 0.0   |TAR: 0.15  |WTR: 2.805 |
|           |AED: 156.67|RED: 147.53|CED: 3.21  |CTD: 257.83|
| 26        | -147.5    | 0.5474    |

Discovery Execution Time: 0:00:05.947955
Simulation Execution Time: 0:00:11.041578
|           |MTR: 0.0   |TAR: 0.143 |WTR: 2.78  |
|           |AED: 162.1 |RED: 146.76|CED: 3.27  |CTD: 255.46|
| 27        | -146.8    | 0.715     |

Discovery Execution Time: 0:00:06.022934
Simulation Execution Time: 0:00:11.123264
|           |MTR: 0.0   |TAR: 0.148 |WTR: 2.797 |
|           |AED: 157.11|RED: 138.82|CED: 3.26  |CTD: 244.63|
| 28        | -138.8    | 0.7148    |

Discovery Execution Time: 0:00:05.925446
Simulation Execution Time: 0:00:11.183868
|           |MTR: 0.0   |TAR: 0.141 |WTR: 2.82  |
|           |AED: 148.26|RED: 132.27|CED: 3.32  |CTD: 234.9 |
| 29        | -132.3    | 0.6978    |

Discovery Execution Time: 0:00:05.934570
Simulation Execution Time: 0:00:11.066701
|           |MTR: 0.0   |TAR: 0.137 |WTR: 2.752 |
|           |AED: 154.18|RED: 134.43|CED: 3.26  |CTD: 232.54|
| 30        | -134.4    | 0.6978    |
=====================================
Best result: {'angle': 0.9726843599648843}; f(x) = -111.1792299196379.

++++++++++++++ CRISP HYPERPARAMETER TUNNING - loan_application process +++++++++++++++++++++++
Calendar Type 4, Even Resource Workload: True
|   iter    |  target   | confid... | partic... |  support  |
-------------------------------------------------------------

Discovery Execution Time: 0:00:21.000945
Simulation Execution Time: 0:00:01.563540
|           |MTR: 0.037 |TAR: 0.198 |WTR: 0.754 |
|           |AED: 236.79|RED: 232.3 |CED: 0.53  |CTD: 333.42|
| 1         | -232.3    | 0.9703    | 0.5925    | 0.9754    |

Discovery Execution Time: 0:00:23.202189
Simulation Execution Time: 0:00:01.598103
|           |MTR: 0.0   |TAR: 0.194 |WTR: 1.786 |
|           |AED: 225.15|RED: 220.12|CED: 1.38  |CTD: 310.13|
| 2         | -220.1    | 0.7433    | 0.728     | 0.2945    |

Discovery Execution Time: 0:00:23.131073
Simulation Execution Time: 0:00:01.597039
|           |MTR: 0.037 |TAR: 0.222 |WTR: 1.708 |
|           |AED: 222.11|RED: 218.61|CED: 1.41  |CTD: 307.39|
| 3         | -218.6    | 0.9786    | 0.1056    | 0.3277    |

Discovery Execution Time: 0:00:19.719625
Simulation Execution Time: 0:00:01.575410
|           |MTR: 0.741 |TAR: 0.144 |WTR: 1.36  |
|           |AED: 235.41|RED: 231.49|CED: 0.92  |CTD: 332.25|
| 4         | -231.5    | 0.4913    | 0.8014    | 0.2779    |

Discovery Execution Time: 0:00:19.500945
Simulation Execution Time: 0:00:01.539782
|           |MTR: 0.759 |TAR: 0.194 |WTR: 1.657 |
|           |AED: 220.75|RED: 222.39|CED: 1.25  |CTD: 311.45|
| 5         | -222.4    | 0.8767    | 0.9851    | 0.2475    |

Discovery Execution Time: 0:00:22.904702
Simulation Execution Time: 0:00:01.567984
|           |MTR: 0.0   |TAR: 0.165 |WTR: 1.571 |
|           |AED: 231.14|RED: 226.21|CED: 1.31  |CTD: 322.6 |
| 6         | -226.2    | 0.7184    | 0.2325    | 0.5855    |

Discovery Execution Time: 0:00:19.730522
Simulation Execution Time: 0:00:01.578949
|           |MTR: 0.741 |TAR: 0.141 |WTR: 0.99  |
|           |AED: 236.65|RED: 232.71|CED: 0.81  |CTD: 333.39|
| 7         | -232.7    | 0.4743    | 0.976     | 0.7027    |

Discovery Execution Time: 0:00:22.890074
Simulation Execution Time: 0:00:01.601327
|           |MTR: 0.0   |TAR: 0.18  |WTR: 0.813 |
|           |AED: 233.62|RED: 229.55|CED: 0.68  |CTD: 328.15|
| 8         | -229.5    | 0.605     | 0.6785    | 0.8384    |

Discovery Execution Time: 0:00:23.305381
Simulation Execution Time: 0:00:01.596164
|           |MTR: 0.0   |TAR: 0.168 |WTR: 0.949 |
|           |AED: 235.74|RED: 229.72|CED: 0.71  |CTD: 329.17|
| 9         | -229.7    | 0.6559    | 0.4143    | 0.7722    |

Discovery Execution Time: 0:00:22.767555
Simulation Execution Time: 0:00:01.610907
|           |MTR: 0.0   |TAR: 0.169 |WTR: 0.779 |
|           |AED: 236.26|RED: 231.13|CED: 0.74  |CTD: 332.0 |
| 10        | -231.1    | 0.3423    | 0.251     | 0.7498    |

Discovery Execution Time: 0:00:22.540106
Simulation Execution Time: 0:00:01.573616
|           |MTR: 0.037 |TAR: 0.235 |WTR: 1.745 |
|           |AED: 213.26|RED: 213.35|CED: 1.49  |CTD: 293.97|
| 11        | -213.3    | 0.9723    | 0.4826    | 0.2185    |

Discovery Execution Time: 0:00:23.145113
Simulation Execution Time: 0:00:01.601022
|           |MTR: 0.0   |TAR: 0.177 |WTR: 0.873 |
|           |AED: 236.75|RED: 230.42|CED: 0.68  |CTD: 330.25|
| 12        | -230.4    | 0.5491    | 0.6559    | 0.8262    |

Discovery Execution Time: 0:00:21.899585
Simulation Execution Time: 0:00:01.575179
|           |MTR: 0.037 |TAR: 0.395 |WTR: 1.804 |
|           |AED: 209.6 |RED: 206.5 |CED: 1.48  |CTD: 279.16|
| 13        | -206.5    | 1.0       | 0.6468    | 0.1       |

Discovery Execution Time: 0:00:20.239873
Simulation Execution Time: 0:00:01.552285
|           |MTR: 0.741 |TAR: 0.186 |WTR: 1.64  |
|           |AED: 229.76|RED: 227.01|CED: 1.12  |CTD: 323.61|
| 14        | -227.0    | 0.6366    | 0.7818    | 0.2349    |

Discovery Execution Time: 0:00:18.642581
Simulation Execution Time: 0:00:01.542338
|           |MTR: 0.778 |TAR: 0.305 |WTR: 1.619 |
|           |AED: 201.45|RED: 197.2 |CED: 1.23  |CTD: 259.85|
| 15        | -197.2    | 1.0       | 0.7771    | 0.1       |

Discovery Execution Time: 0:00:22.743815
Simulation Execution Time: 0:00:01.614554
|           |MTR: 0.0   |TAR: 0.206 |WTR: 0.807 |
|           |AED: 231.23|RED: 228.72|CED: 0.66  |CTD: 326.72|
| 16        | -228.7    | 0.6787    | 0.1633    | 0.8667    |

Discovery Execution Time: 0:00:17.947950
Simulation Execution Time: 0:00:01.550558
|           |MTR: 0.778 |TAR: 0.309 |WTR: 1.636 |
|           |AED: 200.63|RED: 199.06|CED: 1.31  |CTD: 262.02|
| 17        | -199.1    | 1.0       | 0.8882    | 0.1       |

Discovery Execution Time: 0:00:23.139174
Simulation Execution Time: 0:00:01.571442
|           |MTR: 0.407 |TAR: 0.19  |WTR: 1.629 |
|           |AED: 221.22|RED: 213.86|CED: 1.09  |CTD: 298.2 |
| 18        | -213.9    | 0.9926    | 0.7541    | 0.2366    |

Discovery Execution Time: 0:00:21.249663
Simulation Execution Time: 0:00:01.599928
|           |MTR: 0.0   |TAR: 0.208 |WTR: 0.775 |
|           |AED: 238.78|RED: 231.57|CED: 0.63  |CTD: 331.53|
| 19        | -231.6    | 0.5475    | 0.3558    | 0.9537    |

Discovery Execution Time: 0:00:18.547193
Simulation Execution Time: 0:00:01.540637
|           |MTR: 0.778 |TAR: 0.323 |WTR: 1.646 |
|           |AED: 203.44|RED: 197.91|CED: 1.29  |CTD: 260.98|
| 20        | -197.9    | 0.9378    | 0.8024    | 0.1102    |

Discovery Execution Time: 0:00:19.952399
Simulation Execution Time: 0:00:01.603129
|           |MTR: 0.759 |TAR: 0.188 |WTR: 1.307 |
|           |AED: 235.46|RED: 231.78|CED: 1.15  |CTD: 332.14|
| 21        | -231.8    | 0.8325    | 0.9875    | 0.6512    |

Discovery Execution Time: 0:00:19.116551
Simulation Execution Time: 0:00:01.566863
|           |MTR: 0.778 |TAR: 0.21  |WTR: 1.605 |
|           |AED: 206.95|RED: 202.61|CED: 1.25  |CTD: 270.28|
| 22        | -202.6    | 0.9256    | 0.8071    | 0.1192    |

Discovery Execution Time: 0:00:20.142188
Simulation Execution Time: 0:00:01.552296
|           |MTR: 0.741 |TAR: 0.179 |WTR: 1.114 |
|           |AED: 232.37|RED: 231.63|CED: 0.84  |CTD: 331.97|
| 23        | -231.6    | 0.4405    | 0.7758    | 0.1594    |

Discovery Execution Time: 0:00:21.600953
Simulation Execution Time: 0:00:01.587227
|           |MTR: 0.019 |TAR: 0.222 |WTR: 0.803 |
|           |AED: 233.19|RED: 230.94|CED: 0.53  |CTD: 330.38|
| 24        | -230.9    | 0.8584    | 0.6547    | 0.9286    |

Discovery Execution Time: 0:00:23.184544
Simulation Execution Time: 0:00:01.579599
|           |MTR: 0.0   |TAR: 0.179 |WTR: 1.077 |
|           |AED: 234.87|RED: 231.9 |CED: 0.73  |CTD: 333.72|
| 25        | -231.9    | 0.3845    | 0.4424    | 0.6826    |

Discovery Execution Time: 0:00:22.051343
Simulation Execution Time: 0:00:01.564631
|           |MTR: 0.0   |TAR: 0.187 |WTR: 0.764 |
|           |AED: 234.42|RED: 231.98|CED: 0.68  |CTD: 332.65|
| 26        | -232.0    | 0.2334    | 0.2346    | 0.6752    |

Discovery Execution Time: 0:00:22.211906
Simulation Execution Time: 0:00:01.550465
|           |MTR: 0.037 |TAR: 0.407 |WTR: 1.649 |
|           |AED: 209.36|RED: 208.6 |CED: 1.58  |CTD: 285.36|
| 27        | -208.6    | 0.9183    | 0.7125    | 0.1       |

Discovery Execution Time: 0:00:18.268011
Simulation Execution Time: 0:00:01.533345
|           |MTR: 0.778 |TAR: 0.315 |WTR: 1.641 |
|           |AED: 198.03|RED: 198.44|CED: 1.32  |CTD: 261.53|
| 28        | -198.4    | 0.9655    | 0.8242    | 0.1041    |

Discovery Execution Time: 0:00:18.362082
Simulation Execution Time: 0:00:01.536008
|           |MTR: 0.778 |TAR: 0.317 |WTR: 1.626 |
|           |AED: 205.31|RED: 197.03|CED: 1.29  |CTD: 259.45| <-------------- Best results ---------------
| 29        | -197.0    | 0.9502    | 0.7939    | 0.1007    | <-------------- Best results ---------------

Discovery Execution Time: 0:00:17.874278
Simulation Execution Time: 0:00:01.524749
|           |MTR: 0.778 |TAR: 0.307 |WTR: 1.662 |
|           |AED: 204.93|RED: 199.69|CED: 1.33  |CTD: 262.61|
| 30        | -199.7    | 1.0       | 0.9874    | 0.1       |
=============================================================
Best result: {'confidence': 0.9501896516884838, 'participation': 0.7938740452708573, 'support': 0.10067447360479431}; f(x) = -197.03279436806667.

++++++++++++++ NAIVE-CRISP process model +++++++++++++++++++++++
Calendar Type 4, Even Resource Workload: False

Discovery Execution Time: 0:00:20.305240
Simulation Execution Time: 0:00:01.591131
|           |MTR: 0.0   |TAR: 0.342 |WTR: 1.28  |
|           |AED: 601.21|RED: 604.76|CED: 0.81  |CTD: 858.99|

++++++++++++++ PROBABILISTIC HYPERPARAMETER TUNNING - loan_application process +++++++++++++++++++++++
Calendar Type 4, Even Resource Workload: False
|   iter    |  target   |   angle   |
-------------------------------------

Discovery Execution Time: 0:00:07.278455
Simulation Execution Time: 0:00:11.551563
|           |MTR: 0.0   |TAR: 0.271 |WTR: 2.823 |
|           |AED: 224.75|RED: 371.13|CED: 2.31  |CTD: 542.32|
| 1         | -371.1    | 0.967     |

Discovery Execution Time: 0:00:06.341920
Simulation Execution Time: 0:00:11.486396
|           |MTR: 0.0   |TAR: 0.266 |WTR: 2.743 |
|           |AED: 222.16|RED: 365.11|CED: 2.47  |CTD: 525.62|
| 2         | -365.1    | 0.5472    |

Discovery Execution Time: 0:00:07.271613
Simulation Execution Time: 0:00:11.631555
|           |MTR: 0.0   |TAR: 0.28  |WTR: 2.821 |
|           |AED: 226.88|RED: 368.53|CED: 2.33  |CTD: 536.79|
| 3         | -368.5    | 0.9727    |

Discovery Execution Time: 0:00:06.911834
Simulation Execution Time: 0:00:11.610804
|           |MTR: 0.0   |TAR: 0.251 |WTR: 2.772 |
|           |AED: 222.95|RED: 364.72|CED: 2.34  |CTD: 531.87|
| 4         | -364.7    | 0.7148    |

Discovery Execution Time: 0:00:06.608633
Simulation Execution Time: 0:00:11.747449
|           |MTR: 0.0   |TAR: 0.265 |WTR: 2.79  |
|           |AED: 220.46|RED: 363.05|CED: 2.44  |CTD: 535.05|
| 5         | -363.1    | 0.6977    |

Discovery Execution Time: 0:00:06.726995
Simulation Execution Time: 0:00:11.557460
|           |MTR: 0.0   |TAR: 0.263 |WTR: 2.753 |
|           |AED: 216.56|RED: 363.56|CED: 2.43  |CTD: 536.29|
| 6         | -363.6    | 0.7148    |

Discovery Execution Time: 0:00:06.829258
Simulation Execution Time: 0:00:11.460663
|           |MTR: 0.0   |TAR: 0.27  |WTR: 2.725 |
|           |AED: 224.43|RED: 362.17|CED: 2.35  |CTD: 522.92|
| 7         | -362.2    | 0.7147    |

Discovery Execution Time: 0:00:06.669889
Simulation Execution Time: 0:00:11.531556
|           |MTR: 0.0   |TAR: 0.262 |WTR: 2.808 |
|           |AED: 219.41|RED: 375.17|CED: 2.27  |CTD: 531.21|
| 8         | -375.2    | 0.6979    |

Discovery Execution Time: 0:00:06.679536
Simulation Execution Time: 0:00:11.552778
|           |MTR: 0.0   |TAR: 0.265 |WTR: 2.551 |
|           |AED: 225.65|RED: 371.0 |CED: 2.37  |CTD: 539.7 |
| 9         | -371.0    | 0.7146    |

Discovery Execution Time: 0:00:06.677175
Simulation Execution Time: 0:00:11.449125
|           |MTR: 0.0   |TAR: 0.246 |WTR: 2.791 |
|           |AED: 220.18|RED: 362.86|CED: 2.35  |CTD: 526.18|
| 10        | -362.9    | 0.6976    |

Discovery Execution Time: 0:00:06.657845
Simulation Execution Time: 0:00:11.513962
|           |MTR: 0.0   |TAR: 0.247 |WTR: 2.716 |
|           |AED: 222.38|RED: 363.43|CED: 2.34  |CTD: 509.89|
| 11        | -363.4    | 0.6975    |

Discovery Execution Time: 0:00:06.639018
Simulation Execution Time: 0:00:11.608325
|           |MTR: 0.0   |TAR: 0.259 |WTR: 2.728 |
|           |AED: 225.33|RED: 365.24|CED: 2.38  |CTD: 544.72|
| 12        | -365.2    | 0.6974    |

Discovery Execution Time: 0:00:06.396856
Simulation Execution Time: 0:00:11.168024
|           |MTR: 0.0   |TAR: 0.258 |WTR: 2.692 |
|           |AED: 228.37|RED: 371.55|CED: 2.42  |CTD: 538.3 |
| 13        | -371.5    | 0.5471    |

Discovery Execution Time: 0:00:06.416093
Simulation Execution Time: 0:00:11.535653
|           |MTR: 0.0   |TAR: 0.23  |WTR: 2.747 |
|           |AED: 223.44|RED: 366.95|CED: 2.32  |CTD: 541.42|
| 14        | -367.0    | 0.5474    |

Discovery Execution Time: 0:00:06.753850
Simulation Execution Time: 0:00:11.509811
|           |MTR: 0.0   |TAR: 0.266 |WTR: 2.845 |
|           |AED: 222.51|RED: 364.28|CED: 2.42  |CTD: 542.2 |
| 15        | -364.3    | 0.6972    |

Discovery Execution Time: 0:00:06.727863
Simulation Execution Time: 0:00:11.289344
|           |MTR: 0.0   |TAR: 0.253 |WTR: 2.764 |
|           |AED: 224.4 |RED: 370.82|CED: 2.39  |CTD: 541.9 |
| 16        | -370.8    | 0.6973    |

Discovery Execution Time: 0:00:06.605615
Simulation Execution Time: 0:00:11.399193
|           |MTR: 0.0   |TAR: 0.304 |WTR: 2.753 |
|           |AED: 230.16|RED: 376.98|CED: 2.41  |CTD: 524.13|
| 17        | -377.0    | 0.6971    |

Discovery Execution Time: 0:00:06.619881
Simulation Execution Time: 0:00:11.711728
|           |MTR: 0.0   |TAR: 0.243 |WTR: 2.662 |
|           |AED: 223.62|RED: 361.51|CED: 2.42  |CTD: 530.05|
| 18        | -361.5    | 0.6975    |

Discovery Execution Time: 0:00:06.334034
Simulation Execution Time: 0:00:11.315289
|           |MTR: 0.0   |TAR: 0.252 |WTR: 2.758 |
|           |AED: 224.88|RED: 364.88|CED: 2.41  |CTD: 532.62|
| 19        | -364.9    | 0.5476    |

Discovery Execution Time: 0:00:06.397463
Simulation Execution Time: 0:00:11.467033
|           |MTR: 0.0   |TAR: 0.253 |WTR: 2.734 |
|           |AED: 227.53|RED: 374.73|CED: 2.33  |CTD: 535.63|
| 20        | -374.7    | 0.5478    |

Discovery Execution Time: 0:00:05.681749
Simulation Execution Time: 0:00:10.580880
|           |MTR: 0.0   |TAR: 0.231 |WTR: 2.724 |
|           |AED: 259.34|RED: 413.95|CED: 1.61  |CTD: 539.42|
| 21        | -414.0    | 0.2171    |

Discovery Execution Time: 0:00:07.166391
Simulation Execution Time: 0:00:11.524454
|           |MTR: 0.0   |TAR: 0.267 |WTR: 2.781 |
|           |AED: 224.99|RED: 372.35|CED: 2.32  |CTD: 535.72|
| 22        | -372.4    | 0.9731    |

Discovery Execution Time: 0:00:07.260326
Simulation Execution Time: 0:00:11.849579
|           |MTR: 0.0   |TAR: 0.282 |WTR: 2.816 |
|           |AED: 224.52|RED: 368.47|CED: 2.32  |CTD: 540.3 |
| 23        | -368.5    | 0.9721    |

