Simulation Execution Time: 0:00:12.860627
|           |MTR: 0.0   |TAR: 0.239 |WTR: 2.236 |
|           |AED: 132.77|RED: 189.67|CED: 8.61  |CTD: 331.09|
| 24        | -189.7    | 0.8265    |

Discovery Execution Time: 0:00:07.860452
Simulation Execution Time: 0:00:12.900890
|           |MTR: 0.0   |TAR: 0.228 |WTR: 2.169 |
|           |AED: 108.78|RED: 193.72|CED: 8.61  |CTD: 275.25|
| 25        | -193.7    | 0.8263    |

Discovery Execution Time: 0:00:07.816962
Simulation Execution Time: 0:00:12.835120
|           |MTR: 0.0   |TAR: 0.228 |WTR: 2.249 |
|           |AED: 132.12|RED: 186.43|CED: 8.61  |CTD: 345.05| <-------------- Best results ---------------
| 26        | -186.4    | 0.8278    |                         <-------------- Best results ---------------

Discovery Execution Time: 0:00:07.857550
Simulation Execution Time: 0:00:12.869684
|           |MTR: 0.0   |TAR: 0.243 |WTR: 2.252 |
|           |AED: 171.8 |RED: 194.23|CED: 8.63  |CTD: 390.24|
| 27        | -194.2    | 0.828     |

Discovery Execution Time: 0:00:07.777449
Simulation Execution Time: 0:00:12.886062
|           |MTR: 0.0   |TAR: 0.229 |WTR: 2.226 |
|           |AED: 148.69|RED: 195.86|CED: 8.61  |CTD: 332.7 |
| 28        | -195.9    | 0.8261    |

Discovery Execution Time: 0:00:07.754910
Simulation Execution Time: 0:00:12.814260
|           |MTR: 0.0   |TAR: 0.253 |WTR: 2.217 |
|           |AED: 128.46|RED: 189.85|CED: 8.64  |CTD: 310.87|
| 29        | -189.9    | 0.8282    |

Discovery Execution Time: 0:00:07.825016
Simulation Execution Time: 0:00:12.769289
|           |MTR: 0.0   |TAR: 0.252 |WTR: 2.177 |
|           |AED: 119.48|RED: 193.36|CED: 8.63  |CTD: 294.37|
| 30        | -193.4    | 0.8284    |
=====================================
Best result: {'angle': 0.8278217910891869}; f(x) = -186.43021198579825.

++++++++++++++ CRISP HYPERPARAMETER TUNNING - loan_application process +++++++++++++++++++++++
Calendar Type 3, Even Resource Workload: False
|   iter    |  target   | confid... | partic... |  support  |
-------------------------------------------------------------

Discovery Execution Time: 0:00:21.006920
Simulation Execution Time: 0:00:01.622234
|           |MTR: 0.704 |TAR: 0.227 |WTR: 0.556 |
|           |AED: 885.32|RED: 890.05|CED: 0.15  |CTD: 1269.24|
| 1         | -890.0    | 0.9703    | 0.5925    | 0.9754    |

Discovery Execution Time: 0:00:22.520550
Simulation Execution Time: 0:00:01.619545
|           |MTR: 0.611 |TAR: 0.15  |WTR: 1.146 |
|           |AED: 757.33|RED: 759.31|CED: 0.79  |CTD: 984.51|
| 2         | -759.3    | 0.7433    | 0.728     | 0.2945    |

Discovery Execution Time: 0:00:20.581597
Simulation Execution Time: 0:00:01.594802
|           |MTR: 0.259 |TAR: 0.249 |WTR: 1.387 |
|           |AED: 871.13|RED: 880.28|CED: 0.53  |CTD: 1244.0|
| 3         | -880.3    | 0.9786    | 0.1056    | 0.3277    |

Discovery Execution Time: 0:00:20.947463
Simulation Execution Time: 0:00:01.620244
|           |MTR: 0.741 |TAR: 0.425 |WTR: 0.782 |
|           |AED: 866.02|RED: 868.25|CED: 0.4   |CTD: 1219.21|
| 4         | -868.3    | 0.4913    | 0.8014    | 0.2779    |

Discovery Execution Time: 0:00:17.244276
Simulation Execution Time: 0:00:01.515061
|           |MTR: 0.944 |TAR: 0.453 |WTR: 0.707 |
|           |AED: 878.86|RED: 879.93|CED: 0.6   |CTD: 1245.49|
| 5         | -879.9    | 0.8767    | 0.9851    | 0.2475    |

Discovery Execution Time: 0:00:24.015557
Simulation Execution Time: 0:00:01.618196
|           |MTR: 0.167 |TAR: 0.233 |WTR: 1.303 |
|           |AED: 727.72|RED: 731.06|CED: 0.53  |CTD: 924.27| <-------------- Best results ---------------
| 6         | -731.1    | 0.7184    | 0.2325    | 0.5855    | <-------------- Best results ---------------

Discovery Execution Time: 0:00:17.944175
Simulation Execution Time: 0:00:01.560555
|           |MTR: 0.926 |TAR: 0.119 |WTR: 0.48  |
|           |AED: 843.05|RED: 842.72|CED: 0.23  |CTD: 1166.14|
| 7         | -842.7    | 0.4743    | 0.976     | 0.7027    |

Discovery Execution Time: 0:00:23.931677
Simulation Execution Time: 0:00:01.611775
|           |MTR: 0.593 |TAR: 0.167 |WTR: 0.617 |
|           |AED: 779.21|RED: 781.26|CED: 0.25  |CTD: 1032.22|
| 8         | -781.3    | 0.605     | 0.6785    | 0.8384    |

Discovery Execution Time: 0:00:25.213821
Simulation Execution Time: 0:00:01.612732
|           |MTR: 0.296 |TAR: 0.248 |WTR: 0.691 |
|           |AED: 880.63|RED: 883.39|CED: 0.33  |CTD: 1254.9|
| 9         | -883.4    | 0.6559    | 0.4143    | 0.7722    |

Discovery Execution Time: 0:00:22.956927
Simulation Execution Time: 0:00:01.612860
|           |MTR: 0.148 |TAR: 0.289 |WTR: 0.968 |
|           |AED: 815.6 |RED: 821.84|CED: 0.21  |CTD: 1114.46|
| 10        | -821.8    | 0.3423    | 0.251     | 0.7498    |

Discovery Execution Time: 0:00:20.403682
Simulation Execution Time: 0:00:01.615467
|           |MTR: 0.796 |TAR: 0.286 |WTR: 0.715 |
|           |AED: 882.76|RED: 893.18|CED: 0.54  |CTD: 1265.23|
| 11        | -893.2    | 0.9139    | 0.7404    | 0.5551    |

Discovery Execution Time: 0:00:24.241235
Simulation Execution Time: 0:00:01.618688
|           |MTR: 0.556 |TAR: 0.15  |WTR: 0.746 |
|           |AED: 876.84|RED: 879.13|CED: 0.26  |CTD: 1247.44|
| 12        | -879.1    | 0.5491    | 0.6559    | 0.8262    |

Discovery Execution Time: 0:00:25.102372
Simulation Execution Time: 0:00:01.634636
|           |MTR: 0.444 |TAR: 0.215 |WTR: 0.628 |
|           |AED: 794.81|RED: 802.36|CED: 0.29  |CTD: 1068.68|
| 13        | -802.4    | 0.4041    | 0.5395    | 0.7736    |

Discovery Execution Time: 0:00:19.379069
Simulation Execution Time: 0:00:01.557875
|           |MTR: 0.741 |TAR: 0.196 |WTR: 0.976 |
|           |AED: 882.62|RED: 884.18|CED: 0.65  |CTD: 1258.78|
| 14        | -884.2    | 0.6366    | 0.7818    | 0.2349    |

Discovery Execution Time: 0:00:22.919251
Simulation Execution Time: 0:00:01.636854
|           |MTR: 0.556 |TAR: 0.201 |WTR: 0.805 |
|           |AED: 813.31|RED: 813.92|CED: 0.21  |CTD: 1090.24|
| 15        | -813.9    | 0.2972    | 0.6464    | 0.9028    |

Discovery Execution Time: 0:00:23.046854
Simulation Execution Time: 0:00:01.651193
|           |MTR: 0.111 |TAR: 0.308 |WTR: 0.975 |
|           |AED: 825.17|RED: 822.04|CED: 0.19  |CTD: 1104.58|
| 16        | -822.0    | 0.6787    | 0.1633    | 0.8667    |

Discovery Execution Time: 0:00:20.630125
Simulation Execution Time: 0:00:01.587748
|           |MTR: 0.778 |TAR: 0.156 |WTR: 0.42  |
|           |AED: 888.89|RED: 889.24|CED: 0.53  |CTD: 1267.98|
| 17        | -889.2    | 0.7314    | 0.8669    | 0.6407    |

Discovery Execution Time: 0:00:20.651898
Simulation Execution Time: 0:00:01.571962
|           |MTR: 0.741 |TAR: 0.125 |WTR: 0.844 |
|           |AED: 890.45|RED: 887.12|CED: 0.62  |CTD: 1265.54|
| 18        | -887.1    | 0.6357    | 0.7974    | 0.4897    |

Discovery Execution Time: 0:00:23.904660
Simulation Execution Time: 0:00:01.634570
|           |MTR: 0.296 |TAR: 0.251 |WTR: 0.716 |
|           |AED: 847.5 |RED: 846.69|CED: 0.17  |CTD: 1165.99|
| 19        | -846.7    | 0.5475    | 0.3558    | 0.9537    |

Discovery Execution Time: 0:00:25.417359
Simulation Execution Time: 0:00:01.667156
|           |MTR: 0.259 |TAR: 0.217 |WTR: 1.184 |
|           |AED: 880.96|RED: 884.73|CED: 0.53  |CTD: 1260.18|
| 20        | -884.7    | 0.5254    | 0.3091    | 0.3222    |

Discovery Execution Time: 0:00:17.969665
Simulation Execution Time: 0:00:01.582514
|           |MTR: 0.944 |TAR: 0.195 |WTR: 0.171 |
|           |AED: 883.45|RED: 887.56|CED: 0.43  |CTD: 1265.23|
| 21        | -887.6    | 0.8325    | 0.9875    | 0.6512    |

Discovery Execution Time: 0:00:22.139230
Simulation Execution Time: 0:00:01.638049
|           |MTR: 0.444 |TAR: 0.212 |WTR: 1.009 |
|           |AED: 793.77|RED: 797.37|CED: 0.2   |CTD: 1084.18|
| 22        | -797.4    | 0.1281    | 0.5714    | 0.4969    |

Discovery Execution Time: 0:00:20.362051
Simulation Execution Time: 0:00:01.597091
|           |MTR: 0.741 |TAR: 0.233 |WTR: 0.64  |
|           |AED: 810.83|RED: 816.16|CED: 0.31  |CTD: 1106.43|
| 23        | -816.2    | 0.4405    | 0.7758    | 0.1594    |

Discovery Execution Time: 0:00:22.460020
Simulation Execution Time: 0:00:01.611121
|           |MTR: 0.667 |TAR: 0.213 |WTR: 0.513 |
|           |AED: 888.33|RED: 889.23|CED: 0.14  |CTD: 1268.92|
| 24        | -889.2    | 0.8584    | 0.6547    | 0.9286    |

Discovery Execution Time: 0:00:24.263161
Simulation Execution Time: 0:00:01.635327
|           |MTR: 0.296 |TAR: 0.287 |WTR: 0.918 |
|           |AED: 797.55|RED: 803.51|CED: 0.28  |CTD: 1074.29|
| 25        | -803.5    | 0.3845    | 0.4424    | 0.6826    |

Discovery Execution Time: 0:00:22.041314
Simulation Execution Time: 0:00:01.637940
|           |MTR: 0.148 |TAR: 0.286 |WTR: 1.303 |
|           |AED: 817.57|RED: 817.38|CED: 0.15  |CTD: 1103.95|
| 26        | -817.4    | 0.2334    | 0.2346    | 0.6752    |

Discovery Execution Time: 0:00:21.754267
Simulation Execution Time: 0:00:01.625167
|           |MTR: 0.778 |TAR: 0.111 |WTR: 0.512 |
|           |AED: 874.76|RED: 874.74|CED: 0.28  |CTD: 1238.84|
| 27        | -874.7    | 0.6795    | 0.8721    | 0.7755    |

Discovery Execution Time: 0:00:20.897465
Simulation Execution Time: 0:00:01.599360
|           |MTR: 0.778 |TAR: 0.136 |WTR: 0.583 |
|           |AED: 801.57|RED: 805.46|CED: 0.21  |CTD: 1098.62|
| 28        | -805.5    | 0.3467    | 0.8854    | 0.8862    |

Discovery Execution Time: 0:00:21.695427
Simulation Execution Time: 0:00:01.644753
|           |MTR: 0.148 |TAR: 0.298 |WTR: 0.979 |
|           |AED: 810.41|RED: 814.07|CED: 0.18  |CTD: 1095.55|
| 29        | -814.1    | 0.2854    | 0.2676    | 0.9094    |

Discovery Execution Time: 0:00:22.439849
Simulation Execution Time: 0:00:01.611695
|           |MTR: 0.593 |TAR: 0.213 |WTR: 0.986 |
|           |AED: 885.47|RED: 885.82|CED: 0.6   |CTD: 1263.15|
| 30        | -885.8    | 0.6349    | 0.6855    | 0.2017    |
=============================================================
Best result: {'confidence': 0.7183811376307931, 'participation': 0.23250284014579278, 'support': 0.5855244654191251}; f(x) = -731.0646624306283.