Discovery Execution Time: 0:00:05.176767
Simulation Execution Time: 0:00:06.348400
|           |MTR: 0.0   |TAR: 0.174 |WTR: 1.278 |
|           |AED: 7.82  |RED: 8.34  |CED: 0.44  |CTD: 17.11 |
| 23        | -8.341    | 0.5565    |

Discovery Execution Time: 0:00:05.309993
Simulation Execution Time: 0:00:06.328152
|           |MTR: 0.0   |TAR: 0.188 |WTR: 1.311 |
|           |AED: 7.46  |RED: 8.28  |CED: 0.48  |CTD: 16.86 |
| 24        | -8.279    | 0.5589    |

Discovery Execution Time: 0:00:05.231978
Simulation Execution Time: 0:00:06.312114
|           |MTR: 0.0   |TAR: 0.176 |WTR: 1.274 |
|           |AED: 6.03  |RED: 8.16  |CED: 0.53  |CTD: 16.94 |
| 25        | -8.164    | 0.5597    |

Discovery Execution Time: 0:00:05.271058
Simulation Execution Time: 0:00:06.312588
|           |MTR: 0.0   |TAR: 0.177 |WTR: 1.312 |
|           |AED: 7.69  |RED: 8.19  |CED: 0.49  |CTD: 16.91 |
| 26        | -8.194    | 0.5602    |

Discovery Execution Time: 0:00:05.240945
Simulation Execution Time: 0:00:06.188071
|           |MTR: 0.0   |TAR: 0.18  |WTR: 1.27  |
|           |AED: 6.42  |RED: 8.05  |CED: 0.48  |CTD: 16.7  |
| 27        | -8.054    | 0.5608    |

Discovery Execution Time: 0:00:05.257455
Simulation Execution Time: 0:00:06.369748
|           |MTR: 0.0   |TAR: 0.174 |WTR: 1.313 |
|           |AED: 8.66  |RED: 8.45  |CED: 0.47  |CTD: 17.35 |
| 28        | -8.453    | 0.5614    |

Discovery Execution Time: 0:00:05.277661
Simulation Execution Time: 0:00:06.490975
|           |MTR: 0.0   |TAR: 0.147 |WTR: 1.529 |
|           |AED: 8.66  |RED: 10.68 |CED: 0.66  |CTD: 21.04 |
| 29        | -10.68    | 0.8617    |

Discovery Execution Time: 0:00:05.276432
Simulation Execution Time: 0:00:06.410007
|           |MTR: 0.0   |TAR: 0.163 |WTR: 1.394 |
|           |AED: 9.99  |RED: 9.58  |CED: 0.55  |CTD: 19.26 |
| 30        | -9.576    | 0.6798    |
=====================================
Best result: {'angle': 0.5569463029721111}; f(x) = -7.819565907342042.

++++++++++++++ CRISP HYPERPARAMETER TUNNING - loan_application process +++++++++++++++++++++++
Calendar Type 1, Even Resource Workload: False
|   iter    |  target   | confid... | partic... |  support  |
-------------------------------------------------------------

Discovery Execution Time: 0:00:20.343595
Simulation Execution Time: 0:00:01.692557
|           |MTR: 0.648 |TAR: 0.039 |WTR: 0.045 |
|           |AED: 8.42  |RED: 2.6   |CED: 1.23  |CTD: 3.99  |
| 1         | -2.597    | 0.9703    | 0.5925    | 0.9754    |

Discovery Execution Time: 0:00:20.600323
Simulation Execution Time: 0:00:01.655905
|           |MTR: 0.685 |TAR: 0.077 |WTR: 0.132 |
|           |AED: 8.33  |RED: 9.02  |CED: 1.38  |CTD: 19.37 |
| 2         | -9.022    | 0.7433    | 0.728     | 0.2945    |

Discovery Execution Time: 0:00:21.303496
Simulation Execution Time: 0:00:01.665152
|           |MTR: 0.185 |TAR: 0.131 |WTR: 0.394 |
|           |AED: 13.18 |RED: 13.47 |CED: 1.48  |CTD: 38.29 |
| 3         | -13.47    | 0.9786    | 0.1056    | 0.3277    |

Discovery Execution Time: 0:00:19.151595
Simulation Execution Time: 0:00:01.643682
|           |MTR: 0.741 |TAR: 0.254 |WTR: 0.262 |
|           |AED: 6.69  |RED: 5.6   |CED: 1.38  |CTD: 10.98 |
| 4         | -5.603    | 0.4913    | 0.8014    | 0.2779    |

Discovery Execution Time: 0:00:14.653152
Simulation Execution Time: 0:00:01.559808
|           |MTR: 0.963 |TAR: 0.0   |WTR: 0.015 |
|           |AED: 8.12  |RED: 6.61  |CED: 1.25  |CTD: 18.22 |
| 5         | -6.611    | 0.8767    | 0.9851    | 0.2475    |

Discovery Execution Time: 0:00:22.289873
Simulation Execution Time: 0:00:01.718377
|           |MTR: 0.241 |TAR: 0.142 |WTR: 0.407 |
|           |AED: 8.56  |RED: 5.06  |CED: 1.43  |CTD: 13.23 |
| 6         | -5.06     | 0.7184    | 0.2325    | 0.5855    |

Discovery Execution Time: 0:00:17.627596
Simulation Execution Time: 0:00:01.611217
|           |MTR: 0.926 |TAR: 0.13  |WTR: 0.207 |
|           |AED: 7.0   |RED: 3.56  |CED: 1.22  |CTD: 6.96  |
| 7         | -3.556    | 0.4743    | 0.976     | 0.7027    |

Discovery Execution Time: 0:00:22.395276
Simulation Execution Time: 0:00:01.662965
|           |MTR: 0.593 |TAR: 0.15  |WTR: 0.296 |
|           |AED: 6.59  |RED: 2.87  |CED: 1.04  |CTD: 4.7   |
| 8         | -2.869    | 0.605     | 0.6785    | 0.8384    |

Discovery Execution Time: 0:00:24.498671
Simulation Execution Time: 0:00:01.722276
|           |MTR: 0.296 |TAR: 0.191 |WTR: 0.356 |
|           |AED: 6.16  |RED: 2.57  |CED: 1.18  |CTD: 5.02  |
| 9         | -2.572    | 0.6559    | 0.4143    | 0.7722    |

Discovery Execution Time: 0:00:22.834294
Simulation Execution Time: 0:00:01.748829
|           |MTR: 0.148 |TAR: 0.253 |WTR: 0.396 |
|           |AED: 5.79  |RED: 3.64  |CED: 1.05  |CTD: 8.12  |
| 10        | -3.638    | 0.3423    | 0.251     | 0.7498    |

Discovery Execution Time: 0:00:18.514193
Simulation Execution Time: 0:00:01.632259
|           |MTR: 0.741 |TAR: 0.183 |WTR: 0.28  |
|           |AED: 5.23  |RED: 3.0   |CED: 0.88  |CTD: 6.9   |
| 11        | -3.005    | 0.1       | 0.8117    | 1.0       |

Discovery Execution Time: 0:00:22.857970
Simulation Execution Time: 0:00:01.689213
|           |MTR: 0.556 |TAR: 0.183 |WTR: 0.34  |
|           |AED: 8.01  |RED: 2.93  |CED: 1.21  |CTD: 4.89  |
| 12        | -2.934    | 0.5491    | 0.6559    | 0.8262    |

Discovery Execution Time: 0:00:20.236160
Simulation Execution Time: 0:00:01.679166
|           |MTR: 0.148 |TAR: 0.189 |WTR: 0.267 |
|           |AED: 6.61  |RED: 2.6   |CED: 1.02  |CTD: 3.72  |
| 13        | -2.597    | 0.7295    | 0.1       | 1.0       |

Discovery Execution Time: 0:00:19.519185
Simulation Execution Time: 0:00:01.622296
|           |MTR: 0.741 |TAR: 0.161 |WTR: 0.237 |
|           |AED: 7.59  |RED: 7.54  |CED: 1.54  |CTD: 14.3  |
| 14        | -7.536    | 0.6366    | 0.7818    | 0.2349    |

Discovery Execution Time: 0:00:15.273398
Simulation Execution Time: 0:00:01.591018
|           |MTR: 0.926 |TAR: 0.125 |WTR: 0.088 |
|           |AED: 9.02  |RED: 1.91  |CED: 0.82  |CTD: 2.16  | <--------------------- Best Result --------------
| 15        | -1.914    | 0.1       | 1.0       | 0.1       | <--------------------- Best Result --------------

Discovery Execution Time: 0:00:22.328063
Simulation Execution Time: 0:00:01.732293
|           |MTR: 0.148 |TAR: 0.257 |WTR: 0.433 |
|           |AED: 6.56  |RED: 2.92  |CED: 1.09  |CTD: 5.57  |
| 16        | -2.919    | 0.6787    | 0.1633    | 0.8667    |

Discovery Execution Time: 0:00:22.003429
Simulation Execution Time: 0:00:01.685649
|           |MTR: 0.296 |TAR: 0.218 |WTR: 0.26  |
|           |AED: 6.46  |RED: 2.5   |CED: 1.02  |CTD: 2.86  |
| 17        | -2.495    | 0.1       | 0.4014    | 0.1       |

Discovery Execution Time: 0:00:16.161310
Simulation Execution Time: 0:00:01.600100
|           |MTR: 0.981 |TAR: 0.0   |WTR: 0.0   |
|           |AED: 6.27  |RED: 6.8   |CED: 1.15  |CTD: 13.95 |
| 18        | -6.802    | 1.0       | 1.0       | 1.0       |

Discovery Execution Time: 0:00:15.145902
Simulation Execution Time: 0:00:01.554954
|           |MTR: 0.926 |TAR: 0.126 |WTR: 0.112 |
|           |AED: 9.78  |RED: 2.01  |CED: 0.79  |CTD: 2.45  |
| 19        | -2.01     | 0.1       | 1.0       | 0.5225    |

Discovery Execution Time: 0:00:21.067662
Simulation Execution Time: 0:00:01.653158
|           |MTR: 0.5   |TAR: 0.133 |WTR: 0.205 |
|           |AED: 7.78  |RED: 2.89  |CED: 1.13  |CTD: 3.65  |
| 20        | -2.895    | 0.1       | 0.602     | 0.4652    |

Discovery Execution Time: 0:00:15.823187
Simulation Execution Time: 0:00:01.618349
|           |MTR: 0.963 |TAR: 0.0   |WTR: 0.146 |
|           |AED: 8.91  |RED: 2.84  |CED: 1.61  |CTD: 4.25  |
| 21        | -2.84     | 0.8325    | 0.9875    | 0.6512    |

Discovery Execution Time: 0:00:20.154586
Simulation Execution Time: 0:00:01.686386
|           |MTR: 0.148 |TAR: 0.184 |WTR: 0.289 |
|           |AED: 7.83  |RED: 2.43  |CED: 1.01  |CTD: 3.51  |
| 22        | -2.428    | 0.7306    | 0.1078    | 0.9958    |

Discovery Execution Time: 0:00:19.891648
Simulation Execution Time: 0:00:01.626752
|           |MTR: 0.685 |TAR: 0.171 |WTR: 0.39  |
|           |AED: 6.29  |RED: 5.99  |CED: 1.38  |CTD: 13.24 |
| 23        | -5.986    | 0.4405    | 0.7758    | 0.1594    |

Discovery Execution Time: 0:00:22.258284
Simulation Execution Time: 0:00:01.749781
|           |MTR: 0.315 |TAR: 0.153 |WTR: 0.139 |
|           |AED: 5.42  |RED: 3.02  |CED: 1.13  |CTD: 4.78  |
| 24        | -3.018    | 0.9895    | 0.2752    | 0.9753    |

Discovery Execution Time: 0:00:24.456440
Simulation Execution Time: 0:00:01.703752
|           |MTR: 0.352 |TAR: 0.197 |WTR: 0.403 |
|           |AED: 6.91  |RED: 3.13  |CED: 1.11  |CTD: 6.56  |
| 25        | -3.131    | 0.3845    | 0.4424    | 0.6826    |

Discovery Execution Time: 0:00:22.403371
Simulation Execution Time: 0:00:01.698160
|           |MTR: 0.148 |TAR: 0.261 |WTR: 0.392 |
|           |AED: 5.18  |RED: 2.43  |CED: 0.96  |CTD: 4.76  |
| 26        | -2.434    | 0.2334    | 0.2346    | 0.6752    |

Discovery Execution Time: 0:00:20.200230
Simulation Execution Time: 0:00:01.662595
|           |MTR: 0.0   |TAR: 0.298 |WTR: 0.509 |
|           |AED: 8.58  |RED: 2.4   |CED: 0.98  |CTD: 2.82  |
| 27        | -2.401    | 0.1       | 0.1       | 0.3386    |

Discovery Execution Time: 0:00:21.668016
Simulation Execution Time: 0:00:01.656581
|           |MTR: 0.333 |TAR: 0.221 |WTR: 0.314 |
|           |AED: 6.85  |RED: 3.54  |CED: 1.0   |CTD: 6.8   |
| 28        | -3.545    | 0.6993    | 0.4362    | 0.9963    |

Discovery Execution Time: 0:00:22.451943
Simulation Execution Time: 0:00:01.698454
|           |MTR: 0.296 |TAR: 0.221 |WTR: 0.315 |
|           |AED: 6.3   |RED: 2.77  |CED: 0.97  |CTD: 4.49  |
| 29        | -2.774    | 0.1034    | 0.4218    | 0.9999    |

Discovery Execution Time: 0:00:20.321870
Simulation Execution Time: 0:00:01.617963
|           |MTR: 0.0   |TAR: 0.311 |WTR: 0.488 |
|           |AED: 10.47 |RED: 2.5   |CED: 1.0   |CTD: 2.85  |
| 30        | -2.498    | 0.1       | 0.1       | 1.0       |
=============================================================
Best result: {'confidence': 0.1, 'participation': 1.0, 'support': 0.1}; f(x) = -1.9142928561833905.