|           |MTR: 0.0   |TAR: 0.232 |WTR: 2.103 |
|           |AED: 114.99|RED: 98.32 |CED: 8.09  |CTD: 162.36|
| 23        | -98.32    | 0.9735    |

Discovery Execution Time: 0:00:06.081938
Simulation Execution Time: 0:00:09.789079
|           |MTR: 0.0   |TAR: 0.229 |WTR: 2.109 |
|           |AED: 126.56|RED: 106.14|CED: 8.08  |CTD: 171.06|
| 24        | -106.1    | 0.9735    |

Discovery Execution Time: 0:00:05.910585
Simulation Execution Time: 0:00:10.064463
|           |MTR: 0.0   |TAR: 0.228 |WTR: 2.142 |
|           |AED: 134.2 |RED: 112.97|CED: 8.09  |CTD: 182.83|
| 25        | -113.0    | 0.9671    |

Discovery Execution Time: 0:00:06.143570
Simulation Execution Time: 0:00:10.060126
|           |MTR: 0.0   |TAR: 0.216 |WTR: 2.137 |
|           |AED: 152.16|RED: 133.54|CED: 8.05  |CTD: 193.28|
| 26        | -133.5    | 0.9736    |

Discovery Execution Time: 0:00:06.070108
Simulation Execution Time: 0:00:10.005578
|           |MTR: 0.0   |TAR: 0.217 |WTR: 2.074 |
|           |AED: 147.75|RED: 121.47|CED: 8.05  |CTD: 189.86|
| 27        | -121.5    | 0.9726    |

Discovery Execution Time: 0:00:06.034629
Simulation Execution Time: 0:00:10.060885
|           |MTR: 0.0   |TAR: 0.238 |WTR: 2.061 |
|           |AED: 120.74|RED: 98.93 |CED: 8.06  |CTD: 174.93|
| 28        | -98.93    | 0.9732    |

Discovery Execution Time: 0:00:05.986787
Simulation Execution Time: 0:00:09.809351
|           |MTR: 0.0   |TAR: 0.226 |WTR: 2.064 |
|           |AED: 121.0 |RED: 103.9 |CED: 8.1   |CTD: 170.14|
| 29        | -103.9    | 0.9734    |

Discovery Execution Time: 0:00:06.077096
Simulation Execution Time: 0:00:09.901935
|           |MTR: 0.0   |TAR: 0.23  |WTR: 2.11  |
|           |AED: 140.35|RED: 122.94|CED: 8.07  |CTD: 179.91|
| 30        | -122.9    | 0.9734    |
=====================================
Best result: {'angle': 0.9670298390136767}; f(x) = -95.58481706182972.

++++++++++++++ CRISP HYPERPARAMETER TUNNING - loan_application process +++++++++++++++++++++++
Calendar Type 2, Even Resource Workload: False
|   iter    |  target   | confid... | partic... |  support  |
-------------------------------------------------------------

Discovery Execution Time: 0:00:20.054434
Simulation Execution Time: 0:00:01.632041
|           |MTR: 0.667 |TAR: 0.205 |WTR: 0.544 |
|           |AED: 189.12|RED: 191.67|CED: 0.21  |CTD: 428.38|
| 1         | -191.7    | 0.9703    | 0.5925    | 0.9754    |

Discovery Execution Time: 0:00:21.081458
Simulation Execution Time: 0:00:01.592604
|           |MTR: 0.648 |TAR: 0.151 |WTR: 1.223 |
|           |AED: 262.64|RED: 265.1 |CED: 0.54  |CTD: 605.85|
| 2         | -265.1    | 0.7433    | 0.728     | 0.2945    |

Discovery Execution Time: 0:00:21.095640
Simulation Execution Time: 0:00:01.546413
|           |MTR: 0.278 |TAR: 0.2   |WTR: 1.557 |
|           |AED: 247.48|RED: 258.8 |CED: 0.93  |CTD: 591.39|
| 3         | -258.8    | 0.9786    | 0.1056    | 0.3277    |

Discovery Execution Time: 0:00:19.587782
Simulation Execution Time: 0:00:01.627863
|           |MTR: 0.741 |TAR: 0.241 |WTR: 0.613 |
|           |AED: 202.47|RED: 202.88|CED: 0.17  |CTD: 452.0 |
| 4         | -202.9    | 0.4913    | 0.8014    | 0.2779    |

Discovery Execution Time: 0:00:15.780859
Simulation Execution Time: 0:00:01.562123
|           |MTR: 0.926 |TAR: 0.053 |WTR: 0.84  |
|           |AED: 176.03|RED: 177.39|CED: 0.79  |CTD: 409.59|
| 5         | -177.4    | 0.8767    | 0.9851    | 0.2475    |

Discovery Execution Time: 0:00:22.746119
Simulation Execution Time: 0:00:01.672659
|           |MTR: 0.222 |TAR: 0.262 |WTR: 1.417 |
|           |AED: 262.33|RED: 266.57|CED: 0.53  |CTD: 609.53|
| 6         | -266.6    | 0.7184    | 0.2325    | 0.5855    |

Discovery Execution Time: 0:00:17.274732
Simulation Execution Time: 0:00:01.573317
|           |MTR: 0.926 |TAR: 0.028 |WTR: 0.393 |
|           |AED: 191.03|RED: 197.18|CED: 0.16  |CTD: 442.56|
| 7         | -197.2    | 0.4743    | 0.976     | 0.7027    |

Discovery Execution Time: 0:00:23.998434
Simulation Execution Time: 0:00:01.691424
|           |MTR: 0.593 |TAR: 0.122 |WTR: 0.493 |
|           |AED: 192.18|RED: 194.32|CED: 0.18  |CTD: 437.42|
| 8         | -194.3    | 0.605     | 0.6785    | 0.8384    |

Discovery Execution Time: 0:00:25.387377
Simulation Execution Time: 0:00:01.689447
|           |MTR: 0.315 |TAR: 0.197 |WTR: 0.788 |
|           |AED: 267.03|RED: 271.13|CED: 0.17  |CTD: 614.11|
| 9         | -271.1    | 0.6559    | 0.4143    | 0.7722    |

Discovery Execution Time: 0:00:23.197379
Simulation Execution Time: 0:00:01.651907
|           |MTR: 0.148 |TAR: 0.302 |WTR: 0.553 |
|           |AED: 191.36|RED: 194.41|CED: 0.16  |CTD: 434.82|
| 10        | -194.4    | 0.3423    | 0.251     | 0.7498    |

Discovery Execution Time: 0:00:18.842631
Simulation Execution Time: 0:00:01.617470
|           |MTR: 0.778 |TAR: 0.146 |WTR: 1.197 |
|           |AED: 260.83|RED: 276.58|CED: 0.64  |CTD: 621.68|
| 11        | -276.6    | 0.9139    | 0.7404    | 0.5551    |

Discovery Execution Time: 0:00:22.984014
Simulation Execution Time: 0:00:01.651074
|           |MTR: 0.556 |TAR: 0.127 |WTR: 0.581 |
|           |AED: 188.87|RED: 194.18|CED: 0.18  |CTD: 432.51|
| 12        | -194.2    | 0.5491    | 0.6559    | 0.8262    |

Discovery Execution Time: 0:00:14.682511
Simulation Execution Time: 0:00:01.556029
|           |MTR: 0.926 |TAR: 0.083 |WTR: 0.626 |
|           |AED: 146.09|RED: 159.91|CED: 1.1   |CTD: 362.77|
| 13        | -159.9    | 0.9796    | 0.9968    | 0.1133    |

Discovery Execution Time: 0:00:19.536974
Simulation Execution Time: 0:00:01.620341
|           |MTR: 0.741 |TAR: 0.112 |WTR: 1.029 |
|           |AED: 234.93|RED: 236.07|CED: 0.4   |CTD: 537.44|
| 14        | -236.1    | 0.6366    | 0.7818    | 0.2349    |

Discovery Execution Time: 0:00:18.915163
Simulation Execution Time: 0:00:01.627672
|           |MTR: 0.778 |TAR: 0.167 |WTR: 0.408 |
|           |AED: 196.57|RED: 199.53|CED: 0.17  |CTD: 450.12|
| 15        | -199.5    | 0.408     | 0.8366    | 1.0       |

Discovery Execution Time: 0:00:22.799188
Simulation Execution Time: 0:00:01.656707
|           |MTR: 0.204 |TAR: 0.256 |WTR: 0.698 |
|           |AED: 268.91|RED: 271.3 |CED: 0.2   |CTD: 613.9 |
| 16        | -271.3    | 0.6787    | 0.1633    | 0.8667    |

Discovery Execution Time: 0:00:22.109417
Simulation Execution Time: 0:00:01.613265
|           |MTR: 0.444 |TAR: 0.093 |WTR: 0.404 |
|           |AED: 203.5 |RED: 207.1 |CED: 0.21  |CTD: 462.52|
| 17        | -207.1    | 0.1211    | 0.5554    | 0.6187    |

Discovery Execution Time: 0:00:15.472664
Simulation Execution Time: 0:00:01.560642
|           |MTR: 0.926 |TAR: 0.131 |WTR: 0.417 |
|           |AED: 155.6 |RED: 158.3 |CED: 0.18  |CTD: 383.58| <-------------- Best results ---------------
| 18        | -158.3    | 0.2034    | 1.0       | 0.2616    | <-------------- Best results ---------------

Discovery Execution Time: 0:00:23.387301
Simulation Execution Time: 0:00:01.629886
|           |MTR: 0.296 |TAR: 0.216 |WTR: 0.548 |
|           |AED: 193.7 |RED: 194.52|CED: 0.18  |CTD: 432.82|
| 19        | -194.5    | 0.5475    | 0.3558    | 0.9537    |

Discovery Execution Time: 0:00:17.448468
Simulation Execution Time: 0:00:01.591445
|           |MTR: 0.741 |TAR: 0.084 |WTR: 0.523 |
|           |AED: 219.95|RED: 218.1 |CED: 0.2   |CTD: 491.11|
| 20        | -218.1    | 0.105     | 0.8121    | 0.1       |

Discovery Execution Time: 0:00:17.328690
Simulation Execution Time: 0:00:01.613435
|           |MTR: 0.926 |TAR: 0.05  |WTR: 0.494 |
|           |AED: 267.33|RED: 270.87|CED: 0.23  |CTD: 613.23|
| 21        | -270.9    | 0.8325    | 0.9875    | 0.6512    |

Discovery Execution Time: 0:00:14.843154
Simulation Execution Time: 0:00:01.575010
|           |MTR: 0.926 |TAR: 0.112 |WTR: 0.682 |
|           |AED: 160.33|RED: 170.66|CED: 1.08  |CTD: 392.58|
| 22        | -170.7    | 0.9741    | 0.9909    | 0.1108    |

Discovery Execution Time: 0:00:19.041368
Simulation Execution Time: 0:00:01.590315
|           |MTR: 0.741 |TAR: 0.14  |WTR: 0.366 |
|           |AED: 192.96|RED: 199.22|CED: 0.16  |CTD: 445.78|
| 23        | -199.2    | 0.4405    | 0.7758    | 0.1594    |

Discovery Execution Time: 0:00:20.967554
Simulation Execution Time: 0:00:01.636926
|           |MTR: 0.648 |TAR: 0.183 |WTR: 0.432 |
|           |AED: 232.74|RED: 241.51|CED: 0.22  |CTD: 546.33|
| 24        | -241.5    | 0.8584    | 0.6547    | 0.9286    |

Discovery Execution Time: 0:00:25.148942
Simulation Execution Time: 0:00:01.664674
|           |MTR: 0.296 |TAR: 0.255 |WTR: 0.55  |
|           |AED: 188.42|RED: 191.8 |CED: 0.14  |CTD: 430.2 |
| 25        | -191.8    | 0.3845    | 0.4424    | 0.6826    |

Discovery Execution Time: 0:00:22.036422
Simulation Execution Time: 0:00:01.667253
|           |MTR: 0.148 |TAR: 0.247 |WTR: 0.58  |
|           |AED: 204.96|RED: 205.13|CED: 0.15  |CTD: 460.02|
| 26        | -205.1    | 0.2334    | 0.2346    | 0.6752    |

Discovery Execution Time: 0:00:14.861868
Simulation Execution Time: 0:00:01.565017
|           |MTR: 0.926 |TAR: 0.115 |WTR: 0.62  |
|           |AED: 160.16|RED: 173.74|CED: 0.97  |CTD: 389.97|
| 27        | -173.7    | 0.9978    | 0.9845    | 0.158     |

Discovery Execution Time: 0:00:19.916637
Simulation Execution Time: 0:00:01.637040
|           |MTR: 0.778 |TAR: 0.094 |WTR: 0.33  |
|           |AED: 200.53|RED: 203.34|CED: 0.2   |CTD: 452.04|
| 28        | -203.3    | 0.3467    | 0.8854    | 0.8862    |

Discovery Execution Time: 0:00:15.248276
Simulation Execution Time: 0:00:01.542667
|           |MTR: 0.926 |TAR: 0.101 |WTR: 0.395 |
|           |AED: 158.44|RED: 164.6 |CED: 0.2   |CTD: 366.78|
| 29        | -164.6    | 0.2474    | 0.989     | 0.2232    |

Discovery Execution Time: 0:00:14.704805
Simulation Execution Time: 0:00:01.554238
|           |MTR: 0.926 |TAR: 0.12  |WTR: 0.399 |
|           |AED: 168.5 |RED: 168.41|CED: 0.2   |CTD: 382.18|
| 30        | -168.4    | 0.1744    | 1.0       | 0.1964    |
=============================================================
Best result: {'confidence': 0.2033988680714832, 'participation': 1.0, 'support': 0.26161300651385894}; f(x) = -158.30299009381392.