|           |MTR: 0.0   |TAR: 0.0   |WTR: 0.0   |
|           |AED: 4.22  |RED: 3.36  |CED: 0.0   |CTD: 9.01  |
| 23        | -3.356    | 0.9717    |

Discovery Execution Time: 0:00:05.046476
Simulation Execution Time: 0:00:07.168845
|           |MTR: 0.0   |TAR: 0.0   |WTR: 0.0   |
|           |AED: 4.19  |RED: 3.05  |CED: 0.0   |CTD: 10.22 |
| 24        | -3.046    | 0.9714    |

Discovery Execution Time: 0:00:05.057402
Simulation Execution Time: 0:00:07.225162
|           |MTR: 0.0   |TAR: 0.0   |WTR: 0.0   |
|           |AED: 3.89  |RED: 3.18  |CED: 0.0   |CTD: 9.06  |
| 25        | -3.176    | 0.9713    |

Discovery Execution Time: 0:00:05.087699
Simulation Execution Time: 0:00:07.133604
|           |MTR: 0.0   |TAR: 0.0   |WTR: 0.0   |
|           |AED: 4.66  |RED: 3.16  |CED: 0.0   |CTD: 9.26  |
| 26        | -3.163    | 0.9714    |

Discovery Execution Time: 0:00:05.130382
Simulation Execution Time: 0:00:07.095582
|           |MTR: 0.0   |TAR: 0.0   |WTR: 0.0   |
|           |AED: 4.28  |RED: 3.62  |CED: 0.0   |CTD: 8.61  |
| 27        | -3.622    | 0.9715    |

Discovery Execution Time: 0:00:05.101046
Simulation Execution Time: 0:00:07.018667
|           |MTR: 0.0   |TAR: 0.0   |WTR: 0.0   |
|           |AED: 4.49  |RED: 3.34  |CED: 0.0   |CTD: 8.5   |
| 28        | -3.337    | 0.9712    |

Discovery Execution Time: 0:00:05.206523
Simulation Execution Time: 0:00:07.148073
|           |MTR: 0.0   |TAR: 0.0   |WTR: 0.0   |
|           |AED: 4.21  |RED: 3.27  |CED: 0.0   |CTD: 9.19  |
| 29        | -3.272    | 0.972     |

Discovery Execution Time: 0:00:05.111884
Simulation Execution Time: 0:00:06.947134
|           |MTR: 0.0   |TAR: 0.0   |WTR: 0.0   |
|           |AED: 4.45  |RED: 3.39  |CED: 0.0   |CTD: 8.49  |
| 30        | -3.393    | 0.9714    |
=====================================
Best result: {'angle': 0.9730122697585247}; f(x) = -3.0340873270585695.
++++++++++++++ PROBABILISTIC HYPERPARAMETER TUNNING - loan_application process +++++++++++++++++++++++
Calendar Type 3, Even Resource Workload: False
|   iter    |  target   |   angle   |
-------------------------------------

Discovery Execution Time: 0:00:04.822997
Simulation Execution Time: 0:00:06.782371
|           |MTR: 0.0   |TAR: 0.0   |WTR: 0.0   |
|           |AED: 3.2   |RED: 2.92  |CED: 0.0   |CTD: 11.73 |
| 1         | -2.919    | 0.967     |

Discovery Execution Time: 0:00:04.238031
Simulation Execution Time: 0:00:06.366318
|           |MTR: 0.0   |TAR: 0.0   |WTR: 0.0   |
|           |AED: 3.66  |RED: 3.52  |CED: 0.0   |CTD: 6.06  |
| 2         | -3.523    | 0.5472    |

Discovery Execution Time: 0:00:04.856133
Simulation Execution Time: 0:00:06.914660
|           |MTR: 0.0   |TAR: 0.0   |WTR: 0.0   |
|           |AED: 3.55  |RED: 3.02  |CED: 0.0   |CTD: 11.91 |
| 3         | -3.017    | 0.9727    |

Discovery Execution Time: 0:00:04.543611
Simulation Execution Time: 0:00:06.654787
|           |MTR: 0.0   |TAR: 0.0   |WTR: 0.0   |
|           |AED: 2.93  |RED: 2.99  |CED: 0.0   |CTD: 9.77  |
| 4         | -2.989    | 0.7148    |

Discovery Execution Time: 0:00:04.438286
Simulation Execution Time: 0:00:06.651680
|           |MTR: 0.0   |TAR: 0.0   |WTR: 0.0   |
|           |AED: 3.07  |RED: 2.75  |CED: 0.0   |CTD: 8.7   | <------------------------------------------------
| 5         | -2.749    | 0.6977    |

Discovery Execution Time: 0:00:04.886113
Simulation Execution Time: 0:00:06.913607
|           |MTR: 0.0   |TAR: 0.0   |WTR: 0.0   |
|           |AED: 3.48  |RED: 3.09  |CED: 0.0   |CTD: 11.96 |
| 6         | -3.095    | 0.967     |

Discovery Execution Time: 0:00:04.496106
Simulation Execution Time: 0:00:06.564181
|           |MTR: 0.0   |TAR: 0.0   |WTR: 0.0   |
|           |AED: 3.31  |RED: 2.88  |CED: 0.0   |CTD: 9.12  |
| 7         | -2.885    | 0.6978    |

Discovery Execution Time: 0:00:04.461715
Simulation Execution Time: 0:00:06.549164
|           |MTR: 0.0   |TAR: 0.0   |WTR: 0.0   |
|           |AED: 3.48  |RED: 2.99  |CED: 0.0   |CTD: 8.93  |
| 8         | -2.99     | 0.6977    |

Discovery Execution Time: 0:00:04.469750
Simulation Execution Time: 0:00:06.609436
|           |MTR: 0.0   |TAR: 0.0   |WTR: 0.0   |
|           |AED: 3.51  |RED: 2.85  |CED: 0.0   |CTD: 8.81  |
| 9         | -2.847    | 0.7147    |

Discovery Execution Time: 0:00:04.484809
Simulation Execution Time: 0:00:06.670307
|           |MTR: 0.0   |TAR: 0.0   |WTR: 0.0   |
|           |AED: 3.1   |RED: 2.92  |CED: 0.0   |CTD: 9.53  |
| 10        | -2.917    | 0.7146    |

Discovery Execution Time: 0:00:04.427170
Simulation Execution Time: 0:00:06.692956
|           |MTR: 0.0   |TAR: 0.0   |WTR: 0.0   |
|           |AED: 3.43  |RED: 2.86  |CED: 0.0   |CTD: 9.03  |
| 11        | -2.856    | 0.7145    |

Discovery Execution Time: 0:00:04.515403
Simulation Execution Time: 0:00:06.532455
|           |MTR: 0.0   |TAR: 0.0   |WTR: 0.0   |
|           |AED: 3.4   |RED: 3.09  |CED: 0.0   |CTD: 8.8   |
| 12        | -3.092    | 0.7145    |

Discovery Execution Time: 0:00:05.036658
Simulation Execution Time: 0:00:07.027974
|           |MTR: 0.0   |TAR: 0.0   |WTR: 0.0   |
|           |AED: 3.33  |RED: 3.12  |CED: 0.0   |CTD: 9.36  |
| 13        | -3.116    | 0.7146    |

Discovery Execution Time: 0:00:04.405056
Simulation Execution Time: 0:00:06.979744
|           |MTR: 0.0   |TAR: 0.0   |WTR: 0.0   |
|           |AED: 3.34  |RED: 2.95  |CED: 0.0   |CTD: 10.53 |
| 14        | -2.95     | 0.7147    |

Discovery Execution Time: 0:00:04.708557
Simulation Execution Time: 0:00:06.874335
|           |MTR: 0.0   |TAR: 0.0   |WTR: 0.0   |
|           |AED: 3.64  |RED: 2.97  |CED: 0.0   |CTD: 8.59  |
| 15        | -2.975    | 0.7147    |

Discovery Execution Time: 0:00:05.077479
Simulation Execution Time: 0:00:07.187318
|           |MTR: 0.0   |TAR: 0.0   |WTR: 0.0   |
|           |AED: 3.3   |RED: 2.97  |CED: 0.0   |CTD: 10.56 |
| 16        | -2.966    | 0.9671    |

Discovery Execution Time: 0:00:04.738983
Simulation Execution Time: 0:00:06.960385
|           |MTR: 0.0   |TAR: 0.0   |WTR: 0.0   |
|           |AED: 3.22  |RED: 2.92  |CED: 0.0   |CTD: 8.75  |
| 17        | -2.923    | 0.6978    |

Discovery Execution Time: 0:00:04.995553
Simulation Execution Time: 0:00:07.254532
|           |MTR: 0.0   |TAR: 0.0   |WTR: 0.0   |
|           |AED: 3.45  |RED: 2.96  |CED: 0.0   |CTD: 11.87 |
| 18        | -2.961    | 0.9671    |

Discovery Execution Time: 0:00:04.657974
Simulation Execution Time: 0:00:06.969291
|           |MTR: 0.0   |TAR: 0.0   |WTR: 0.0   |
|           |AED: 3.35  |RED: 2.93  |CED: 0.0   |CTD: 8.78  |
| 19        | -2.928    | 0.6979    |

Discovery Execution Time: 0:00:04.731973
Simulation Execution Time: 0:00:06.936192
|           |MTR: 0.0   |TAR: 0.0   |WTR: 0.0   |
|           |AED: 3.58  |RED: 3.24  |CED: 0.0   |CTD: 8.64  |
| 20        | -3.24     | 0.6977    |

Discovery Execution Time: 0:00:04.796161
Simulation Execution Time: 0:00:06.986230
|           |MTR: 0.0   |TAR: 0.0   |WTR: 0.0   |
|           |AED: 3.22  |RED: 2.88  |CED: 0.0   |CTD: 9.21  |
| 21        | -2.877    | 0.7147    |

Discovery Execution Time: 0:00:04.965523
Simulation Execution Time: 0:00:07.313142
|           |MTR: 0.0   |TAR: 0.0   |WTR: 0.0   |
|           |AED: 3.58  |RED: 3.05  |CED: 0.0   |CTD: 8.47  |
| 22        | -3.05     | 0.7149    |

Discovery Execution Time: 0:00:05.455808
Simulation Execution Time: 0:00:07.643103
|           |MTR: 0.0   |TAR: 0.0   |WTR: 0.0   |
|           |AED: 3.4   |RED: 2.93  |CED: 0.0   |CTD: 12.36 |
| 23        | -2.934    | 0.967     |

Discovery Execution Time: 0:00:05.103842
Simulation Execution Time: 0:00:07.271361
|           |MTR: 0.0   |TAR: 0.0   |WTR: 0.0   |
|           |AED: 3.4   |RED: 2.85  |CED: 0.0   |CTD: 9.82  |
| 24        | -2.849    | 0.6978    |

Discovery Execution Time: 0:00:05.099009
Simulation Execution Time: 0:00:07.437059
|           |MTR: 0.0   |TAR: 0.0   |WTR: 0.0   |
|           |AED: 3.47  |RED: 2.95  |CED: 0.0   |CTD: 8.44  |
| 25        | -2.946    | 0.6978    |

Discovery Execution Time: 0:00:04.995349
Simulation Execution Time: 0:00:07.152507
|           |MTR: 0.0   |TAR: 0.0   |WTR: 0.0   |
|           |AED: 3.14  |RED: 2.89  |CED: 0.0   |CTD: 9.69  |
| 26        | -2.893    | 0.7145    |

Discovery Execution Time: 0:00:04.824981
Simulation Execution Time: 0:00:07.080354
|           |MTR: 0.0   |TAR: 0.0   |WTR: 0.0   |
|           |AED: 3.37  |RED: 2.87  |CED: 0.0   |CTD: 8.62  |
| 27        | -2.866    | 0.6979    |

Discovery Execution Time: 0:00:05.724517
Simulation Execution Time: 0:00:10.619092
|           |MTR: 0.0   |TAR: 0.0   |WTR: 0.0   |
|           |AED: 3.56  |RED: 3.06  |CED: 0.0   |CTD: 8.28  |
| 28        | -3.058    | 0.6976    |

Discovery Execution Time: 0:00:08.000897
Simulation Execution Time: 0:00:10.718129
|           |MTR: 0.0   |TAR: 0.0   |WTR: 0.0   |
|           |AED: 3.32  |RED: 3.0   |CED: 0.0   |CTD: 10.11 |
| 29        | -2.995    | 0.9672    |

Discovery Execution Time: 0:00:05.550719
Simulation Execution Time: 0:00:06.477923
|           |MTR: 0.0   |TAR: 0.0   |WTR: 0.0   |
|           |AED: 3.23  |RED: 2.94  |CED: 0.0   |CTD: 8.56  |
| 30        | -2.94     | 0.698     |
=====================================
Best result: {'angle': 0.6977288245972708}; f(x) = -2.749231679613659.
STARTING PROCESS: loan_application (ModelType.MULTI_LOCAL)
++++++++++++++ PROBABILISTIC HYPERPARAMETER TUNNING - loan_application process +++++++++++++++++++++++
Calendar Type 3, Even Resource Workload: True
|   iter    |  target   |   angle   |
-------------------------------------

Discovery Execution Time: 0:00:05.789577
Simulation Execution Time: 0:00:08.895645
|           |MTR: 0.0   |TAR: 0.0   |WTR: 0.0   |
|           |AED: 4.23  |RED: 3.26  |CED: 0.0   |CTD: 8.92  |
| 1         | -3.255    | 0.967     |

Discovery Execution Time: 0:00:05.197279
Simulation Execution Time: 0:00:07.860136
|           |MTR: 0.0   |TAR: 0.0   |WTR: 0.0   |
|           |AED: 4.71  |RED: 4.43  |CED: 0.0   |CTD: 4.61  |
| 2         | -4.433    | 0.5472    |

Discovery Execution Time: 0:00:06.060417
Simulation Execution Time: 0:00:08.678034
|           |MTR: 0.0   |TAR: 0.0   |WTR: 0.0   |
|           |AED: 4.13  |RED: 3.07  |CED: 0.0   |CTD: 10.37 |  <-----------------------------------
| 3         | -3.067    | 0.9727    |

Discovery Execution Time: 0:00:05.720493
Simulation Execution Time: 0:00:08.671829
|           |MTR: 0.0   |TAR: 0.0   |WTR: 0.0   |
|           |AED: 4.59  |RED: 3.93  |CED: 0.0   |CTD: 5.86  |
| 4         | -3.926    | 0.7148    |

Discovery Execution Time: 0:00:05.797097
Simulation Execution Time: 0:00:09.123912
|           |MTR: 0.0   |TAR: 0.0   |WTR: 0.0   |
|           |AED: 4.51  |RED: 4.02  |CED: 0.0   |CTD: 6.4   |
| 5         | -4.019    | 0.6977    |

Discovery Execution Time: 0:00:05.709591
Simulation Execution Time: 0:00:08.496110
|           |MTR: 0.0   |TAR: 0.0   |WTR: 0.0   |
|           |AED: 4.26  |RED: 3.32  |CED: 0.0   |CTD: 8.55  |
| 6         | -3.319    | 0.967     |

Discovery Execution Time: 0:00:06.010145
Simulation Execution Time: 0:00:08.888715
|           |MTR: 0.0   |TAR: 0.0   |WTR: 0.0   |
|           |AED: 4.07  |RED: 3.22  |CED: 0.0   |CTD: 9.65  |
| 7         | -3.216    | 0.9674    |

Discovery Execution Time: 0:00:06.129237
Simulation Execution Time: 0:00:09.152140
|           |MTR: 0.0   |TAR: 0.0   |WTR: 0.0   |
|           |AED: 4.27  |RED: 3.55  |CED: 0.0   |CTD: 8.21  |
| 8         | -3.552    | 0.9731    |

Discovery Execution Time: 0:00:06.507537
Simulation Execution Time: 0:00:08.992456
|           |MTR: 0.0   |TAR: 0.0   |WTR: 0.0   |
|           |AED: 4.12  |RED: 3.21  |CED: 0.0   |CTD: 9.53  |
| 9         | -3.207    | 0.9723    |

Discovery Execution Time: 0:00:05.864488
Simulation Execution Time: 0:00:08.915272
|           |MTR: 0.0   |TAR: 0.0   |WTR: 0.0   |
|           |AED: 4.25  |RED: 3.1   |CED: 0.0   |CTD: 9.34  |
| 10        | -3.104    | 0.9716    |

Discovery Execution Time: 0:00:06.315187
Simulation Execution Time: 0:00:09.182219
|           |MTR: 0.0   |TAR: 0.0   |WTR: 0.0   |
|           |AED: 4.57  |RED: 3.32  |CED: 0.0   |CTD: 9.45  |
| 11        | -3.32     | 0.9712    |

Discovery Execution Time: 0:00:06.399978
Simulation Execution Time: 0:00:08.762885
|           |MTR: 0.0   |TAR: 0.0   |WTR: 0.0   |
|           |AED: 4.01  |RED: 3.21  |CED: 0.0   |CTD: 8.8   |
| 12        | -3.206    | 0.9705    |

Discovery Execution Time: 0:00:06.022394
Simulation Execution Time: 0:00:08.806719
|           |MTR: 0.0   |TAR: 0.0   |WTR: 0.0   |
|           |AED: 4.04  |RED: 3.07  |CED: 0.0   |CTD: 9.26  |
| 13        | -3.071    | 0.9699    |

Discovery Execution Time: 0:00:05.641570
Simulation Execution Time: 0:00:08.214707
|           |MTR: 0.0   |TAR: 0.0   |WTR: 0.0   |
|           |AED: 4.17  |RED: 3.19  |CED: 0.0   |CTD: 9.53  |
| 14        | -3.186    | 0.9694    |

Discovery Execution Time: 0:00:05.626229
Simulation Execution Time: 0:00:08.313861
|           |MTR: 0.0   |TAR: 0.0   |WTR: 0.0   |
|           |AED: 4.21  |RED: 3.17  |CED: 0.0   |CTD: 9.79  |
| 15        | -3.165    | 0.9687    |

Discovery Execution Time: 0:00:05.701394
Simulation Execution Time: 0:00:08.157009
|           |MTR: 0.0   |TAR: 0.0   |WTR: 0.0   |
|           |AED: 4.4   |RED: 3.55  |CED: 0.0   |CTD: 8.14  |
| 16        | -3.55     | 0.9681    |

Discovery Execution Time: 0:00:05.564866
Simulation Execution Time: 0:00:08.045624
|           |MTR: 0.0   |TAR: 0.0   |WTR: 0.0   |
|           |AED: 4.08  |RED: 3.5   |CED: 0.0   |CTD: 7.7   |
| 17        | -3.501    | 0.8272    |

Discovery Execution Time: 0:00:04.942163
Simulation Execution Time: 0:00:07.561160
|           |MTR: 0.0   |TAR: 0.0   |WTR: 0.0   |
|           |AED: 5.28  |RED: 5.86  |CED: 0.0   |CTD: 3.05  |
| 18        | -5.857    | 0.4545    |

Discovery Execution Time: 0:00:05.539558
Simulation Execution Time: 0:00:08.030467
|           |MTR: 0.0   |TAR: 0.0   |WTR: 0.0   |
|           |AED: 4.33  |RED: 3.76  |CED: 0.0   |CTD: 7.52  |
| 19        | -3.759    | 0.8256    |

Discovery Execution Time: 0:00:05.503709
Simulation Execution Time: 0:00:08.010065
|           |MTR: 0.0   |TAR: 0.0   |WTR: 0.0   |
|           |AED: 4.2   |RED: 3.72  |CED: 0.0   |CTD: 7.72  |
| 20        | -3.719    | 0.8288    |

Discovery Execution Time: 0:00:04.628619
Simulation Execution Time: 0:00:07.244472
|           |MTR: 0.0   |TAR: 0.0   |WTR: 0.0   |
|           |AED: 6.37  |RED: 6.76  |CED: 0.0   |CTD: 5.92  |
| 21        | -6.763    | 0.2171    |

Discovery Execution Time: 0:00:05.329248
Simulation Execution Time: 0:00:07.939080
|           |MTR: 0.0   |TAR: 0.0   |WTR: 0.0   |
|           |AED: 4.23  |RED: 3.83  |CED: 0.0   |CTD: 6.56  |
| 22        | -3.828    | 0.7373    |

Discovery Execution Time: 0:00:04.801704
Simulation Execution Time: 0:00:07.566173
|           |MTR: 0.0   |TAR: 0.0   |WTR: 0.0   |
|           |AED: 5.42  |RED: 5.75  |CED: 0.0   |CTD: 2.78  |
| 23        | -5.745    | 0.3795    |

Discovery Execution Time: 0:00:05.535150
Simulation Execution Time: 0:00:07.959460
|           |MTR: 0.0   |TAR: 0.0   |WTR: 0.0   |
|           |AED: 4.45  |RED: 3.79  |CED: 0.0   |CTD: 7.39  |
| 24        | -3.788    | 0.8315    |

Discovery Execution Time: 0:00:05.456405
Simulation Execution Time: 0:00:08.131585
|           |MTR: 0.0   |TAR: 0.0   |WTR: 0.0   |
|           |AED: 4.55  |RED: 3.58  |CED: 0.0   |CTD: 7.96  |
| 25        | -3.581    | 0.8344    |

Discovery Execution Time: 0:00:05.512634
Simulation Execution Time: 0:00:08.053350
|           |MTR: 0.0   |TAR: 0.0   |WTR: 0.0   |
|           |AED: 3.84  |RED: 3.18  |CED: 0.0   |CTD: 8.75  |
| 26        | -3.18     | 0.8363    |

Discovery Execution Time: 0:00:05.557091
Simulation Execution Time: 0:00:08.045708
|           |MTR: 0.0   |TAR: 0.0   |WTR: 0.0   |
|           |AED: 4.53  |RED: 3.46  |CED: 0.0   |CTD: 8.55  |
| 27        | -3.456    | 0.8375    |

Discovery Execution Time: 0:00:05.515270
Simulation Execution Time: 0:00:08.059153
|           |MTR: 0.0   |TAR: 0.0   |WTR: 0.0   |
|           |AED: 3.95  |RED: 3.4   |CED: 0.0   |CTD: 7.66  |
| 28        | -3.398    | 0.8392    |

Discovery Execution Time: 0:00:05.405927
Simulation Execution Time: 0:00:08.018944
|           |MTR: 0.0   |TAR: 0.0   |WTR: 0.0   |
|           |AED: 4.3   |RED: 3.58  |CED: 0.0   |CTD: 7.43  |
| 29        | -3.581    | 0.8408    |

Discovery Execution Time: 0:00:05.440691
Simulation Execution Time: 0:00:08.099672
|           |MTR: 0.0   |TAR: 0.0   |WTR: 0.0   |
|           |AED: 4.25  |RED: 3.14  |CED: 0.0   |CTD: 8.43  |
| 30        | -3.138    | 0.8426    |
=====================================
Best result: {'angle': 0.9726843599648843}; f(x) = -3.0666032480490646.
++++++++++++++ PROBABILISTIC HYPERPARAMETER TUNNING - loan_application process +++++++++++++++++++++++
Calendar Type 3, Even Resource Workload: False
|   iter    |  target   |   angle   |
-------------------------------------

Discovery Execution Time: 0:00:05.860047
Simulation Execution Time: 0:00:08.472887
|           |MTR: 0.0   |TAR: 0.0   |WTR: 0.0   |
|           |AED: 3.09  |RED: 2.88  |CED: 0.0   |CTD: 11.06 |
| 1         | -2.878    | 0.967     |

Discovery Execution Time: 0:00:05.198629
Simulation Execution Time: 0:00:07.943006
|           |MTR: 0.0   |TAR: 0.0   |WTR: 0.0   |
|           |AED: 3.67  |RED: 3.42  |CED: 0.0   |CTD: 6.1   |
| 2         | -3.419    | 0.5472    |

Discovery Execution Time: 0:00:05.705548
Simulation Execution Time: 0:00:08.519281
|           |MTR: 0.0   |TAR: 0.0   |WTR: 0.0   |
|           |AED: 3.65  |RED: 3.03  |CED: 0.0   |CTD: 11.49 |
| 3         | -3.034    | 0.9727    |

Discovery Execution Time: 0:00:05.365337
Simulation Execution Time: 0:00:08.136382
|           |MTR: 0.0   |TAR: 0.0   |WTR: 0.0   |
|           |AED: 3.61  |RED: 2.81  |CED: 0.0   |CTD: 8.1   |
| 4         | -2.806    | 0.7148    |

Discovery Execution Time: 0:00:05.288356
Simulation Execution Time: 0:00:08.088837
|           |MTR: 0.0   |TAR: 0.0   |WTR: 0.0   |
|           |AED: 3.78  |RED: 2.97  |CED: 0.0   |CTD: 8.8   |
| 5         | -2.968    | 0.6977    |

Discovery Execution Time: 0:00:05.348733
Simulation Execution Time: 0:00:08.165954
|           |MTR: 0.0   |TAR: 0.0   |WTR: 0.0   |
|           |AED: 3.48  |RED: 2.89  |CED: 0.0   |CTD: 9.5   |
| 6         | -2.887    | 0.7148    |

Discovery Execution Time: 0:00:05.740554
Simulation Execution Time: 0:00:08.496627
|           |MTR: 0.0   |TAR: 0.0   |WTR: 0.0   |
|           |AED: 3.1   |RED: 2.76  |CED: 0.0   |CTD: 12.2  |  <-------------------------------------------------------
| 7         | -2.76     | 0.9669    |

Discovery Execution Time: 0:00:05.759056
Simulation Execution Time: 0:00:08.403150
|           |MTR: 0.0   |TAR: 0.0   |WTR: 0.0   |
|           |AED: 3.49  |RED: 2.99  |CED: 0.0   |CTD: 10.02 |
| 8         | -2.985    | 0.9668    |

Discovery Execution Time: 0:00:05.341429
Simulation Execution Time: 0:00:08.153492
|           |MTR: 0.0   |TAR: 0.0   |WTR: 0.0   |
|           |AED: 2.96  |RED: 2.96  |CED: 0.0   |CTD: 9.35  |
| 9         | -2.955    | 0.715     |

Discovery Execution Time: 0:00:05.395466
Simulation Execution Time: 0:00:08.164364
|           |MTR: 0.0   |TAR: 0.0   |WTR: 0.0   |
|           |AED: 3.43  |RED: 2.85  |CED: 0.0   |CTD: 9.19  |
| 10        | -2.847    | 0.7149    |

Discovery Execution Time: 0:00:05.686756
Simulation Execution Time: 0:00:08.495745
|           |MTR: 0.0   |TAR: 0.0   |WTR: 0.0   |
|           |AED: 3.3   |RED: 2.82  |CED: 0.0   |CTD: 11.59 |
| 11        | -2.819    | 0.9674    |

Discovery Execution Time: 0:00:05.676922
Simulation Execution Time: 0:00:08.468735
|           |MTR: 0.0   |TAR: 0.0   |WTR: 0.0   |
|           |AED: 3.36  |RED: 2.94  |CED: 0.0   |CTD: 11.36 |
| 12        | -2.938    | 0.9674    |

Discovery Execution Time: 0:00:05.708456
Simulation Execution Time: 0:00:08.424022
|           |MTR: 0.0   |TAR: 0.0   |WTR: 0.0   |
|           |AED: 3.26  |RED: 2.91  |CED: 0.0   |CTD: 11.94 |
| 13        | -2.913    | 0.9675    |

Discovery Execution Time: 0:00:05.713062
Simulation Execution Time: 0:00:08.462851
|           |MTR: 0.0   |TAR: 0.0   |WTR: 0.0   |
|           |AED: 3.39  |RED: 2.99  |CED: 0.0   |CTD: 11.13 |
| 14        | -2.989    | 0.967     |

Discovery Execution Time: 0:00:05.699498
Simulation Execution Time: 0:00:08.484952
|           |MTR: 0.0   |TAR: 0.0   |WTR: 0.0   |
|           |AED: 3.65  |RED: 2.95  |CED: 0.0   |CTD: 12.06 |
| 15        | -2.946    | 0.9669    |

Discovery Execution Time: 0:00:05.738682
Simulation Execution Time: 0:00:08.534293
|           |MTR: 0.0   |TAR: 0.0   |WTR: 0.0   |
|           |AED: 3.07  |RED: 2.91  |CED: 0.0   |CTD: 13.53 |
| 16        | -2.908    | 0.9671    |

Discovery Execution Time: 0:00:05.661761
Simulation Execution Time: 0:00:08.365244
|           |MTR: 0.0   |TAR: 0.0   |WTR: 0.0   |
|           |AED: 3.5   |RED: 2.98  |CED: 0.0   |CTD: 11.91 |
| 17        | -2.978    | 0.9674    |

Discovery Execution Time: 0:00:05.379594
Simulation Execution Time: 0:00:08.196042
|           |MTR: 0.0   |TAR: 0.0   |WTR: 0.0   |
|           |AED: 3.08  |RED: 2.91  |CED: 0.0   |CTD: 9.05  |
| 18        | -2.907    | 0.7149    |

Discovery Execution Time: 0:00:05.659493
Simulation Execution Time: 0:00:08.481585
|           |MTR: 0.0   |TAR: 0.0   |WTR: 0.0   |
|           |AED: 3.18  |RED: 2.85  |CED: 0.0   |CTD: 12.21 |
| 19        | -2.853    | 0.9675    |

Discovery Execution Time: 0:00:05.755896
Simulation Execution Time: 0:00:08.478632
|           |MTR: 0.0   |TAR: 0.0   |WTR: 0.0   |
|           |AED: 3.31  |RED: 3.04  |CED: 0.0   |CTD: 12.91 |
| 20        | -3.038    | 0.9675    |

Discovery Execution Time: 0:00:05.696317
Simulation Execution Time: 0:00:08.507331
|           |MTR: 0.0   |TAR: 0.0   |WTR: 0.0   |
|           |AED: 3.16  |RED: 2.89  |CED: 0.0   |CTD: 11.95 |
| 21        | -2.895    | 0.9671    |

Discovery Execution Time: 0:00:05.733235
