|           |AED: 1.13  |RED: 1.1   |CED: 0.0   |CTD: 1.8   |
| 27        | -1.099    | 0.4184    |

Discovery Execution Time: 0:00:04.657732
Simulation Execution Time: 0:00:05.597261
|           |MTR: 0.0   |TAR: 0.0   |WTR: 0.0   |
|           |AED: 1.2   |RED: 1.07  |CED: 0.0   |CTD: 1.86  |
| 28        | -1.073    | 0.6976    |

Discovery Execution Time: 0:00:04.603066
Simulation Execution Time: 0:00:05.550753
|           |MTR: 0.0   |TAR: 0.0   |WTR: 0.0   |
|           |AED: 1.2   |RED: 1.11  |CED: 0.0   |CTD: 1.91  |
| 29        | -1.113    | 0.967     |

Discovery Execution Time: 0:00:04.552516
Simulation Execution Time: 0:00:05.483504
|           |MTR: 0.0   |TAR: 0.0   |WTR: 0.0   |
|           |AED: 1.17  |RED: 1.11  |CED: 0.0   |CTD: 1.98  |
| 30        | -1.105    | 0.6977    |
=====================================

Best result: {'angle': 0.4184739620958078}; f(x) = -1.03737600548641.
STARTING PROCESS: loan_application (ModelType.SEQUENTIAL)
++++++++++++++ PROBABILISTIC HYPERPARAMETER TUNNING - loan_application process +++++++++++++++++++++++
Calendar Type 2, Even Resource Workload: True
|   iter    |  target   |   angle   |
-------------------------------------

Discovery Execution Time: 0:00:03.797307
Simulation Execution Time: 0:00:05.474592
|           |MTR: 0.0   |TAR: 0.0   |WTR: 0.0   |
|           |AED: 338.33|RED: 338.25|CED: 0.0   |CTD: 668.22|
| 1         | -338.3    | 0.967     |

Discovery Execution Time: 0:00:03.391394
Simulation Execution Time: 0:00:05.275073
|           |MTR: 0.0   |TAR: 0.0   |WTR: 0.0   |
|           |AED: 387.0 |RED: 386.6 |CED: 0.0   |CTD: 727.29|
| 2         | -386.6    | 0.5472    |

Discovery Execution Time: 0:00:03.693141
Simulation Execution Time: 0:00:05.536423
|           |MTR: 0.0   |TAR: 0.0   |WTR: 0.0   |
|           |AED: 344.27|RED: 343.68|CED: 0.0   |CTD: 676.87|
| 3         | -343.7    | 0.9727    |

Discovery Execution Time: 0:00:03.570539
Simulation Execution Time: 0:00:05.395096
|           |MTR: 0.0   |TAR: 0.0   |WTR: 0.0   |
|           |AED: 362.29|RED: 361.84|CED: 0.0   |CTD: 686.96|
| 4         | -361.8    | 0.7148    |

Discovery Execution Time: 0:00:03.557102
Simulation Execution Time: 0:00:05.346348
|           |MTR: 0.0   |TAR: 0.0   |WTR: 0.0   |
|           |AED: 362.5 |RED: 361.69|CED: 0.0   |CTD: 684.76|
| 5         | -361.7    | 0.6977    |

Discovery Execution Time: 0:00:03.700169
Simulation Execution Time: 0:00:05.503715
|           |MTR: 0.0   |TAR: 0.0   |WTR: 0.0   |
|           |AED: 317.32|RED: 317.03|CED: 0.0   |CTD: 605.72| <----------------------------------------------------------
| 6         | -317.0    | 0.967     |

Discovery Execution Time: 0:00:03.703073
Simulation Execution Time: 0:00:05.496086
|           |MTR: 0.0   |TAR: 0.0   |WTR: 0.0   |
|           |AED: 372.64|RED: 372.37|CED: 0.0   |CTD: 743.04|
| 7         | -372.4    | 0.9669    |

Discovery Execution Time: 0:00:03.804775
Simulation Execution Time: 0:00:05.550539
|           |MTR: 0.0   |TAR: 0.0   |WTR: 0.0   |
|           |AED: 345.32|RED: 344.65|CED: 0.0   |CTD: 657.56|
| 8         | -344.6    | 0.967     |

Discovery Execution Time: 0:00:03.774975
Simulation Execution Time: 0:00:05.447998
|           |MTR: 0.0   |TAR: 0.0   |WTR: 0.0   |
|           |AED: 332.07|RED: 332.02|CED: 0.0   |CTD: 642.47|
| 9         | -332.0    | 0.9727    |

Discovery Execution Time: 0:00:03.755481
Simulation Execution Time: 0:00:05.378152
|           |MTR: 0.0   |TAR: 0.0   |WTR: 0.0   |
|           |AED: 334.31|RED: 334.14|CED: 0.0   |CTD: 643.6 |
| 10        | -334.1    | 0.9672    |

Discovery Execution Time: 0:00:03.817658
Simulation Execution Time: 0:00:05.412035
|           |MTR: 0.0   |TAR: 0.0   |WTR: 0.0   |
|           |AED: 344.68|RED: 343.75|CED: 0.0   |CTD: 661.41|
| 11        | -343.7    | 0.9726    |

Discovery Execution Time: 0:00:03.718040
Simulation Execution Time: 0:00:05.485334
|           |MTR: 0.0   |TAR: 0.0   |WTR: 0.0   |
|           |AED: 366.04|RED: 365.65|CED: 0.0   |CTD: 716.79|
| 12        | -365.7    | 0.9671    |

Discovery Execution Time: 0:00:03.737155
Simulation Execution Time: 0:00:05.453160
|           |MTR: 0.0   |TAR: 0.0   |WTR: 0.0   |
|           |AED: 327.79|RED: 327.63|CED: 0.0   |CTD: 623.41|
| 13        | -327.6    | 0.9727    |

Discovery Execution Time: 0:00:03.709760
Simulation Execution Time: 0:00:05.492953
|           |MTR: 0.0   |TAR: 0.0   |WTR: 0.0   |
|           |AED: 357.13|RED: 356.67|CED: 0.0   |CTD: 692.9 |
| 14        | -356.7    | 0.9728    |

Discovery Execution Time: 0:00:03.784569
Simulation Execution Time: 0:00:05.400885
|           |MTR: 0.0   |TAR: 0.0   |WTR: 0.0   |
|           |AED: 340.46|RED: 340.14|CED: 0.0   |CTD: 660.25|
| 15        | -340.1    | 0.9728    |

Discovery Execution Time: 0:00:03.738141
Simulation Execution Time: 0:00:05.440385
|           |MTR: 0.0   |TAR: 0.0   |WTR: 0.0   |
|           |AED: 323.73|RED: 322.86|CED: 0.0   |CTD: 626.11|
| 16        | -322.9    | 0.9725    |

Discovery Execution Time: 0:00:03.778423
Simulation Execution Time: 0:00:05.491107
|           |MTR: 0.0   |TAR: 0.0   |WTR: 0.0   |
|           |AED: 357.06|RED: 356.65|CED: 0.0   |CTD: 705.22|
| 17        | -356.6    | 0.9725    |

Discovery Execution Time: 0:00:03.702999
Simulation Execution Time: 0:00:05.434008
|           |MTR: 0.0   |TAR: 0.0   |WTR: 0.0   |
|           |AED: 323.7 |RED: 323.11|CED: 0.0   |CTD: 623.54|
| 18        | -323.1    | 0.9673    |

Discovery Execution Time: 0:00:03.691063
Simulation Execution Time: 0:00:05.468053
|           |MTR: 0.0   |TAR: 0.0   |WTR: 0.0   |
|           |AED: 346.39|RED: 346.0 |CED: 0.0   |CTD: 670.37|
| 19        | -346.0    | 0.9673    |

Discovery Execution Time: 0:00:03.755090
Simulation Execution Time: 0:00:05.459457
|           |MTR: 0.0   |TAR: 0.0   |WTR: 0.0   |
|           |AED: 351.42|RED: 351.2 |CED: 0.0   |CTD: 689.26|
| 20        | -351.2    | 0.9725    |

Discovery Execution Time: 0:00:03.742132
Simulation Execution Time: 0:00:05.432946
|           |MTR: 0.0   |TAR: 0.0   |WTR: 0.0   |
|           |AED: 354.4 |RED: 355.01|CED: 0.0   |CTD: 702.23|
| 21        | -355.0    | 0.9672    |

Discovery Execution Time: 0:00:03.785242
Simulation Execution Time: 0:00:05.415562
|           |MTR: 0.0   |TAR: 0.0   |WTR: 0.0   |
|           |AED: 331.6 |RED: 331.16|CED: 0.0   |CTD: 640.15|
| 22        | -331.2    | 0.967     |

Discovery Execution Time: 0:00:03.673848
Simulation Execution Time: 0:00:05.533984
|           |MTR: 0.0   |TAR: 0.0   |WTR: 0.0   |
|           |AED: 353.28|RED: 353.32|CED: 0.0   |CTD: 692.38|
| 23        | -353.3    | 0.9728    |

Discovery Execution Time: 0:00:03.756245
Simulation Execution Time: 0:00:05.600196
|           |MTR: 0.0   |TAR: 0.0   |WTR: 0.0   |
|           |AED: 366.82|RED: 366.58|CED: 0.0   |CTD: 725.99|
| 24        | -366.6    | 0.967     |

Discovery Execution Time: 0:00:03.748843
Simulation Execution Time: 0:00:05.532000
|           |MTR: 0.0   |TAR: 0.0   |WTR: 0.0   |
|           |AED: 338.31|RED: 338.36|CED: 0.0   |CTD: 651.24|
| 25        | -338.4    | 0.9671    |

Discovery Execution Time: 0:00:03.741977
Simulation Execution Time: 0:00:05.474195
|           |MTR: 0.0   |TAR: 0.0   |WTR: 0.0   |
|           |AED: 331.01|RED: 331.28|CED: 0.0   |CTD: 641.12|
| 26        | -331.3    | 0.9727    |

Discovery Execution Time: 0:00:03.783061
Simulation Execution Time: 0:00:05.578587
|           |MTR: 0.0   |TAR: 0.0   |WTR: 0.0   |
|           |AED: 362.55|RED: 361.94|CED: 0.0   |CTD: 709.78|
| 27        | -361.9    | 0.9726    |

Discovery Execution Time: 0:00:03.769324
Simulation Execution Time: 0:00:05.577284
|           |MTR: 0.0   |TAR: 0.0   |WTR: 0.0   |
|           |AED: 365.56|RED: 364.27|CED: 0.0   |CTD: 701.59|
| 28        | -364.3    | 0.9672    |

Discovery Execution Time: 0:00:03.724876
Simulation Execution Time: 0:00:05.404705
|           |MTR: 0.0   |TAR: 0.0   |WTR: 0.0   |
|           |AED: 340.75|RED: 339.68|CED: 0.0   |CTD: 641.43|
| 29        | -339.7    | 0.9725    |

Discovery Execution Time: 0:00:03.771398
Simulation Execution Time: 0:00:05.440382
|           |MTR: 0.0   |TAR: 0.0   |WTR: 0.0   |
|           |AED: 367.97|RED: 367.47|CED: 0.0   |CTD: 727.2 |
| 30        | -367.5    | 0.9727    |
=====================================

Best result: {'angle': 0.9670020898094808}; f(x) = -317.02711804177363.
++++++++++++++ PROBABILISTIC HYPERPARAMETER TUNNING - loan_application process +++++++++++++++++++++++
Calendar Type 2, Even Resource Workload: False
|   iter    |  target   |   angle   |
-------------------------------------

Discovery Execution Time: 0:00:03.871824
Simulation Execution Time: 0:00:05.647179
|           |MTR: 0.0   |TAR: 0.0   |WTR: 0.0   |
|           |AED: 444.05|RED: 444.11|CED: 0.0   |CTD: 883.31|
| 1         | -444.1    | 0.967     |

Discovery Execution Time: 0:00:03.464145
Simulation Execution Time: 0:00:05.326970
|           |MTR: 0.0   |TAR: 0.0   |WTR: 0.0   |
|           |AED: 442.26|RED: 442.7 |CED: 0.0   |CTD: 849.32|
| 2         | -442.7    | 0.5472    |

Discovery Execution Time: 0:00:03.783508
Simulation Execution Time: 0:00:05.652655
|           |MTR: 0.0   |TAR: 0.0   |WTR: 0.0   |
|           |AED: 452.63|RED: 452.54|CED: 0.0   |CTD: 905.13|
| 3         | -452.5    | 0.9727    |

Discovery Execution Time: 0:00:03.625109
Simulation Execution Time: 0:00:05.473564
|           |MTR: 0.0   |TAR: 0.0   |WTR: 0.0   |
|           |AED: 417.91|RED: 418.32|CED: 0.0   |CTD: 823.83|
| 4         | -418.3    | 0.7148    |

Discovery Execution Time: 0:00:03.483514
Simulation Execution Time: 0:00:05.411616
|           |MTR: 0.0   |TAR: 0.0   |WTR: 0.0   |
|           |AED: 444.18|RED: 444.38|CED: 0.0   |CTD: 882.49|
| 5         | -444.4    | 0.6977    |

Discovery Execution Time: 0:00:03.528617
Simulation Execution Time: 0:00:05.390150
|           |MTR: 0.0   |TAR: 0.0   |WTR: 0.0   |
|           |AED: 446.19|RED: 445.7 |CED: 0.0   |CTD: 877.97|
| 6         | -445.7    | 0.7148    |

Discovery Execution Time: 0:00:03.558430
Simulation Execution Time: 0:00:05.430460
|           |MTR: 0.0   |TAR: 0.0   |WTR: 0.0   |
|           |AED: 425.46|RED: 424.95|CED: 0.0   |CTD: 805.28|
| 7         | -425.0    | 0.7148    |

Discovery Execution Time: 0:00:03.624278
Simulation Execution Time: 0:00:05.425447
|           |MTR: 0.0   |TAR: 0.0   |WTR: 0.0   |
|           |AED: 448.45|RED: 448.68|CED: 0.0   |CTD: 885.46|
| 8         | -448.7    | 0.7149    |

Discovery Execution Time: 0:00:03.643363
Simulation Execution Time: 0:00:05.572408
|           |MTR: 0.0   |TAR: 0.0   |WTR: 0.0   |
|           |AED: 432.86|RED: 433.38|CED: 0.0   |CTD: 840.47|
| 9         | -433.4    | 0.7049    |

Discovery Execution Time: 0:00:03.615287
Simulation Execution Time: 0:00:05.583697
|           |MTR: 0.0   |TAR: 0.0   |WTR: 0.0   |
|           |AED: 447.56|RED: 447.93|CED: 0.0   |CTD: 877.52|
| 10        | -447.9    | 0.7048    |

Discovery Execution Time: 0:00:03.602362
Simulation Execution Time: 0:00:05.516445
|           |MTR: 0.0   |TAR: 0.0   |WTR: 0.0   |
|           |AED: 437.64|RED: 438.01|CED: 0.0   |CTD: 855.73|
| 11        | -438.0    | 0.7049    |

Discovery Execution Time: 0:00:03.594982
Simulation Execution Time: 0:00:05.438070
|           |MTR: 0.0   |TAR: 0.0   |WTR: 0.0   |
|           |AED: 421.5 |RED: 421.08|CED: 0.0   |CTD: 829.82|
| 12        | -421.1    | 0.705     |

Discovery Execution Time: 0:00:03.662057
Simulation Execution Time: 0:00:05.436762
|           |MTR: 0.0   |TAR: 0.0   |WTR: 0.0   |
|           |AED: 435.49|RED: 435.36|CED: 0.0   |CTD: 859.39|
| 13        | -435.4    | 0.705     |

Discovery Execution Time: 0:00:03.597647
Simulation Execution Time: 0:00:05.467614
|           |MTR: 0.0   |TAR: 0.0   |WTR: 0.0   |
|           |AED: 412.79|RED: 412.81|CED: 0.0   |CTD: 800.14|
| 14        | -412.8    | 0.7051    |

Discovery Execution Time: 0:00:03.608822
Simulation Execution Time: 0:00:05.395112
|           |MTR: 0.0   |TAR: 0.0   |WTR: 0.0   |
|           |AED: 437.98|RED: 438.49|CED: 0.0   |CTD: 870.28|
| 15        | -438.5    | 0.7052    |

Discovery Execution Time: 0:00:03.568345
Simulation Execution Time: 0:00:05.448769
|           |MTR: 0.0   |TAR: 0.0   |WTR: 0.0   |
|           |AED: 442.54|RED: 443.19|CED: 0.0   |CTD: 885.79|
| 16        | -443.2    | 0.7049    |

Discovery Execution Time: 0:00:03.564725
Simulation Execution Time: 0:00:05.492466
|           |MTR: 0.0   |TAR: 0.0   |WTR: 0.0   |
|           |AED: 445.53|RED: 445.08|CED: 0.0   |CTD: 859.95|
| 17        | -445.1    | 0.7051    |

Discovery Execution Time: 0:00:03.307075
Simulation Execution Time: 0:00:05.306901
|           |MTR: 0.0   |TAR: 0.0   |WTR: 0.0   |
|           |AED: 463.94|RED: 464.47|CED: 0.0   |CTD: 888.25|
| 18        | -464.5    | 0.4545    |

Discovery Execution Time: 0:00:03.604099
Simulation Execution Time: 0:00:05.463087
|           |MTR: 0.0   |TAR: 0.0   |WTR: 0.0   |
|           |AED: 449.19|RED: 448.83|CED: 0.0   |CTD: 875.01|
| 19        | -448.8    | 0.7052    |

Discovery Execution Time: 0:00:03.548679
Simulation Execution Time: 0:00:05.457177
|           |MTR: 0.0   |TAR: 0.0   |WTR: 0.0   |
|           |AED: 414.84|RED: 414.33|CED: 0.0   |CTD: 789.96|
| 20        | -414.3    | 0.705     |

Discovery Execution Time: 0:00:03.152981
Simulation Execution Time: 0:00:05.096098
|           |MTR: 0.0   |TAR: 0.0   |WTR: 0.0   |
|           |AED: 492.7 |RED: 492.62|CED: 0.0   |CTD: 891.97|
| 21        | -492.6    | 0.2171    |

Discovery Execution Time: 0:00:03.997605
Simulation Execution Time: 0:00:05.872914
|           |MTR: 0.0   |TAR: 0.0   |WTR: 0.0   |
|           |AED: 469.82|RED: 469.71|CED: 0.0   |CTD: 923.61|
| 22        | -469.7    | 0.7373    |

Discovery Execution Time: 0:00:03.554650
Simulation Execution Time: 0:00:05.685024
|           |MTR: 0.0   |TAR: 0.0   |WTR: 0.0   |
|           |AED: 475.49|RED: 475.69|CED: 0.0   |CTD: 904.91|
| 23        | -475.7    | 0.3795    |

Discovery Execution Time: 0:00:03.772685
Simulation Execution Time: 0:00:05.943250
|           |MTR: 0.0   |TAR: 0.0   |WTR: 0.0   |
|           |AED: 454.95|RED: 454.8 |CED: 0.0   |CTD: 875.57|
| 24        | -454.8    | 0.5473    |

Discovery Execution Time: 0:00:03.787371
Simulation Execution Time: 0:00:05.968739
|           |MTR: 0.0   |TAR: 0.0   |WTR: 0.0   |
|           |AED: 468.46|RED: 468.18|CED: 0.0   |CTD: 886.13|
| 25        | -468.2    | 0.547     |

Discovery Execution Time: 0:00:04.288053
Simulation Execution Time: 0:00:06.178936
|           |MTR: 0.0   |TAR: 0.0   |WTR: 0.0   |
|           |AED: 439.71|RED: 439.03|CED: 0.0   |CTD: 841.8 |
| 26        | -439.0    | 0.6977    |

Discovery Execution Time: 0:00:04.302917
Simulation Execution Time: 0:00:06.321912
|           |MTR: 0.0   |TAR: 0.0   |WTR: 0.0   |
|           |AED: 465.16|RED: 465.82|CED: 0.0   |CTD: 934.83|
| 27        | -465.8    | 0.705     |

Discovery Execution Time: 0:00:04.082457
Simulation Execution Time: 0:00:06.464292
|           |MTR: 0.0   |TAR: 0.0   |WTR: 0.0   |
|           |AED: 411.15|RED: 410.97|CED: 0.0   |CTD: 790.95| <--------------------------------------
| 28        | -411.0    | 0.6976    |

Discovery Execution Time: 0:00:04.238789
Simulation Execution Time: 0:00:06.337984
|           |MTR: 0.0   |TAR: 0.0   |WTR: 0.0   |
|           |AED: 446.78|RED: 446.84|CED: 0.0   |CTD: 900.09|
| 29        | -446.8    | 0.6976    |

Discovery Execution Time: 0:00:03.983585
Simulation Execution Time: 0:00:06.396436
|           |MTR: 0.0   |TAR: 0.0   |WTR: 0.0   |
|           |AED: 462.42|RED: 462.63|CED: 0.0   |CTD: 881.72|
| 30        | -462.6    | 0.5471    |
=====================================
Best result: {'angle': 0.6976244793287922}; f(x) = -410.9700835023729.
STARTING PROCESS: loan_application (ModelType.MULTI_GLOBAL)
++++++++++++++ PROBABILISTIC HYPERPARAMETER TUNNING - loan_application process +++++++++++++++++++++++
Calendar Type 2, Even Resource Workload: True
|   iter    |  target   |   angle   |
-------------------------------------

Discovery Execution Time: 0:00:05.216480
Simulation Execution Time: 0:00:06.994549
|           |MTR: 0.0   |TAR: 0.0   |WTR: 0.0   |
|           |AED: 1.76  |RED: 1.25  |CED: 0.0   |CTD: 6.2   |
| 1         | -1.254    | 0.967     |

Discovery Execution Time: 0:00:04.588363
Simulation Execution Time: 0:00:06.163277
|           |MTR: 0.0   |TAR: 0.0   |WTR: 0.0   |
|           |AED: 1.79  |RED: 1.44  |CED: 0.0   |CTD: 2.93  |
| 2         | -1.444    | 0.5472    |

Discovery Execution Time: 0:00:05.065492
Simulation Execution Time: 0:00:06.867496
|           |MTR: 0.0   |TAR: 0.0   |WTR: 0.0   |
|           |AED: 1.84  |RED: 1.24  |CED: 0.0   |CTD: 6.54  |
| 3         | -1.24     | 0.9727    |

Discovery Execution Time: 0:00:04.782274
Simulation Execution Time: 0:00:06.407525
|           |MTR: 0.0   |TAR: 0.0   |WTR: 0.0   |
|           |AED: 2.29  |RED: 1.1   |CED: 0.0   |CTD: 4.43  | <----------------------------------------
| 4         | -1.103    | 0.7148    |

Discovery Execution Time: 0:00:05.108380
Simulation Execution Time: 0:00:06.649040
|           |MTR: 0.0   |TAR: 0.0   |WTR: 0.0   |
|           |AED: 1.7   |RED: 1.27  |CED: 0.0   |CTD: 4.0   |
| 5         | -1.271    | 0.6977    |

Discovery Execution Time: 0:00:04.926379
Simulation Execution Time: 0:00:06.679160
|           |MTR: 0.0   |TAR: 0.0   |WTR: 0.0   |
|           |AED: 1.63  |RED: 1.24  |CED: 0.0   |CTD: 4.34  |
| 6         | -1.241    | 0.7148    |

Discovery Execution Time: 0:00:04.807916
Simulation Execution Time: 0:00:06.706694
|           |MTR: 0.0   |TAR: 0.0   |WTR: 0.0   |
|           |AED: 1.84  |RED: 1.13  |CED: 0.0   |CTD: 4.47  |
| 7         | -1.126    | 0.7148    |

Discovery Execution Time: 0:00:04.992306
Simulation Execution Time: 0:00:06.640168
|           |MTR: 0.0   |TAR: 0.0   |WTR: 0.0   |
|           |AED: 1.62  |RED: 1.32  |CED: 0.0   |CTD: 5.2   |
| 8         | -1.318    | 0.7149    |

Discovery Execution Time: 0:00:05.614980
Simulation Execution Time: 0:00:06.720702
|           |MTR: 0.0   |TAR: 0.0   |WTR: 0.0   |
|           |AED: 2.09  |RED: 1.31  |CED: 0.0   |CTD: 7.24  |
| 9         | -1.311    | 0.9729    |

Discovery Execution Time: 0:00:05.084830
Simulation Execution Time: 0:00:06.391441
|           |MTR: 0.0   |TAR: 0.0   |WTR: 0.0   |
|           |AED: 2.04  |RED: 1.3   |CED: 0.0   |CTD: 6.54  |
| 10        | -1.304    | 0.9669    |

Discovery Execution Time: 0:00:04.859939
Simulation Execution Time: 0:00:06.347955
|           |MTR: 0.0   |TAR: 0.0   |WTR: 0.0   |
|           |AED: 1.73  |RED: 1.32  |CED: 0.0   |CTD: 7.24  |
| 11        | -1.319    | 0.9726    |

Discovery Execution Time: 0:00:04.986899
Simulation Execution Time: 0:00:06.325309
|           |MTR: 0.0   |TAR: 0.0   |WTR: 0.0   |
|           |AED: 1.97  |RED: 1.27  |CED: 0.0   |CTD: 6.72  |
| 12        | -1.273    | 0.9671    |

Discovery Execution Time: 0:00:04.842422
Simulation Execution Time: 0:00:06.351986
|           |MTR: 0.0   |TAR: 0.0   |WTR: 0.0   |
|           |AED: 1.8   |RED: 1.26  |CED: 0.0   |CTD: 6.79  |
| 13        | -1.263    | 0.9727    |

Discovery Execution Time: 0:00:04.499915
Simulation Execution Time: 0:00:05.867994
|           |MTR: 0.0   |TAR: 0.0   |WTR: 0.0   |
|           |AED: 1.61  |RED: 1.39  |CED: 0.0   |CTD: 2.5   |
| 14        | -1.387    | 0.5268    |

Discovery Execution Time: 0:00:04.746877
Simulation Execution Time: 0:00:06.438069
|           |MTR: 0.0   |TAR: 0.0   |WTR: 0.0   |
|           |AED: 1.92  |RED: 1.31  |CED: 0.0   |CTD: 6.91  |
| 15        | -1.314    | 0.9671    |

Discovery Execution Time: 0:00:04.936324
Simulation Execution Time: 0:00:06.443715
|           |MTR: 0.0   |TAR: 0.0   |WTR: 0.0   |
|           |AED: 1.45  |RED: 1.31  |CED: 0.0   |CTD: 6.8   |
| 16        | -1.305    | 0.967     |

Discovery Execution Time: 0:00:04.932998
Simulation Execution Time: 0:00:06.416791
|           |MTR: 0.0   |TAR: 0.0   |WTR: 0.0   |
|           |AED: 1.9   |RED: 1.4   |CED: 0.0   |CTD: 7.22  |
| 17        | -1.396    | 0.9728    |

Discovery Execution Time: 0:00:04.807476
Simulation Execution Time: 0:00:06.350793
|           |MTR: 0.0   |TAR: 0.0   |WTR: 0.0   |
|           |AED: 1.65  |RED: 1.17  |CED: 0.0   |CTD: 6.36  |
| 18        | -1.175    | 0.9673    |

Discovery Execution Time: 0:00:04.744141
Simulation Execution Time: 0:00:06.520788
|           |MTR: 0.0   |TAR: 0.0   |WTR: 0.0   |
|           |AED: 1.82  |RED: 1.31  |CED: 0.0   |CTD: 7.08  |
| 19        | -1.306    | 0.9673    |

Discovery Execution Time: 0:00:04.494453
Simulation Execution Time: 0:00:06.116642
|           |MTR: 0.0   |TAR: 0.0   |WTR: 0.0   |
|           |AED: 1.59  |RED: 1.11  |CED: 0.0   |CTD: 4.69  |
| 20        | -1.106    | 0.6977    |

Discovery Execution Time: 0:00:04.882375
Simulation Execution Time: 0:00:06.375053
|           |MTR: 0.0   |TAR: 0.0   |WTR: 0.0   |
|           |AED: 2.01  |RED: 1.31  |CED: 0.0   |CTD: 6.92  |
| 21        | -1.312    | 0.9672    |

Discovery Execution Time: 0:00:04.568246
Simulation Execution Time: 0:00:06.104564
|           |MTR: 0.0   |TAR: 0.0   |WTR: 0.0   |
|           |AED: 1.8   |RED: 1.28  |CED: 0.0   |CTD: 4.36  |
| 22        | -1.281    | 0.7148    |

Discovery Execution Time: 0:00:04.654122
Simulation Execution Time: 0:00:06.162012
|           |MTR: 0.0   |TAR: 0.0   |WTR: 0.0   |
|           |AED: 1.63  |RED: 1.22  |CED: 0.0   |CTD: 4.54  |
| 23        | -1.22     | 0.6976    |

Discovery Execution Time: 0:00:04.516115
Simulation Execution Time: 0:00:06.149746
|           |MTR: 0.0   |TAR: 0.0   |WTR: 0.0   |
|           |AED: 1.51  |RED: 1.19  |CED: 0.0   |CTD: 4.84  |
| 24        | -1.191    | 0.6977    |

Discovery Execution Time: 0:00:04.578953
Simulation Execution Time: 0:00:06.242131
|           |MTR: 0.0   |TAR: 0.0   |WTR: 0.0   |
|           |AED: 1.28  |RED: 1.28  |CED: 0.0   |CTD: 4.95  |
| 25        | -1.284    | 0.6977    |

Discovery Execution Time: 0:00:04.566026
