Simulation Execution Time: 0:00:06.142741
|           |MTR: 0.0   |TAR: 0.0   |WTR: 0.0   |
|           |AED: 1.38  |RED: 1.16  |CED: 0.0   |CTD: 4.57  |
| 26        | -1.161    | 0.7148    |

Discovery Execution Time: 0:00:04.722933
Simulation Execution Time: 0:00:06.252197
|           |MTR: 0.0   |TAR: 0.0   |WTR: 0.0   |
|           |AED: 1.57  |RED: 1.17  |CED: 0.0   |CTD: 5.37  |
| 27        | -1.171    | 0.8279    |

Discovery Execution Time: 0:00:04.555867
Simulation Execution Time: 0:00:06.108742
|           |MTR: 0.0   |TAR: 0.0   |WTR: 0.0   |
|           |AED: 1.41  |RED: 1.2   |CED: 0.0   |CTD: 4.82  |
| 28        | -1.201    | 0.7148    |

Discovery Execution Time: 0:00:04.745377
Simulation Execution Time: 0:00:06.250687
|           |MTR: 0.0   |TAR: 0.0   |WTR: 0.0   |
|           |AED: 1.65  |RED: 1.13  |CED: 0.0   |CTD: 5.31  |
| 29        | -1.126    | 0.828     |

Discovery Execution Time: 0:00:04.766524
Simulation Execution Time: 0:00:06.260882
|           |MTR: 0.0   |TAR: 0.0   |WTR: 0.0   |
|           |AED: 1.77  |RED: 1.14  |CED: 0.0   |CTD: 5.51  |
| 30        | -1.144    | 0.828     |
=====================================
Best result: {'angle': 0.7148159936743647}; f(x) = -1.1031737658674998.
++++++++++++++ PROBABILISTIC HYPERPARAMETER TUNNING - loan_application process +++++++++++++++++++++++
Calendar Type 2, Even Resource Workload: False
|   iter    |  target   |   angle   |
-------------------------------------

Discovery Execution Time: 0:00:04.828307
Simulation Execution Time: 0:00:06.440103
|           |MTR: 0.0   |TAR: 0.0   |WTR: 0.0   |
|           |AED: 1.73  |RED: 1.62  |CED: 0.0   |CTD: 9.65  |
| 1         | -1.621    | 0.967     |

Discovery Execution Time: 0:00:04.400673
Simulation Execution Time: 0:00:06.083064
|           |MTR: 0.0   |TAR: 0.0   |WTR: 0.0   |
|           |AED: 1.63  |RED: 1.09  |CED: 0.0   |CTD: 4.68  |
| 2         | -1.089    | 0.5472    |

Discovery Execution Time: 0:00:04.577759
Simulation Execution Time: 0:00:06.126107
|           |MTR: 0.0   |TAR: 0.0   |WTR: 0.0   |
|           |AED: 1.62  |RED: 1.57  |CED: 0.0   |CTD: 9.93  |
| 3         | -1.572    | 0.9727    |

Discovery Execution Time: 0:00:04.244514
Simulation Execution Time: 0:00:05.919180
|           |MTR: 0.0   |TAR: 0.0   |WTR: 0.0   |
|           |AED: 1.77  |RED: 1.23  |CED: 0.0   |CTD: 7.46  |
| 4         | -1.231    | 0.7148    |

Discovery Execution Time: 0:00:04.296511
Simulation Execution Time: 0:00:05.949692
|           |MTR: 0.0   |TAR: 0.0   |WTR: 0.0   |
|           |AED: 1.48  |RED: 1.18  |CED: 0.0   |CTD: 6.9   |
| 5         | -1.184    | 0.6977    |

Discovery Execution Time: 0:00:04.333415
Simulation Execution Time: 0:00:05.916980
|           |MTR: 0.0   |TAR: 0.0   |WTR: 0.0   |
|           |AED: 1.53  |RED: 1.18  |CED: 0.0   |CTD: 6.46  |
| 6         | -1.18     | 0.7148    |

Discovery Execution Time: 0:00:04.151090
Simulation Execution Time: 0:00:05.612123
|           |MTR: 0.0   |TAR: 0.0   |WTR: 0.0   |
|           |AED: 1.35  |RED: 1.14  |CED: 0.0   |CTD: 4.52  |
| 7         | -1.14     | 0.5471    |

Discovery Execution Time: 0:00:04.305991
Simulation Execution Time: 0:00:05.857787
|           |MTR: 0.0   |TAR: 0.0   |WTR: 0.0   |
|           |AED: 1.78  |RED: 1.32  |CED: 0.0   |CTD: 6.76  |
| 8         | -1.325    | 0.7146    |

Discovery Execution Time: 0:00:04.219715
Simulation Execution Time: 0:00:05.879191
|           |MTR: 0.0   |TAR: 0.0   |WTR: 0.0   |
|           |AED: 1.41  |RED: 1.02  |CED: 0.0   |CTD: 5.41  | <---------------------------------------
| 9         | -1.023    | 0.5474    |

Discovery Execution Time: 0:00:04.280999
Simulation Execution Time: 0:00:05.738828
|           |MTR: 0.0   |TAR: 0.0   |WTR: 0.0   |
|           |AED: 1.47  |RED: 1.19  |CED: 0.0   |CTD: 4.79  |
| 10        | -1.194    | 0.5475    |

Discovery Execution Time: 0:00:05.232617
Simulation Execution Time: 0:00:06.840655
|           |MTR: 0.0   |TAR: 0.0   |WTR: 0.0   |
|           |AED: 1.52  |RED: 1.21  |CED: 0.0   |CTD: 7.36  |
| 11        | -1.206    | 0.6975    |

Discovery Execution Time: 0:00:04.357060
Simulation Execution Time: 0:00:05.826720
|           |MTR: 0.0   |TAR: 0.0   |WTR: 0.0   |
|           |AED: 1.6   |RED: 1.08  |CED: 0.0   |CTD: 5.11  |
| 12        | -1.076    | 0.547     |

Discovery Execution Time: 0:00:04.286384
Simulation Execution Time: 0:00:05.792450
|           |MTR: 0.0   |TAR: 0.0   |WTR: 0.0   |
|           |AED: 1.64  |RED: 1.04  |CED: 0.0   |CTD: 4.51  |
| 13        | -1.038    | 0.5473    |

Discovery Execution Time: 0:00:04.241382
Simulation Execution Time: 0:00:05.822241
|           |MTR: 0.0   |TAR: 0.0   |WTR: 0.0   |
|           |AED: 1.55  |RED: 1.08  |CED: 0.0   |CTD: 5.13  |
| 14        | -1.078    | 0.5468    |

Discovery Execution Time: 0:00:04.486527
Simulation Execution Time: 0:00:06.142393
|           |MTR: 0.0   |TAR: 0.0   |WTR: 0.0   |
|           |AED: 2.23  |RED: 1.3   |CED: 0.0   |CTD: 4.64  |
| 15        | -1.295    | 0.5465    |

Discovery Execution Time: 0:00:04.706497
Simulation Execution Time: 0:00:06.218910
|           |MTR: 0.0   |TAR: 0.0   |WTR: 0.0   |
|           |AED: 1.63  |RED: 1.18  |CED: 0.0   |CTD: 6.74  |
| 16        | -1.18     | 0.698     |

Discovery Execution Time: 0:00:04.397180
Simulation Execution Time: 0:00:06.216240
|           |MTR: 0.0   |TAR: 0.0   |WTR: 0.0   |
|           |AED: 1.72  |RED: 1.07  |CED: 0.0   |CTD: 5.89  |
| 17        | -1.074    | 0.6983    |

Discovery Execution Time: 0:00:04.702524
Simulation Execution Time: 0:00:06.279218
|           |MTR: 0.0   |TAR: 0.0   |WTR: 0.0   |
|           |AED: 1.44  |RED: 1.21  |CED: 0.0   |CTD: 6.96  |
| 18        | -1.209    | 0.6985    |

Discovery Execution Time: 0:00:03.620848
Simulation Execution Time: 0:00:05.065144
|           |MTR: 0.0   |TAR: 0.0   |WTR: 0.0   |
|           |AED: 3.58  |RED: 3.46  |CED: 0.0   |CTD: 5.06  |
| 19        | -3.46     | 0.02362   |

Discovery Execution Time: 0:00:04.373642
Simulation Execution Time: 0:00:05.755340
|           |MTR: 0.0   |TAR: 0.0   |WTR: 0.0   |
|           |AED: 1.7   |RED: 1.18  |CED: 0.0   |CTD: 7.1   |
| 20        | -1.177    | 0.6966    |

Discovery Execution Time: 0:00:04.761222
Simulation Execution Time: 0:00:06.227933
|           |MTR: 0.0   |TAR: 0.0   |WTR: 0.0   |
|           |AED: 1.46  |RED: 1.21  |CED: 0.0   |CTD: 6.8   |
| 21        | -1.208    | 0.6959    |

Discovery Execution Time: 0:00:04.671342
Simulation Execution Time: 0:00:06.334176
|           |MTR: 0.0   |TAR: 0.0   |WTR: 0.0   |
|           |AED: 1.7   |RED: 1.2   |CED: 0.0   |CTD: 6.62  |
| 22        | -1.199    | 0.6947    |

Discovery Execution Time: 0:00:04.515169
Simulation Execution Time: 0:00:06.194345
|           |MTR: 0.0   |TAR: 0.0   |WTR: 0.0   |
|           |AED: 1.84  |RED: 1.3   |CED: 0.0   |CTD: 7.47  |
| 23        | -1.295    | 0.6939    |

Discovery Execution Time: 0:00:04.853011
Simulation Execution Time: 0:00:06.311454
|           |MTR: 0.0   |TAR: 0.0   |WTR: 0.0   |
|           |AED: 1.68  |RED: 1.1   |CED: 0.0   |CTD: 6.34  |
| 24        | -1.096    | 0.6953    |

Discovery Execution Time: 0:00:04.789850
Simulation Execution Time: 0:00:06.517958
|           |MTR: 0.0   |TAR: 0.0   |WTR: 0.0   |
|           |AED: 1.7   |RED: 1.57  |CED: 0.0   |CTD: 8.64  |
| 25        | -1.568    | 0.8918    |

Discovery Execution Time: 0:00:04.819192
Simulation Execution Time: 0:00:06.309648
|           |MTR: 0.0   |TAR: 0.0   |WTR: 0.0   |
|           |AED: 1.96  |RED: 1.22  |CED: 0.0   |CTD: 6.9   |
| 26        | -1.218    | 0.6928    |

Discovery Execution Time: 0:00:04.442517
Simulation Execution Time: 0:00:06.226394
|           |MTR: 0.0   |TAR: 0.0   |WTR: 0.0   |
|           |AED: 1.73  |RED: 1.14  |CED: 0.0   |CTD: 6.55  |
| 27        | -1.143    | 0.6921    |

Discovery Execution Time: 0:00:04.884268
Simulation Execution Time: 0:00:06.441280
|           |MTR: 0.0   |TAR: 0.0   |WTR: 0.0   |
|           |AED: 1.62  |RED: 1.16  |CED: 0.0   |CTD: 6.74  |
| 28        | -1.155    | 0.6914    |

Discovery Execution Time: 0:00:04.524318
Simulation Execution Time: 0:00:06.128817
|           |MTR: 0.0   |TAR: 0.0   |WTR: 0.0   |
|           |AED: 1.71  |RED: 1.29  |CED: 0.0   |CTD: 7.04  |
| 29        | -1.289    | 0.6907    |

Discovery Execution Time: 0:00:04.761180
Simulation Execution Time: 0:00:06.511189
|           |MTR: 0.0   |TAR: 0.0   |WTR: 0.0   |
|           |AED: 1.96  |RED: 1.15  |CED: 0.0   |CTD: 5.97  |
| 30        | -1.154    | 0.6798    |
=====================================
Best result: {'angle': 0.5474074064541531}; f(x) = -1.0226380116669351.
STARTING PROCESS: loan_application (ModelType.MULTI_LOCAL)
++++++++++++++ PROBABILISTIC HYPERPARAMETER TUNNING - loan_application process +++++++++++++++++++++++
Calendar Type 2, Even Resource Workload: True
|   iter    |  target   |   angle   |
-------------------------------------

Discovery Execution Time: 0:00:05.732820
Simulation Execution Time: 0:00:07.380029
|           |MTR: 0.0   |TAR: 0.0   |WTR: 0.0   |
|           |AED: 1.75  |RED: 1.19  |CED: 0.0   |CTD: 6.31  |
| 1         | -1.186    | 0.967     |

Discovery Execution Time: 0:00:05.390355
Simulation Execution Time: 0:00:07.328311
|           |MTR: 0.0   |TAR: 0.0   |WTR: 0.0   |
|           |AED: 1.98  |RED: 1.52  |CED: 0.0   |CTD: 3.02  |
| 2         | -1.521    | 0.5472    |

Discovery Execution Time: 0:00:08.848303
Simulation Execution Time: 0:00:07.679438
|           |MTR: 0.0   |TAR: 0.0   |WTR: 0.0   |
|           |AED: 1.64  |RED: 1.22  |CED: 0.0   |CTD: 6.5   |
| 3         | -1.22     | 0.9727    |

Discovery Execution Time: 0:00:06.014005
Simulation Execution Time: 0:00:08.702259
|           |MTR: 0.0   |TAR: 0.0   |WTR: 0.0   |
|           |AED: 1.89  |RED: 1.13  |CED: 0.0   |CTD: 4.28  |
| 4         | -1.129    | 0.7148    |

Discovery Execution Time: 0:00:05.335222
Simulation Execution Time: 0:00:07.000164
|           |MTR: 0.0   |TAR: 0.0   |WTR: 0.0   |
|           |AED: 1.71  |RED: 1.3   |CED: 0.0   |CTD: 3.7   |
| 5         | -1.299    | 0.6977    |

Discovery Execution Time: 0:00:05.283208
Simulation Execution Time: 0:00:07.130442
|           |MTR: 0.0   |TAR: 0.0   |WTR: 0.0   |
|           |AED: 1.49  |RED: 1.11  |CED: 0.0   |CTD: 4.86  |
| 6         | -1.111    | 0.7148    |

Discovery Execution Time: 0:00:05.362433
Simulation Execution Time: 0:00:07.626934
|           |MTR: 0.0   |TAR: 0.0   |WTR: 0.0   |
|           |AED: 1.6   |RED: 1.15  |CED: 0.0   |CTD: 4.95  |
| 7         | -1.154    | 0.7146    |

Discovery Execution Time: 0:00:06.103465
Simulation Execution Time: 0:00:07.624403
|           |MTR: 0.0   |TAR: 0.0   |WTR: 0.0   |
|           |AED: 2.02  |RED: 1.33  |CED: 0.0   |CTD: 7.01  |
| 8         | -1.331    | 0.9674    |

Discovery Execution Time: 0:00:05.745724
Simulation Execution Time: 0:00:07.778245
|           |MTR: 0.0   |TAR: 0.0   |WTR: 0.0   |
|           |AED: 2.1   |RED: 1.19  |CED: 0.0   |CTD: 6.45  |
| 9         | -1.193    | 0.9667    |

Discovery Execution Time: 0:00:05.619660
Simulation Execution Time: 0:00:08.551415
|           |MTR: 0.0   |TAR: 0.0   |WTR: 0.0   |
|           |AED: 2.01  |RED: 1.26  |CED: 0.0   |CTD: 6.13  |
| 10        | -1.26     | 0.9664    |

Discovery Execution Time: 0:00:05.256981
Simulation Execution Time: 0:00:07.071741
|           |MTR: 0.0   |TAR: 0.0   |WTR: 0.0   |
|           |AED: 2.07  |RED: 1.27  |CED: 0.0   |CTD: 5.94  |
| 11        | -1.272    | 0.9723    |

Discovery Execution Time: 0:00:05.157553
Simulation Execution Time: 0:00:21.118056
|           |MTR: 0.0   |TAR: 0.0   |WTR: 0.0   |
|           |AED: 1.92  |RED: 1.08  |CED: 0.0   |CTD: 4.61  |
| 12        | -1.075    | 0.7142    |

Discovery Execution Time: 0:00:06.706070
Simulation Execution Time: 0:00:08.349503
|           |MTR: 0.0   |TAR: 0.0   |WTR: 0.0   |
|           |AED: 1.83  |RED: 1.04  |CED: 0.0   |CTD: 5.05  | <---------------------------------------------
| 13        | -1.037    | 0.7141    |

Discovery Execution Time: 0:00:05.341473
Simulation Execution Time: 0:00:07.397187
|           |MTR: 0.0   |TAR: 0.0   |WTR: 0.0   |
|           |AED: 1.74  |RED: 1.16  |CED: 0.0   |CTD: 4.4   |
| 14        | -1.162    | 0.7139    |

Discovery Execution Time: 0:00:05.351655
Simulation Execution Time: 0:00:07.458753
|           |MTR: 0.0   |TAR: 0.0   |WTR: 0.0   |
|           |AED: 1.25  |RED: 1.06  |CED: 0.0   |CTD: 5.13  |
| 15        | -1.062    | 0.7131    |

Discovery Execution Time: 0:00:05.570612
Simulation Execution Time: 0:00:07.774593
|           |MTR: 0.0   |TAR: 0.0   |WTR: 0.0   |
|           |AED: 1.63  |RED: 1.11  |CED: 0.0   |CTD: 5.08  |
| 16        | -1.112    | 0.7132    |

Discovery Execution Time: 0:00:05.488465
Simulation Execution Time: 0:00:07.385541
|           |MTR: 0.0   |TAR: 0.0   |WTR: 0.0   |
|           |AED: 1.84  |RED: 1.17  |CED: 0.0   |CTD: 4.33  |
| 17        | -1.169    | 0.7129    |

Discovery Execution Time: 0:00:04.942391
Simulation Execution Time: 0:00:06.988435
|           |MTR: 0.0   |TAR: 0.0   |WTR: 0.0   |
|           |AED: 2.01  |RED: 2.13  |CED: 0.0   |CTD: 1.42  |
| 18        | -2.133    | 0.4545    |

Discovery Execution Time: 0:00:05.543473
Simulation Execution Time: 0:00:07.516957
|           |MTR: 0.0   |TAR: 0.0   |WTR: 0.0   |
|           |AED: 1.69  |RED: 1.23  |CED: 0.0   |CTD: 6.75  |
| 19        | -1.231    | 0.9737    |

Discovery Execution Time: 0:00:05.594958
Simulation Execution Time: 0:00:07.559194
|           |MTR: 0.0   |TAR: 0.0   |WTR: 0.0   |
|           |AED: 1.76  |RED: 1.25  |CED: 0.0   |CTD: 7.23  |
| 20        | -1.254    | 0.9746    |

Discovery Execution Time: 0:00:04.686009
Simulation Execution Time: 0:00:06.519448
|           |MTR: 0.0   |TAR: 0.0   |WTR: 0.0   |
|           |AED: 2.37  |RED: 3.11  |CED: 0.0   |CTD: 3.28  |
| 21        | -3.114    | 0.2171    |

Discovery Execution Time: 0:00:05.708484
Simulation Execution Time: 0:00:07.614959
|           |MTR: 0.0   |TAR: 0.0   |WTR: 0.0   |
|           |AED: 1.51  |RED: 1.28  |CED: 0.0   |CTD: 6.85  |
| 22        | -1.281    | 0.9758    |

Discovery Execution Time: 0:00:05.667236
Simulation Execution Time: 0:00:07.645902
|           |MTR: 0.0   |TAR: 0.0   |WTR: 0.0   |
|           |AED: 1.85  |RED: 1.53  |CED: 0.0   |CTD: 7.36  |
| 23        | -1.527    | 0.9771    |

Discovery Execution Time: 0:00:05.309500
Simulation Execution Time: 0:00:07.359136
|           |MTR: 0.0   |TAR: 0.0   |WTR: 0.0   |
|           |AED: 1.63  |RED: 1.21  |CED: 0.0   |CTD: 4.66  |
| 24        | -1.207    | 0.699     |

Discovery Execution Time: 0:00:05.226730
Simulation Execution Time: 0:00:07.353055
|           |MTR: 0.0   |TAR: 0.0   |WTR: 0.0   |
|           |AED: 1.78  |RED: 1.15  |CED: 0.0   |CTD: 4.59  |
| 25        | -1.149    | 0.7       |

Discovery Execution Time: 0:00:04.967746
Simulation Execution Time: 0:00:06.843339
|           |MTR: 0.0   |TAR: 0.0   |WTR: 0.0   |
|           |AED: 1.92  |RED: 1.2   |CED: 0.0   |CTD: 5.03  |
| 26        | -1.201    | 0.7009    |

Discovery Execution Time: 0:00:05.024370
Simulation Execution Time: 0:00:06.854853
|           |MTR: 0.0   |TAR: 0.0   |WTR: 0.0   |
|           |AED: 1.76  |RED: 1.3   |CED: 0.0   |CTD: 3.78  |
| 27        | -1.298    | 0.7019    |

Discovery Execution Time: 0:00:05.034141
Simulation Execution Time: 0:00:06.906355
|           |MTR: 0.0   |TAR: 0.0   |WTR: 0.0   |
|           |AED: 1.52  |RED: 1.15  |CED: 0.0   |CTD: 4.77  |
| 28        | -1.154    | 0.6963    |

Discovery Execution Time: 0:00:04.987025
Simulation Execution Time: 0:00:06.878272
|           |MTR: 0.0   |TAR: 0.0   |WTR: 0.0   |
|           |AED: 1.6   |RED: 1.28  |CED: 0.0   |CTD: 4.05  |
| 29        | -1.279    | 0.6954    |

Discovery Execution Time: 0:00:05.020595
Simulation Execution Time: 0:00:06.923402
|           |MTR: 0.0   |TAR: 0.0   |WTR: 0.0   |
|           |AED: 1.55  |RED: 1.24  |CED: 0.0   |CTD: 3.81  |
| 30        | -1.237    | 0.6941    |
=====================================
Best result: {'angle': 0.7140539615341697}; f(x) = -1.037285561826233.
++++++++++++++ PROBABILISTIC HYPERPARAMETER TUNNING - loan_application process +++++++++++++++++++++++
Calendar Type 2, Even Resource Workload: False
|   iter    |  target   |   angle   |
-------------------------------------

Discovery Execution Time: 0:00:05.407109
Simulation Execution Time: 0:00:07.279375
|           |MTR: 0.0   |TAR: 0.0   |WTR: 0.0   |
|           |AED: 1.74  |RED: 1.62  |CED: 0.0   |CTD: 9.12  |
| 1         | -1.622    | 0.967     |

Discovery Execution Time: 0:00:04.878943
Simulation Execution Time: 0:00:06.910773
|           |MTR: 0.0   |TAR: 0.0   |WTR: 0.0   |
|           |AED: 1.52  |RED: 1.07  |CED: 0.0   |CTD: 4.44  |
| 2         | -1.068    | 0.5472    |

Discovery Execution Time: 0:00:05.322510
Simulation Execution Time: 0:00:07.253945
|           |MTR: 0.0   |TAR: 0.0   |WTR: 0.0   |
|           |AED: 1.82  |RED: 1.46  |CED: 0.0   |CTD: 9.24  |
| 3         | -1.455    | 0.9727    |

Discovery Execution Time: 0:00:05.080874
Simulation Execution Time: 0:00:07.092370
|           |MTR: 0.0   |TAR: 0.0   |WTR: 0.0   |
|           |AED: 1.65  |RED: 1.13  |CED: 0.0   |CTD: 6.55  |
| 4         | -1.134    | 0.7148    |

Discovery Execution Time: 0:00:05.057195
Simulation Execution Time: 0:00:07.106528
|           |MTR: 0.0   |TAR: 0.0   |WTR: 0.0   |
|           |AED: 1.66  |RED: 1.18  |CED: 0.0   |CTD: 6.83  |
| 5         | -1.177    | 0.6977    |

Discovery Execution Time: 0:00:05.062816
Simulation Execution Time: 0:00:06.953879
|           |MTR: 0.0   |TAR: 0.0   |WTR: 0.0   |
|           |AED: 1.54  |RED: 1.22  |CED: 0.0   |CTD: 6.75  |
| 6         | -1.221    | 0.7148    |

Discovery Execution Time: 0:00:05.024018
Simulation Execution Time: 0:00:06.970044
|           |MTR: 0.0   |TAR: 0.0   |WTR: 0.0   |
|           |AED: 1.61  |RED: 1.15  |CED: 0.0   |CTD: 6.36  |
| 7         | -1.151    | 0.6977    |

Discovery Execution Time: 0:00:04.876257
Simulation Execution Time: 0:00:06.872039
|           |MTR: 0.0   |TAR: 0.0   |WTR: 0.0   |
|           |AED: 1.66  |RED: 1.02  |CED: 0.0   |CTD: 5.02  | <------------------------------------------------
| 8         | -1.024    | 0.5473    |

Discovery Execution Time: 0:00:04.847333
Simulation Execution Time: 0:00:06.818029
|           |MTR: 0.0   |TAR: 0.0   |WTR: 0.0   |
|           |AED: 1.6   |RED: 1.08  |CED: 0.0   |CTD: 5.34  |
| 9         | -1.078    | 0.5474    |

Discovery Execution Time: 0:00:05.066183
Simulation Execution Time: 0:00:06.997581
|           |MTR: 0.0   |TAR: 0.0   |WTR: 0.0   |
|           |AED: 1.54  |RED: 1.17  |CED: 0.0   |CTD: 7.08  |
| 10        | -1.166    | 0.7149    |

Discovery Execution Time: 0:00:04.882534
Simulation Execution Time: 0:00:06.881865
|           |MTR: 0.0   |TAR: 0.0   |WTR: 0.0   |
|           |AED: 1.57  |RED: 1.06  |CED: 0.0   |CTD: 4.97  |
| 11        | -1.062    | 0.5475    |

Discovery Execution Time: 0:00:04.987841
Simulation Execution Time: 0:00:06.890785
|           |MTR: 0.0   |TAR: 0.0   |WTR: 0.0   |
|           |AED: 1.93  |RED: 1.13  |CED: 0.0   |CTD: 4.36  |
| 12        | -1.127    | 0.5476    |

Discovery Execution Time: 0:00:04.991304
Simulation Execution Time: 0:00:06.785827
|           |MTR: 0.0   |TAR: 0.0   |WTR: 0.0   |
|           |AED: 1.63  |RED: 1.12  |CED: 0.0   |CTD: 4.27  |
| 13        | -1.12     | 0.5471    |

Discovery Execution Time: 0:00:04.872030
Simulation Execution Time: 0:00:06.911606
|           |MTR: 0.0   |TAR: 0.0   |WTR: 0.0   |
|           |AED: 1.48  |RED: 1.08  |CED: 0.0   |CTD: 5.36  |
| 14        | -1.082    | 0.547     |

Discovery Execution Time: 0:00:05.008111
Simulation Execution Time: 0:00:06.950666
|           |MTR: 0.0   |TAR: 0.0   |WTR: 0.0   |
|           |AED: 1.58  |RED: 1.11  |CED: 0.0   |CTD: 6.47  |
| 15        | -1.106    | 0.6975    |

Discovery Execution Time: 0:00:04.873444
Simulation Execution Time: 0:00:06.880630
|           |MTR: 0.0   |TAR: 0.0   |WTR: 0.0   |
|           |AED: 1.69  |RED: 1.1   |CED: 0.0   |CTD: 4.21  |
| 16        | -1.103    | 0.5468    |

Discovery Execution Time: 0:00:04.921982
Simulation Execution Time: 0:00:06.885528
|           |MTR: 0.0   |TAR: 0.0   |WTR: 0.0   |
|           |AED: 1.43  |RED: 1.05  |CED: 0.0   |CTD: 4.66  |
| 17        | -1.051    | 0.5467    |

Discovery Execution Time: 0:00:04.954353
Simulation Execution Time: 0:00:06.872412
|           |MTR: 0.0   |TAR: 0.0   |WTR: 0.0   |
|           |AED: 1.76  |RED: 1.09  |CED: 0.0   |CTD: 4.62  |
| 18        | -1.095    | 0.5466    |

Discovery Execution Time: 0:00:04.926376
Simulation Execution Time: 0:00:06.783034
|           |MTR: 0.0   |TAR: 0.0   |WTR: 0.0   |
|           |AED: 1.5   |RED: 1.14  |CED: 0.0   |CTD: 4.83  |
| 19        | -1.14     | 0.5466    |

Discovery Execution Time: 0:00:04.911744
Simulation Execution Time: 0:00:06.904656
|           |MTR: 0.0   |TAR: 0.0   |WTR: 0.0   |
|           |AED: 1.67  |RED: 1.14  |CED: 0.0   |CTD: 5.23  |
| 20        | -1.141    | 0.5469    |

Discovery Execution Time: 0:00:05.390234
Simulation Execution Time: 0:00:07.414592
|           |MTR: 0.0   |TAR: 0.0   |WTR: 0.0   |
|           |AED: 1.82  |RED: 1.11  |CED: 0.0   |CTD: 6.38  |
| 21        | -1.115    | 0.6974    |

Discovery Execution Time: 0:00:05.290147
Simulation Execution Time: 0:00:07.206755
|           |MTR: 0.0   |TAR: 0.0   |WTR: 0.0   |
|           |AED: 1.76  |RED: 1.23  |CED: 0.0   |CTD: 4.31  |
| 22        | -1.226    | 0.5473    |

Discovery Execution Time: 0:00:05.429360
Simulation Execution Time: 0:00:07.323373
|           |MTR: 0.0   |TAR: 0.0   |WTR: 0.0   |
|           |AED: 1.53  |RED: 1.14  |CED: 0.0   |CTD: 5.05  |
| 23        | -1.143    | 0.5467    |

Discovery Execution Time: 0:00:05.197340
Simulation Execution Time: 0:00:07.274760
|           |MTR: 0.0   |TAR: 0.0   |WTR: 0.0   |
|           |AED: 2.02  |RED: 1.07  |CED: 0.0   |CTD: 5.24  |
| 24        | -1.068    | 0.5475    |

