Simulation Execution Time: 0:00:08.451290
|           |MTR: 0.0   |TAR: 0.0   |WTR: 0.0   |
|           |AED: 3.24  |RED: 2.88  |CED: 0.0   |CTD: 12.26 |
| 22        | -2.879    | 0.9677    |

Discovery Execution Time: 0:00:05.692765
Simulation Execution Time: 0:00:08.493740
|           |MTR: 0.0   |TAR: 0.0   |WTR: 0.0   |
|           |AED: 3.02  |RED: 2.84  |CED: 0.0   |CTD: 12.41 |
| 23        | -2.84     | 0.9669    |

Discovery Execution Time: 0:00:04.959362
Simulation Execution Time: 0:00:07.774422
|           |MTR: 0.0   |TAR: 0.0   |WTR: 0.0   |
|           |AED: 4.72  |RED: 4.37  |CED: 0.0   |CTD: 3.33  |
| 24        | -4.369    | 0.4185    |

Discovery Execution Time: 0:00:05.321906
Simulation Execution Time: 0:00:08.116010
|           |MTR: 0.0   |TAR: 0.0   |WTR: 0.0   |
|           |AED: 3.59  |RED: 3.1   |CED: 0.0   |CTD: 8.53  |
| 25        | -3.102    | 0.6979    |

Discovery Execution Time: 0:00:05.703856
Simulation Execution Time: 0:00:08.428994
|           |MTR: 0.0   |TAR: 0.0   |WTR: 0.0   |
|           |AED: 3.39  |RED: 2.86  |CED: 0.0   |CTD: 11.23 |
| 26        | -2.86     | 0.9672    |

Discovery Execution Time: 0:00:05.651830
Simulation Execution Time: 0:00:08.466571
|           |MTR: 0.0   |TAR: 0.0   |WTR: 0.0   |
|           |AED: 3.4   |RED: 2.94  |CED: 0.0   |CTD: 10.72 |
| 27        | -2.939    | 0.9666    |

Discovery Execution Time: 0:00:05.745111
Simulation Execution Time: 0:00:08.355372
|           |MTR: 0.0   |TAR: 0.0   |WTR: 0.0   |
|           |AED: 3.38  |RED: 2.94  |CED: 0.0   |CTD: 10.96 |
| 28        | -2.94     | 0.9678    |

Discovery Execution Time: 0:00:05.675277
Simulation Execution Time: 0:00:08.400623
|           |MTR: 0.0   |TAR: 0.0   |WTR: 0.0   |
|           |AED: 3.3   |RED: 2.82  |CED: 0.0   |CTD: 12.62 |
| 29        | -2.817    | 0.9679    |

Discovery Execution Time: 0:00:05.657484
Simulation Execution Time: 0:00:08.400470
|           |MTR: 0.0   |TAR: 0.0   |WTR: 0.0   |
|           |AED: 3.31  |RED: 2.86  |CED: 0.0   |CTD: 11.79 |
| 30        | -2.86     | 0.968     |
=====================================
Best result: {'angle': 0.9669247250604678}; f(x) = -2.7598341665279236.
STARTING PROCESS: loan_application (ModelType.SEQUENTIAL)
++++++++++++++ PROBABILISTIC HYPERPARAMETER TUNNING - loan_application process +++++++++++++++++++++++
Calendar Type 4, Even Resource Workload: True
|   iter    |  target   |   angle   |
-------------------------------------

Discovery Execution Time: 0:00:04.013888
Simulation Execution Time: 0:00:07.002584
|           |MTR: 0.0   |TAR: 0.0   |WTR: 0.0   |
|           |AED: 461.28|RED: 457.86|CED: 0.0   |CTD: 660.59|
| 1         | -457.9    | 0.967     |

Discovery Execution Time: 0:00:03.487686
Simulation Execution Time: 0:00:06.448332
|           |MTR: 0.0   |TAR: 0.0   |WTR: 0.0   |
|           |AED: 390.48|RED: 388.42|CED: 0.0   |CTD: 553.45|
| 2         | -388.4    | 0.5472    |

Discovery Execution Time: 0:00:03.952719
Simulation Execution Time: 0:00:07.064629
|           |MTR: 0.0   |TAR: 0.0   |WTR: 0.0   |
|           |AED: 465.15|RED: 461.56|CED: 0.0   |CTD: 669.2 |
| 3         | -461.6    | 0.9727    |

Discovery Execution Time: 0:00:03.725318
Simulation Execution Time: 0:00:06.701610
|           |MTR: 0.0   |TAR: 0.0   |WTR: 0.0   |
|           |AED: 446.7 |RED: 443.99|CED: 0.0   |CTD: 641.07|
| 4         | -444.0    | 0.7148    |

Discovery Execution Time: 0:00:03.674639
Simulation Execution Time: 0:00:06.625011
|           |MTR: 0.0   |TAR: 0.0   |WTR: 0.0   |
|           |AED: 441.09|RED: 437.9 |CED: 0.0   |CTD: 626.65|
| 5         | -437.9    | 0.6977    |

Discovery Execution Time: 0:00:03.599391
Simulation Execution Time: 0:00:06.362555
|           |MTR: 0.0   |TAR: 0.0   |WTR: 0.0   |
|           |AED: 395.35|RED: 392.89|CED: 0.0   |CTD: 563.24|
| 6         | -392.9    | 0.5472    |

Discovery Execution Time: 0:00:03.586813
Simulation Execution Time: 0:00:06.433373
|           |MTR: 0.0   |TAR: 0.0   |WTR: 0.0   |
|           |AED: 400.42|RED: 397.27|CED: 0.0   |CTD: 565.26|
| 7         | -397.3    | 0.5476    |

Discovery Execution Time: 0:00:03.593052
Simulation Execution Time: 0:00:06.374065
|           |MTR: 0.0   |TAR: 0.0   |WTR: 0.0   |
|           |AED: 386.69|RED: 383.67|CED: 0.0   |CTD: 541.72|
| 8         | -383.7    | 0.5484    |

Discovery Execution Time: 0:00:03.514751
Simulation Execution Time: 0:00:06.433940
|           |MTR: 0.0   |TAR: 0.0   |WTR: 0.0   |
|           |AED: 395.74|RED: 392.72|CED: 0.0   |CTD: 553.12|
| 9         | -392.7    | 0.5488    |

Discovery Execution Time: 0:00:03.573889
Simulation Execution Time: 0:00:06.388587
|           |MTR: 0.0   |TAR: 0.0   |WTR: 0.0   |
|           |AED: 391.93|RED: 388.41|CED: 0.0   |CTD: 552.0 |
| 10        | -388.4    | 0.5495    |

Discovery Execution Time: 0:00:03.499276
Simulation Execution Time: 0:00:06.352752
|           |MTR: 0.0   |TAR: 0.0   |WTR: 0.0   |
|           |AED: 393.3 |RED: 389.96|CED: 0.0   |CTD: 552.91|
| 11        | -390.0    | 0.55      |

Discovery Execution Time: 0:00:03.608465
Simulation Execution Time: 0:00:06.375482
|           |MTR: 0.0   |TAR: 0.0   |WTR: 0.0   |
|           |AED: 409.88|RED: 407.0 |CED: 0.0   |CTD: 563.24|
| 12        | -407.0    | 0.5506    |

Discovery Execution Time: 0:00:03.582399
Simulation Execution Time: 0:00:06.393226
|           |MTR: 0.0   |TAR: 0.0   |WTR: 0.0   |
|           |AED: 388.1 |RED: 385.33|CED: 0.0   |CTD: 543.8 |
| 13        | -385.3    | 0.5519    |

Discovery Execution Time: 0:00:03.544462
Simulation Execution Time: 0:00:06.343738
|           |MTR: 0.0   |TAR: 0.0   |WTR: 0.0   |
|           |AED: 396.74|RED: 393.52|CED: 0.0   |CTD: 566.61|
| 14        | -393.5    | 0.5524    |

Discovery Execution Time: 0:00:03.555938
Simulation Execution Time: 0:00:06.457677
|           |MTR: 0.0   |TAR: 0.0   |WTR: 0.0   |
|           |AED: 392.65|RED: 389.67|CED: 0.0   |CTD: 552.95|
| 15        | -389.7    | 0.5513    |

Discovery Execution Time: 0:00:03.588538
Simulation Execution Time: 0:00:06.340169
|           |MTR: 0.0   |TAR: 0.0   |WTR: 0.0   |
|           |AED: 388.01|RED: 385.0 |CED: 0.0   |CTD: 531.8 |
| 16        | -385.0    | 0.5532    |

Discovery Execution Time: 0:00:03.605015
Simulation Execution Time: 0:00:06.388577
|           |MTR: 0.0   |TAR: 0.0   |WTR: 0.0   |
|           |AED: 401.45|RED: 398.36|CED: 0.0   |CTD: 558.46|
| 17        | -398.4    | 0.5538    |

Discovery Execution Time: 0:00:03.582769
Simulation Execution Time: 0:00:06.423177
|           |MTR: 0.0   |TAR: 0.0   |WTR: 0.0   |
|           |AED: 394.54|RED: 391.45|CED: 0.0   |CTD: 545.62|
| 18        | -391.4    | 0.5549    |

Discovery Execution Time: 0:00:03.587541
Simulation Execution Time: 0:00:06.382550
|           |MTR: 0.0   |TAR: 0.0   |WTR: 0.0   |
|           |AED: 390.33|RED: 387.3 |CED: 0.0   |CTD: 550.05|
| 19        | -387.3    | 0.5555    |

Discovery Execution Time: 0:00:03.590436
Simulation Execution Time: 0:00:06.363498
|           |MTR: 0.0   |TAR: 0.0   |WTR: 0.0   |
|           |AED: 394.5 |RED: 391.32|CED: 0.0   |CTD: 544.64|
| 20        | -391.3    | 0.5561    |

Discovery Execution Time: 0:00:03.541674
Simulation Execution Time: 0:00:06.334304
|           |MTR: 0.0   |TAR: 0.0   |WTR: 0.0   |
|           |AED: 391.27|RED: 387.93|CED: 0.0   |CTD: 553.9 |
| 21        | -387.9    | 0.5569    |

Discovery Execution Time: 0:00:03.544988
Simulation Execution Time: 0:00:06.377242
|           |MTR: 0.0   |TAR: 0.0   |WTR: 0.0   |
|           |AED: 392.04|RED: 389.29|CED: 0.0   |CTD: 548.26|
| 22        | -389.3    | 0.5576    |

Discovery Execution Time: 0:00:03.594652
Simulation Execution Time: 0:00:06.398356
|           |MTR: 0.0   |TAR: 0.0   |WTR: 0.0   |
|           |AED: 384.9 |RED: 382.32|CED: 0.0   |CTD: 544.14| <-----------------------------------------
| 23        | -382.3    | 0.5583    |

Discovery Execution Time: 0:00:03.577913
Simulation Execution Time: 0:00:06.494314
|           |MTR: 0.0   |TAR: 0.0   |WTR: 0.0   |
|           |AED: 391.86|RED: 389.24|CED: 0.0   |CTD: 552.55|
| 24        | -389.2    | 0.5589    |

Discovery Execution Time: 0:00:03.612917
Simulation Execution Time: 0:00:06.373743
|           |MTR: 0.0   |TAR: 0.0   |WTR: 0.0   |
|           |AED: 387.17|RED: 384.52|CED: 0.0   |CTD: 556.86|
| 25        | -384.5    | 0.5597    |

Discovery Execution Time: 0:00:03.564494
Simulation Execution Time: 0:00:06.395588
|           |MTR: 0.0   |TAR: 0.0   |WTR: 0.0   |
|           |AED: 387.73|RED: 384.68|CED: 0.0   |CTD: 557.14|
| 26        | -384.7    | 0.5602    |

Discovery Execution Time: 0:00:03.628578
Simulation Execution Time: 0:00:06.454929
|           |MTR: 0.0   |TAR: 0.0   |WTR: 0.0   |
|           |AED: 394.92|RED: 392.04|CED: 0.0   |CTD: 561.82|
| 27        | -392.0    | 0.5608    |

Discovery Execution Time: 0:00:03.639004
Simulation Execution Time: 0:00:06.563039
|           |MTR: 0.0   |TAR: 0.0   |WTR: 0.0   |
|           |AED: 392.12|RED: 389.18|CED: 0.0   |CTD: 551.52|
| 28        | -389.2    | 0.5618    |

Discovery Execution Time: 0:00:03.595903
Simulation Execution Time: 0:00:06.465299
|           |MTR: 0.0   |TAR: 0.0   |WTR: 0.0   |
|           |AED: 397.61|RED: 394.69|CED: 0.0   |CTD: 555.85|
| 29        | -394.7    | 0.5625    |

Discovery Execution Time: 0:00:03.555863
Simulation Execution Time: 0:00:06.369346
|           |MTR: 0.0   |TAR: 0.0   |WTR: 0.0   |
|           |AED: 392.14|RED: 389.76|CED: 0.0   |CTD: 553.64|
| 30        | -389.8    | 0.5635    |
=====================================
Best result: {'angle': 0.5583330973929881}; f(x) = -382.3180359391062.
++++++++++++++ PROBABILISTIC HYPERPARAMETER TUNNING - loan_application process +++++++++++++++++++++++
Calendar Type 4, Even Resource Workload: False
|   iter    |  target   |   angle   |
-------------------------------------

Discovery Execution Time: 0:00:03.921515
Simulation Execution Time: 0:00:07.135807
|           |MTR: 0.0   |TAR: 0.0   |WTR: 0.0   |
|           |AED: 462.03|RED: 459.78|CED: 0.0   |CTD: 674.22|
| 1         | -459.8    | 0.967     |

Discovery Execution Time: 0:00:03.590949
Simulation Execution Time: 0:00:06.422154
|           |MTR: 0.0   |TAR: 0.0   |WTR: 0.0   |
|           |AED: 373.17|RED: 370.3 |CED: 0.0   |CTD: 534.37|
| 2         | -370.3    | 0.5472    |

Discovery Execution Time: 0:00:03.790567
Simulation Execution Time: 0:00:07.013481
|           |MTR: 0.0   |TAR: 0.0   |WTR: 0.0   |
|           |AED: 442.09|RED: 439.9 |CED: 0.0   |CTD: 648.36|
| 3         | -439.9    | 0.9727    |

Discovery Execution Time: 0:00:03.673963
Simulation Execution Time: 0:00:06.610533
|           |MTR: 0.0   |TAR: 0.0   |WTR: 0.0   |
|           |AED: 410.18|RED: 408.3 |CED: 0.0   |CTD: 607.25|
| 4         | -408.3    | 0.7148    |

Discovery Execution Time: 0:00:03.609991
Simulation Execution Time: 0:00:06.698142
|           |MTR: 0.0   |TAR: 0.0   |WTR: 0.0   |
|           |AED: 417.68|RED: 415.28|CED: 0.0   |CTD: 602.91|
| 5         | -415.3    | 0.6977    |

Discovery Execution Time: 0:00:03.669381
Simulation Execution Time: 0:00:06.620397
|           |MTR: 0.0   |TAR: 0.0   |WTR: 0.0   |
|           |AED: 405.48|RED: 402.94|CED: 0.0   |CTD: 577.16|
| 6         | -402.9    | 0.7148    |

Discovery Execution Time: 0:00:03.548233
Simulation Execution Time: 0:00:06.513296
|           |MTR: 0.0   |TAR: 0.0   |WTR: 0.0   |
|           |AED: 382.27|RED: 379.64|CED: 0.0   |CTD: 533.88|
| 7         | -379.6    | 0.5471    |

Discovery Execution Time: 0:00:03.554744
Simulation Execution Time: 0:00:06.454301
|           |MTR: 0.0   |TAR: 0.0   |WTR: 0.0   |
|           |AED: 373.8 |RED: 371.87|CED: 0.0   |CTD: 547.28|
| 8         | -371.9    | 0.5475    |

Discovery Execution Time: 0:00:03.763001
Simulation Execution Time: 0:00:06.744359
|           |MTR: 0.0   |TAR: 0.0   |WTR: 0.0   |
|           |AED: 412.6 |RED: 410.94|CED: 0.0   |CTD: 603.6 |
| 9         | -410.9    | 0.7153    |

Discovery Execution Time: 0:00:03.543555
Simulation Execution Time: 0:00:06.510560
|           |MTR: 0.0   |TAR: 0.0   |WTR: 0.0   |
|           |AED: 383.03|RED: 380.87|CED: 0.0   |CTD: 556.26|
| 10        | -380.9    | 0.5479    |

Discovery Execution Time: 0:00:03.580647
Simulation Execution Time: 0:00:06.405848
|           |MTR: 0.0   |TAR: 0.0   |WTR: 0.0   |
|           |AED: 381.13|RED: 378.36|CED: 0.0   |CTD: 543.81|
| 11        | -378.4    | 0.5483    |

Discovery Execution Time: 0:00:03.585621
Simulation Execution Time: 0:00:06.489828
|           |MTR: 0.0   |TAR: 0.0   |WTR: 0.0   |
|           |AED: 369.85|RED: 367.21|CED: 0.0   |CTD: 539.62|
| 12        | -367.2    | 0.5487    |

Discovery Execution Time: 0:00:03.631755
Simulation Execution Time: 0:00:06.486467
|           |MTR: 0.0   |TAR: 0.0   |WTR: 0.0   |
|           |AED: 384.61|RED: 382.17|CED: 0.0   |CTD: 554.48|
| 13        | -382.2    | 0.549     |

Discovery Execution Time: 0:00:03.547209
Simulation Execution Time: 0:00:06.483312
|           |MTR: 0.0   |TAR: 0.0   |WTR: 0.0   |
|           |AED: 384.74|RED: 382.38|CED: 0.0   |CTD: 549.43|
| 14        | -382.4    | 0.5496    |

Discovery Execution Time: 0:00:03.537271
Simulation Execution Time: 0:00:06.340556
|           |MTR: 0.0   |TAR: 0.0   |WTR: 0.0   |
|           |AED: 371.6 |RED: 369.92|CED: 0.0   |CTD: 540.34|
| 15        | -369.9    | 0.5501    |

Discovery Execution Time: 0:00:03.569045
Simulation Execution Time: 0:00:06.442433
|           |MTR: 0.0   |TAR: 0.0   |WTR: 0.0   |
|           |AED: 383.58|RED: 380.82|CED: 0.0   |CTD: 546.14|
| 16        | -380.8    | 0.5504    |

Discovery Execution Time: 0:00:03.591775
Simulation Execution Time: 0:00:06.329181
|           |MTR: 0.0   |TAR: 0.0   |WTR: 0.0   |
|           |AED: 375.04|RED: 372.39|CED: 0.0   |CTD: 541.08|
| 17        | -372.4    | 0.5511    |

Discovery Execution Time: 0:00:03.524526
Simulation Execution Time: 0:00:06.508064
|           |MTR: 0.0   |TAR: 0.0   |WTR: 0.0   |
|           |AED: 383.04|RED: 380.93|CED: 0.0   |CTD: 567.43|
| 18        | -380.9    | 0.5515    |

Discovery Execution Time: 0:00:03.586392
Simulation Execution Time: 0:00:06.406613
|           |MTR: 0.0   |TAR: 0.0   |WTR: 0.0   |
|           |AED: 378.03|RED: 375.68|CED: 0.0   |CTD: 548.42|
| 19        | -375.7    | 0.552     |

Discovery Execution Time: 0:00:03.638092
Simulation Execution Time: 0:00:06.296762
|           |MTR: 0.0   |TAR: 0.0   |WTR: 0.0   |
|           |AED: 371.69|RED: 369.64|CED: 0.0   |CTD: 534.04|
| 20        | -369.6    | 0.5525    |

Discovery Execution Time: 0:00:03.570823
Simulation Execution Time: 0:00:06.348665
|           |MTR: 0.0   |TAR: 0.0   |WTR: 0.0   |
|           |AED: 374.79|RED: 372.58|CED: 0.0   |CTD: 541.04|
| 21        | -372.6    | 0.5529    |

Discovery Execution Time: 0:00:03.564876
Simulation Execution Time: 0:00:06.476083
|           |MTR: 0.0   |TAR: 0.0   |WTR: 0.0   |
|           |AED: 376.56|RED: 374.49|CED: 0.0   |CTD: 541.94|
| 22        | -374.5    | 0.5534    |

Discovery Execution Time: 0:00:03.526771
Simulation Execution Time: 0:00:06.495157
|           |MTR: 0.0   |TAR: 0.0   |WTR: 0.0   |
|           |AED: 374.92|RED: 372.85|CED: 0.0   |CTD: 541.63|
| 23        | -372.9    | 0.5538    |

Discovery Execution Time: 0:00:03.565362
Simulation Execution Time: 0:00:06.416843
|           |MTR: 0.0   |TAR: 0.0   |WTR: 0.0   |
|           |AED: 363.85|RED: 360.76|CED: 0.0   |CTD: 521.12| <--------------------------------------------
| 24        | -360.8    | 0.5544    |

Discovery Execution Time: 0:00:03.496669
Simulation Execution Time: 0:00:06.351026
|           |MTR: 0.0   |TAR: 0.0   |WTR: 0.0   |
|           |AED: 370.51|RED: 368.5 |CED: 0.0   |CTD: 543.65|
| 25        | -368.5    | 0.5547    |

Discovery Execution Time: 0:00:03.569940
Simulation Execution Time: 0:00:06.450648
|           |MTR: 0.0   |TAR: 0.0   |WTR: 0.0   |
|           |AED: 377.9 |RED: 375.98|CED: 0.0   |CTD: 556.11|
| 26        | -376.0    | 0.5552    |

Discovery Execution Time: 0:00:03.568284
Simulation Execution Time: 0:00:06.466966
|           |MTR: 0.0   |TAR: 0.0   |WTR: 0.0   |
|           |AED: 375.4 |RED: 372.86|CED: 0.0   |CTD: 544.09|
| 27        | -372.9    | 0.5541    |

Discovery Execution Time: 0:00:03.599066
Simulation Execution Time: 0:00:06.448938
|           |MTR: 0.0   |TAR: 0.0   |WTR: 0.0   |
|           |AED: 378.53|RED: 376.11|CED: 0.0   |CTD: 549.03|
| 28        | -376.1    | 0.5559    |

Discovery Execution Time: 0:00:03.523190
Simulation Execution Time: 0:00:06.410070
|           |MTR: 0.0   |TAR: 0.0   |WTR: 0.0   |
|           |AED: 379.76|RED: 376.53|CED: 0.0   |CTD: 542.53|
| 29        | -376.5    | 0.5565    |

Discovery Execution Time: 0:00:03.578374
Simulation Execution Time: 0:00:06.453598
|           |MTR: 0.0   |TAR: 0.0   |WTR: 0.0   |
|           |AED: 385.19|RED: 382.73|CED: 0.0   |CTD: 556.29|
| 30        | -382.7    | 0.5573    |
=====================================
Best result: {'angle': 0.5543852125823048}; f(x) = -360.7619925942804.
STARTING PROCESS: loan_application (ModelType.MULTI_GLOBAL)
++++++++++++++ PROBABILISTIC HYPERPARAMETER TUNNING - loan_application process +++++++++++++++++++++++
Calendar Type 4, Even Resource Workload: True
|   iter    |  target   |   angle   |
-------------------------------------

Discovery Execution Time: 0:00:04.693350
Simulation Execution Time: 0:00:07.533916
|           |MTR: 0.0   |TAR: 0.0   |WTR: 0.0   |
|           |AED: 10.35 |RED: 6.21  |CED: 0.0   |CTD: 8.28  |
| 1         | -6.212    | 0.967     |

Discovery Execution Time: 0:00:04.231706
Simulation Execution Time: 0:00:07.024068
|           |MTR: 0.0   |TAR: 0.0   |WTR: 0.0   |
|           |AED: 9.23  |RED: 9.82  |CED: 0.0   |CTD: 11.53 |
| 2         | -9.817    | 0.5472    |

Discovery Execution Time: 0:00:04.592731
Simulation Execution Time: 0:00:07.543350
|           |MTR: 0.0   |TAR: 0.0   |WTR: 0.0   |
|           |AED: 10.0  |RED: 6.18  |CED: 0.0   |CTD: 7.52  |
| 3         | -6.183    | 0.9727    |

Discovery Execution Time: 0:00:04.305239
Simulation Execution Time: 0:00:07.292005
|           |MTR: 0.0   |TAR: 0.0   |WTR: 0.0   |
|           |AED: 9.32  |RED: 7.31  |CED: 0.0   |CTD: 7.94  |
| 4         | -7.308    | 0.7148    |

Discovery Execution Time: 0:00:04.322250
Simulation Execution Time: 0:00:07.261194
|           |MTR: 0.0   |TAR: 0.0   |WTR: 0.0   |
|           |AED: 9.67  |RED: 7.75  |CED: 0.0   |CTD: 7.96  |
| 5         | -7.748    | 0.6977    |

Discovery Execution Time: 0:00:04.624802
Simulation Execution Time: 0:00:07.404003
|           |MTR: 0.0   |TAR: 0.0   |WTR: 0.0   |
|           |AED: 10.29 |RED: 6.85  |CED: 0.0   |CTD: 7.37  |
| 6         | -6.848    | 0.967     |

Discovery Execution Time: 0:00:04.661705
Simulation Execution Time: 0:00:07.523278
|           |MTR: 0.0   |TAR: 0.0   |WTR: 0.0   |
|           |AED: 9.97  |RED: 5.96  |CED: 0.0   |CTD: 8.13  |
| 7         | -5.959    | 0.9728    |

Discovery Execution Time: 0:00:04.594273
Simulation Execution Time: 0:00:07.364500
|           |MTR: 0.0   |TAR: 0.0   |WTR: 0.0   |
|           |AED: 10.09 |RED: 6.75  |CED: 0.0   |CTD: 7.52  |
| 8         | -6.753    | 0.9671    |

Discovery Execution Time: 0:00:04.642225
Simulation Execution Time: 0:00:07.577544
|           |MTR: 0.0   |TAR: 0.0   |WTR: 0.0   |
|           |AED: 10.2  |RED: 6.59  |CED: 0.0   |CTD: 8.24  |
| 9         | -6.592    | 0.9729    |

Discovery Execution Time: 0:00:04.625095
Simulation Execution Time: 0:00:07.590819
|           |MTR: 0.0   |TAR: 0.0   |WTR: 0.0   |
|           |AED: 10.32 |RED: 6.31  |CED: 0.0   |CTD: 8.14  |
| 10        | -6.315    | 0.9724    |

Discovery Execution Time: 0:00:04.609715
Simulation Execution Time: 0:00:07.467228
|           |MTR: 0.0   |TAR: 0.0   |WTR: 0.0   |
|           |AED: 9.69  |RED: 6.22  |CED: 0.0   |CTD: 7.85  |
| 11        | -6.224    | 0.9723    |

Discovery Execution Time: 0:00:04.719864
Simulation Execution Time: 0:00:07.559023
|           |MTR: 0.0   |TAR: 0.0   |WTR: 0.0   |
|           |AED: 9.97  |RED: 5.78  |CED: 0.0   |CTD: 8.7   | <-----------------------------------------------------
| 12        | -5.784    | 0.9722    |

Discovery Execution Time: 0:00:04.657024
Simulation Execution Time: 0:00:07.485433
|           |MTR: 0.0   |TAR: 0.0   |WTR: 0.0   |
|           |AED: 9.92  |RED: 6.52  |CED: 0.0   |CTD: 8.14  |
| 13        | -6.523    | 0.9721    |

Discovery Execution Time: 0:00:04.578915
Simulation Execution Time: 0:00:07.553028
|           |MTR: 0.0   |TAR: 0.0   |WTR: 0.0   |
|           |AED: 9.98  |RED: 6.05  |CED: 0.0   |CTD: 8.01  |
| 14        | -6.045    | 0.9722    |

Discovery Execution Time: 0:00:04.015061
Simulation Execution Time: 0:00:06.710377
|           |MTR: 0.0   |TAR: 0.0   |WTR: 0.0   |
|           |AED: 10.78 |RED: 11.8  |CED: 0.0   |CTD: 14.7  |
| 15        | -11.8     | 0.3612    |

Discovery Execution Time: 0:00:04.789264
Simulation Execution Time: 0:00:07.444207
|           |MTR: 0.0   |TAR: 0.0   |WTR: 0.0   |
|           |AED: 9.68  |RED: 6.13  |CED: 0.0   |CTD: 7.41  |
| 16        | -6.129    | 0.9733    |

Discovery Execution Time: 0:00:04.701160
Simulation Execution Time: 0:00:07.446295
|           |MTR: 0.0   |TAR: 0.0   |WTR: 0.0   |
|           |AED: 10.03 |RED: 6.32  |CED: 0.0   |CTD: 7.58  |
| 17        | -6.318    | 0.9731    |

Discovery Execution Time: 0:00:04.712857
Simulation Execution Time: 0:00:07.537667
|           |MTR: 0.0   |TAR: 0.0   |WTR: 0.0   |
|           |AED: 9.66  |RED: 6.43  |CED: 0.0   |CTD: 8.53  |
| 18        | -6.435    | 0.9736    |

Discovery Execution Time: 0:00:04.721679
Simulation Execution Time: 0:00:07.558560
|           |MTR: 0.0   |TAR: 0.0   |WTR: 0.0   |
|           |AED: 10.37 |RED: 6.09  |CED: 0.0   |CTD: 7.73  |
| 19        | -6.086    | 0.9738    |

Discovery Execution Time: 0:00:04.628203
Simulation Execution Time: 0:00:07.446115
|           |MTR: 0.0   |TAR: 0.0   |WTR: 0.0   |
