|           |AED: 10.15 |RED: 6.81  |CED: 0.0   |CTD: 7.85  |
| 20        | -6.81     | 0.9743    |

Discovery Execution Time: 0:00:04.732815
Simulation Execution Time: 0:00:07.460096
|           |MTR: 0.0   |TAR: 0.0   |WTR: 0.0   |
|           |AED: 10.0  |RED: 6.44  |CED: 0.0   |CTD: 8.16  |
| 21        | -6.444    | 0.974     |

Discovery Execution Time: 0:00:05.339907
Simulation Execution Time: 0:00:08.429786
|           |MTR: 0.0   |TAR: 0.0   |WTR: 0.0   |
|           |AED: 10.5  |RED: 7.18  |CED: 0.0   |CTD: 8.48  |
| 22        | -7.185    | 0.9748    |

Discovery Execution Time: 0:00:04.554583
Simulation Execution Time: 0:00:07.692887
|           |MTR: 0.0   |TAR: 0.0   |WTR: 0.0   |
|           |AED: 9.41  |RED: 11.72 |CED: 0.0   |CTD: 14.39 |
| 23        | -11.72    | 0.3795    |

Discovery Execution Time: 0:00:04.467151
Simulation Execution Time: 0:00:07.838271
|           |MTR: 0.0   |TAR: 0.0   |WTR: 0.0   |
|           |AED: 8.78  |RED: 8.59  |CED: 0.0   |CTD: 11.22 |
| 24        | -8.587    | 0.4185    |

Discovery Execution Time: 0:00:04.910923
Simulation Execution Time: 0:00:08.310941
|           |MTR: 0.0   |TAR: 0.0   |WTR: 0.0   |
|           |AED: 8.98  |RED: 7.2   |CED: 0.0   |CTD: 7.78  |
| 25        | -7.198    | 0.7095    |

Discovery Execution Time: 0:00:03.951581
Simulation Execution Time: 0:00:06.839919
|           |MTR: 0.0   |TAR: 0.0   |WTR: 0.0   |
|           |AED: 13.19 |RED: 15.41 |CED: 0.0   |CTD: 22.46 |
| 26        | -15.41    | 0.00127   |

Discovery Execution Time: 0:00:04.544534
Simulation Execution Time: 0:00:07.714567
|           |MTR: 0.0   |TAR: 0.0   |WTR: 0.0   |
|           |AED: 9.79  |RED: 6.75  |CED: 0.0   |CTD: 7.12  |
| 27        | -6.75     | 0.7099    |

Discovery Execution Time: 0:00:04.544129
Simulation Execution Time: 0:00:07.490807
|           |MTR: 0.0   |TAR: 0.0   |WTR: 0.0   |
|           |AED: 8.94  |RED: 6.78  |CED: 0.0   |CTD: 7.53  |
| 28        | -6.778    | 0.7103    |

Discovery Execution Time: 0:00:04.662543
Simulation Execution Time: 0:00:07.811758
|           |MTR: 0.0   |TAR: 0.0   |WTR: 0.0   |
|           |AED: 9.17  |RED: 6.99  |CED: 0.0   |CTD: 8.04  |
| 29        | -6.992    | 0.7106    |

Discovery Execution Time: 0:00:04.935906
Simulation Execution Time: 0:00:08.041569
|           |MTR: 0.0   |TAR: 0.0   |WTR: 0.0   |
|           |AED: 10.03 |RED: 6.33  |CED: 0.0   |CTD: 7.66  |
| 30        | -6.328    | 0.9752    |
=====================================
Best result: {'angle': 0.9722336345359224}; f(x) = -5.783637582393553.
++++++++++++++ PROBABILISTIC HYPERPARAMETER TUNNING - loan_application process +++++++++++++++++++++++
Calendar Type 4, Even Resource Workload: False
|   iter    |  target   |   angle   |
-------------------------------------

Discovery Execution Time: 0:00:04.893523
Simulation Execution Time: 0:00:07.971728
|           |MTR: 0.0   |TAR: 0.0   |WTR: 0.0   |
|           |AED: 8.45  |RED: 5.16  |CED: 0.0   |CTD: 7.79  |
| 1         | -5.158    | 0.967     |

Discovery Execution Time: 0:00:04.275111
Simulation Execution Time: 0:00:07.018415
|           |MTR: 0.0   |TAR: 0.0   |WTR: 0.0   |
|           |AED: 8.93  |RED: 8.81  |CED: 0.0   |CTD: 11.13 |
| 2         | -8.805    | 0.5472    |

Discovery Execution Time: 0:00:04.632920
Simulation Execution Time: 0:00:07.690050
|           |MTR: 0.0   |TAR: 0.0   |WTR: 0.0   |
|           |AED: 9.02  |RED: 4.99  |CED: 0.0   |CTD: 9.11  |
| 3         | -4.995    | 0.9727    |

Discovery Execution Time: 0:00:04.849391
Simulation Execution Time: 0:00:07.373475
|           |MTR: 0.0   |TAR: 0.0   |WTR: 0.0   |
|           |AED: 8.3   |RED: 6.75  |CED: 0.0   |CTD: 7.88  |
| 4         | -6.746    | 0.7148    |

Discovery Execution Time: 0:00:04.427776
Simulation Execution Time: 0:00:07.342682
|           |MTR: 0.0   |TAR: 0.0   |WTR: 0.0   |
|           |AED: 8.7   |RED: 7.44  |CED: 0.0   |CTD: 8.34  |
| 5         | -7.44     | 0.6977    |

Discovery Execution Time: 0:00:04.916314
Simulation Execution Time: 0:00:07.966481
|           |MTR: 0.0   |TAR: 0.0   |WTR: 0.0   |
|           |AED: 8.64  |RED: 4.64  |CED: 0.0   |CTD: 9.45  |
| 6         | -4.638    | 0.967     |

Discovery Execution Time: 0:00:04.877301
Simulation Execution Time: 0:00:08.108819
|           |MTR: 0.0   |TAR: 0.0   |WTR: 0.0   |
|           |AED: 8.36  |RED: 4.54  |CED: 0.0   |CTD: 8.61  |
| 7         | -4.544    | 0.9669    |

Discovery Execution Time: 0:00:04.833647
Simulation Execution Time: 0:00:07.990437
|           |MTR: 0.0   |TAR: 0.0   |WTR: 0.0   |
|           |AED: 8.85  |RED: 5.33  |CED: 0.0   |CTD: 7.95  |
| 8         | -5.325    | 0.9725    |

Discovery Execution Time: 0:00:04.825519
Simulation Execution Time: 0:00:08.166023
|           |MTR: 0.0   |TAR: 0.0   |WTR: 0.0   |
|           |AED: 8.93  |RED: 4.77  |CED: 0.0   |CTD: 8.68  |
| 9         | -4.77     | 0.9729    |

Discovery Execution Time: 0:00:04.952987
Simulation Execution Time: 0:00:08.699044
|           |MTR: 0.0   |TAR: 0.0   |WTR: 0.0   |
|           |AED: 8.46  |RED: 5.13  |CED: 0.0   |CTD: 8.13  |
| 10        | -5.126    | 0.9666    |

Discovery Execution Time: 0:00:04.795235
Simulation Execution Time: 0:00:08.639188
|           |MTR: 0.0   |TAR: 0.0   |WTR: 0.0   |
|           |AED: 8.58  |RED: 5.23  |CED: 0.0   |CTD: 8.07  |
| 11        | -5.228    | 0.9733    |

Discovery Execution Time: 0:00:04.702313
Simulation Execution Time: 0:00:07.679800
|           |MTR: 0.0   |TAR: 0.0   |WTR: 0.0   |
|           |AED: 8.29  |RED: 5.18  |CED: 0.0   |CTD: 7.71  |
| 12        | -5.178    | 0.9663    |

Discovery Execution Time: 0:00:04.813765
Simulation Execution Time: 0:00:08.270928
|           |MTR: 0.0   |TAR: 0.0   |WTR: 0.0   |
|           |AED: 8.46  |RED: 5.08  |CED: 0.0   |CTD: 8.44  |
| 13        | -5.083    | 0.9661    |

Discovery Execution Time: 0:00:05.134448
Simulation Execution Time: 0:00:08.492086
|           |MTR: 0.0   |TAR: 0.0   |WTR: 0.0   |
|           |AED: 10.1  |RED: 5.06  |CED: 0.0   |CTD: 9.05  |
| 14        | -5.055    | 0.9736    |

Discovery Execution Time: 0:00:05.114113
Simulation Execution Time: 0:00:08.569448
|           |MTR: 0.0   |TAR: 0.0   |WTR: 0.0   |
|           |AED: 8.47  |RED: 4.71  |CED: 0.0   |CTD: 8.9   |
| 15        | -4.712    | 0.9739    |

Discovery Execution Time: 0:00:05.155282
Simulation Execution Time: 0:00:08.147621
|           |MTR: 0.0   |TAR: 0.0   |WTR: 0.0   |
|           |AED: 8.5   |RED: 4.65  |CED: 0.0   |CTD: 8.46  |
| 16        | -4.648    | 0.9741    |

Discovery Execution Time: 0:00:04.886016
Simulation Execution Time: 0:00:07.900170
|           |MTR: 0.0   |TAR: 0.0   |WTR: 0.0   |
|           |AED: 8.63  |RED: 4.69  |CED: 0.0   |CTD: 8.15  |
| 17        | -4.691    | 0.9737    |

Discovery Execution Time: 0:00:04.684008
Simulation Execution Time: 0:00:07.716884
|           |MTR: 0.0   |TAR: 0.0   |WTR: 0.0   |
|           |AED: 8.61  |RED: 4.9   |CED: 0.0   |CTD: 8.0   |
| 18        | -4.899    | 0.9745    |

Discovery Execution Time: 0:00:04.693356
Simulation Execution Time: 0:00:07.938274
|           |MTR: 0.0   |TAR: 0.0   |WTR: 0.0   |
|           |AED: 8.27  |RED: 5.12  |CED: 0.0   |CTD: 8.62  |
| 19        | -5.116    | 0.9748    |

Discovery Execution Time: 0:00:04.727617
Simulation Execution Time: 0:00:07.873748
|           |MTR: 0.0   |TAR: 0.0   |WTR: 0.0   |
|           |AED: 9.01  |RED: 4.83  |CED: 0.0   |CTD: 9.72  |
| 20        | -4.833    | 0.9743    |

Discovery Execution Time: 0:00:04.851803
Simulation Execution Time: 0:00:08.418621
|           |MTR: 0.0   |TAR: 0.0   |WTR: 0.0   |
|           |AED: 8.66  |RED: 5.06  |CED: 0.0   |CTD: 8.28  |
| 21        | -5.058    | 0.9751    |

Discovery Execution Time: 0:00:05.189115
Simulation Execution Time: 0:00:08.501583
|           |MTR: 0.0   |TAR: 0.0   |WTR: 0.0   |
|           |AED: 9.27  |RED: 4.49  |CED: 0.0   |CTD: 8.98  | <-------------------------------------------
| 22        | -4.488    | 0.9755    |

Discovery Execution Time: 0:00:04.917086
Simulation Execution Time: 0:00:07.996897
|           |MTR: 0.0   |TAR: 0.0   |WTR: 0.0   |
|           |AED: 8.66  |RED: 4.92  |CED: 0.0   |CTD: 8.63  |
| 23        | -4.919    | 0.9757    |

Discovery Execution Time: 0:00:05.029942
Simulation Execution Time: 0:00:07.741419
|           |MTR: 0.0   |TAR: 0.0   |WTR: 0.0   |
|           |AED: 8.87  |RED: 4.61  |CED: 0.0   |CTD: 8.96  |
| 24        | -4.612    | 0.9754    |

Discovery Execution Time: 0:00:04.965328
Simulation Execution Time: 0:00:07.579758
|           |MTR: 0.0   |TAR: 0.0   |WTR: 0.0   |
|           |AED: 8.52  |RED: 5.39  |CED: 0.0   |CTD: 7.59  |
| 25        | -5.386    | 0.9658    |

Discovery Execution Time: 0:00:04.794757
Simulation Execution Time: 0:00:08.512183
|           |MTR: 0.0   |TAR: 0.0   |WTR: 0.0   |
|           |AED: 8.98  |RED: 4.87  |CED: 0.0   |CTD: 8.99  |
| 26        | -4.871    | 0.976     |

Discovery Execution Time: 0:00:05.027312
Simulation Execution Time: 0:00:08.505625
|           |MTR: 0.0   |TAR: 0.0   |WTR: 0.0   |
|           |AED: 9.1   |RED: 5.09  |CED: 0.0   |CTD: 9.04  |
| 27        | -5.087    | 0.9764    |

Discovery Execution Time: 0:00:05.179443
Simulation Execution Time: 0:00:08.165967
|           |MTR: 0.0   |TAR: 0.0   |WTR: 0.0   |
|           |AED: 9.84  |RED: 4.65  |CED: 0.0   |CTD: 9.97  |
| 28        | -4.655    | 0.9768    |

Discovery Execution Time: 0:00:04.942879
Simulation Execution Time: 0:00:07.858224
|           |MTR: 0.0   |TAR: 0.0   |WTR: 0.0   |
|           |AED: 8.15  |RED: 5.05  |CED: 0.0   |CTD: 8.11  |
| 29        | -5.054    | 0.9766    |

Discovery Execution Time: 0:00:04.786038
Simulation Execution Time: 0:00:08.026304
|           |MTR: 0.0   |TAR: 0.0   |WTR: 0.0   |
|           |AED: 8.58  |RED: 5.07  |CED: 0.0   |CTD: 8.36  |
| 30        | -5.068    | 0.977     |
=====================================
Best result: {'angle': 0.975522487656437}; f(x) = -4.487600240150221.
RED - Hyperparameter Optimization
STARTING PROCESS: loan_application (ModelType.MULTI_LOCAL)
++++++++++++++ PROBABILISTIC HYPERPARAMETER TUNNING - loan_application process +++++++++++++++++++++++
Calendar Type 4, Even Resource Workload: True
|   iter    |  target   |   angle   |
-------------------------------------

Discovery Execution Time: 0:00:05.896986
Simulation Execution Time: 0:00:09.558056
|           |MTR: 0.0   |TAR: 0.0   |WTR: 0.0   |
|           |AED: 10.26 |RED: 6.73  |CED: 0.0   |CTD: 7.61  |
| 1         | -6.726    | 0.967     |

Discovery Execution Time: 0:00:05.407644
Simulation Execution Time: 0:00:09.202007
|           |MTR: 0.0   |TAR: 0.0   |WTR: 0.0   |
|           |AED: 8.59  |RED: 8.9   |CED: 0.0   |CTD: 10.23 |
| 2         | -8.898    | 0.5472    |

Discovery Execution Time: 0:00:05.599624
Simulation Execution Time: 0:00:09.601698
|           |MTR: 0.0   |TAR: 0.0   |WTR: 0.0   |
|           |AED: 9.76  |RED: 6.93  |CED: 0.0   |CTD: 8.03  |
| 3         | -6.933    | 0.9727    |

Discovery Execution Time: 0:00:05.597893
Simulation Execution Time: 0:00:09.405448
|           |MTR: 0.0   |TAR: 0.0   |WTR: 0.0   |
|           |AED: 8.91  |RED: 6.95  |CED: 0.0   |CTD: 7.94  |
| 4         | -6.95     | 0.7148    |

Discovery Execution Time: 0:00:05.734806
Simulation Execution Time: 0:00:09.311291
|           |MTR: 0.0   |TAR: 0.0   |WTR: 0.0   |
|           |AED: 9.86  |RED: 8.09  |CED: 0.0   |CTD: 8.83  |
| 5         | -8.086    | 0.6977    |

Discovery Execution Time: 0:00:05.740490
Simulation Execution Time: 0:00:09.200604
|           |MTR: 0.0   |TAR: 0.0   |WTR: 0.0   |
|           |AED: 9.44  |RED: 7.97  |CED: 0.0   |CTD: 8.59  |
| 6         | -7.971    | 0.7148    |

Discovery Execution Time: 0:00:05.564480
Simulation Execution Time: 0:00:09.482911
|           |MTR: 0.0   |TAR: 0.0   |WTR: 0.0   |
|           |AED: 9.51  |RED: 7.79  |CED: 0.0   |CTD: 9.22  |
| 7         | -7.785    | 0.7148    |

Discovery Execution Time: 0:00:06.466404
Simulation Execution Time: 0:00:09.794456
|           |MTR: 0.0   |TAR: 0.0   |WTR: 0.0   |
|           |AED: 9.9   |RED: 6.92  |CED: 0.0   |CTD: 7.86  |
| 8         | -6.922    | 0.967     |

Discovery Execution Time: 0:00:05.876902
Simulation Execution Time: 0:00:09.882996
|           |MTR: 0.0   |TAR: 0.0   |WTR: 0.0   |
|           |AED: 10.01 |RED: 6.94  |CED: 0.0   |CTD: 7.89  |
| 9         | -6.939    | 0.967     |

Discovery Execution Time: 0:00:05.877796
Simulation Execution Time: 0:00:09.741995
|           |MTR: 0.0   |TAR: 0.0   |WTR: 0.0   |
|           |AED: 9.73  |RED: 6.26  |CED: 0.0   |CTD: 7.81  |
| 10        | -6.264    | 0.9671    |

Discovery Execution Time: 0:00:05.999663
Simulation Execution Time: 0:00:09.856456
|           |MTR: 0.0   |TAR: 0.0   |WTR: 0.0   |
|           |AED: 9.66  |RED: 6.2   |CED: 0.0   |CTD: 8.02  |
| 11        | -6.202    | 0.9727    |

Discovery Execution Time: 0:00:05.897871
Simulation Execution Time: 0:00:10.514068
|           |MTR: 0.0   |TAR: 0.0   |WTR: 0.0   |
|           |AED: 9.61  |RED: 6.62  |CED: 0.0   |CTD: 8.09  |
| 12        | -6.621    | 0.9726    |

Discovery Execution Time: 0:00:05.760274
Simulation Execution Time: 0:00:09.654610
|           |MTR: 0.0   |TAR: 0.0   |WTR: 0.0   |
|           |AED: 9.66  |RED: 6.82  |CED: 0.0   |CTD: 8.39  |
| 13        | -6.823    | 0.9671    |

Discovery Execution Time: 0:00:05.649165
Simulation Execution Time: 0:00:09.834493
|           |MTR: 0.0   |TAR: 0.0   |WTR: 0.0   |
|           |AED: 9.64  |RED: 6.72  |CED: 0.0   |CTD: 7.9   |
| 14        | -6.722    | 0.967     |

Discovery Execution Time: 0:00:05.786122
Simulation Execution Time: 0:00:09.514097
|           |MTR: 0.0   |TAR: 0.0   |WTR: 0.0   |
|           |AED: 10.42 |RED: 6.66  |CED: 0.0   |CTD: 8.13  |
| 15        | -6.659    | 0.9728    |

Discovery Execution Time: 0:00:05.679098
Simulation Execution Time: 0:00:09.174164
|           |MTR: 0.0   |TAR: 0.0   |WTR: 0.0   |
|           |AED: 10.08 |RED: 6.85  |CED: 0.0   |CTD: 8.0   |
| 16        | -6.855    | 0.9727    |

Discovery Execution Time: 0:00:05.698073
Simulation Execution Time: 0:00:09.354105
|           |MTR: 0.0   |TAR: 0.0   |WTR: 0.0   |
|           |AED: 9.71  |RED: 6.01  |CED: 0.0   |CTD: 7.54  | <-------------------------------------
| 17        | -6.015    | 0.9669    |

Discovery Execution Time: 0:00:05.535413
Simulation Execution Time: 0:00:09.289205
|           |MTR: 0.0   |TAR: 0.0   |WTR: 0.0   |
|           |AED: 10.08 |RED: 6.46  |CED: 0.0   |CTD: 7.59  |
| 18        | -6.46     | 0.9668    |

Discovery Execution Time: 0:00:05.650265
Simulation Execution Time: 0:00:09.095771
|           |MTR: 0.0   |TAR: 0.0   |WTR: 0.0   |
|           |AED: 10.53 |RED: 7.24  |CED: 0.0   |CTD: 7.78  |
| 19        | -7.239    | 0.9668    |

Discovery Execution Time: 0:00:05.663970
Simulation Execution Time: 0:00:09.227947
|           |MTR: 0.0   |TAR: 0.0   |WTR: 0.0   |
|           |AED: 9.9   |RED: 6.86  |CED: 0.0   |CTD: 8.05  |
| 20        | -6.859    | 0.9669    |

Discovery Execution Time: 0:00:04.829058
Simulation Execution Time: 0:00:08.381662
|           |MTR: 0.0   |TAR: 0.0   |WTR: 0.0   |
|           |AED: 11.1  |RED: 13.32 |CED: 0.0   |CTD: 17.5  |
| 21        | -13.32    | 0.2171    |

Discovery Execution Time: 0:00:05.617896
Simulation Execution Time: 0:00:09.225629
|           |MTR: 0.0   |TAR: 0.0   |WTR: 0.0   |
|           |AED: 9.71  |RED: 6.85  |CED: 0.0   |CTD: 7.93  |
| 22        | -6.852    | 0.9728    |

Discovery Execution Time: 0:00:05.657371
Simulation Execution Time: 0:00:09.209000
|           |MTR: 0.0   |TAR: 0.0   |WTR: 0.0   |
|           |AED: 9.63  |RED: 6.79  |CED: 0.0   |CTD: 8.18  |
| 23        | -6.794    | 0.973     |

Discovery Execution Time: 0:00:05.664773
Simulation Execution Time: 0:00:09.229850
|           |MTR: 0.0   |TAR: 0.0   |WTR: 0.0   |
|           |AED: 9.79  |RED: 7.01  |CED: 0.0   |CTD: 7.96  |
| 24        | -7.014    | 0.9726    |

Discovery Execution Time: 0:00:05.629084
Simulation Execution Time: 0:00:09.283372
|           |MTR: 0.0   |TAR: 0.0   |WTR: 0.0   |
|           |AED: 9.63  |RED: 6.92  |CED: 0.0   |CTD: 8.15  |
| 25        | -6.925    | 0.9668    |

Discovery Execution Time: 0:00:05.666405
Simulation Execution Time: 0:00:09.335391
|           |MTR: 0.0   |TAR: 0.0   |WTR: 0.0   |
|           |AED: 9.55  |RED: 6.48  |CED: 0.0   |CTD: 8.8   |
| 26        | -6.476    | 0.9729    |

Discovery Execution Time: 0:00:05.712869
Simulation Execution Time: 0:00:09.179060
|           |MTR: 0.0   |TAR: 0.0   |WTR: 0.0   |
|           |AED: 10.52 |RED: 6.16  |CED: 0.0   |CTD: 8.12  |
| 27        | -6.165    | 0.9731    |

Discovery Execution Time: 0:00:05.545475
Simulation Execution Time: 0:00:09.277694
|           |MTR: 0.0   |TAR: 0.0   |WTR: 0.0   |
|           |AED: 9.54  |RED: 6.73  |CED: 0.0   |CTD: 8.15  |
| 28        | -6.732    | 0.973     |

Discovery Execution Time: 0:00:05.656049
Simulation Execution Time: 0:00:09.217532
|           |MTR: 0.0   |TAR: 0.0   |WTR: 0.0   |
|           |AED: 9.66  |RED: 6.88  |CED: 0.0   |CTD: 7.71  |
| 29        | -6.884    | 0.9732    |

Discovery Execution Time: 0:00:05.734518
Simulation Execution Time: 0:00:09.135782
|           |MTR: 0.0   |TAR: 0.0   |WTR: 0.0   |
|           |AED: 9.88  |RED: 6.44  |CED: 0.0   |CTD: 8.35  |
| 30        | -6.439    | 0.9725    |
=====================================
Best result: {'angle': 0.9669312102973335}; f(x) = -6.01486988624539.
++++++++++++++ PROBABILISTIC HYPERPARAMETER TUNNING - loan_application process +++++++++++++++++++++++
Calendar Type 4, Even Resource Workload: False
|   iter    |  target   |   angle   |
-------------------------------------

Discovery Execution Time: 0:00:05.773845
Simulation Execution Time: 0:00:09.212454
|           |MTR: 0.0   |TAR: 0.0   |WTR: 0.0   |
|           |AED: 8.3   |RED: 5.23  |CED: 0.0   |CTD: 8.79  |
| 1         | -5.231    | 0.967     |

Discovery Execution Time: 0:00:05.079933
Simulation Execution Time: 0:00:08.661134
|           |MTR: 0.0   |TAR: 0.0   |WTR: 0.0   |
|           |AED: 8.83  |RED: 8.52  |CED: 0.0   |CTD: 10.58 |
| 2         | -8.524    | 0.5472    |

Discovery Execution Time: 0:00:05.542355
Simulation Execution Time: 0:00:09.265570
|           |MTR: 0.0   |TAR: 0.0   |WTR: 0.0   |
|           |AED: 8.66  |RED: 5.04  |CED: 0.0   |CTD: 9.65  |
| 3         | -5.037    | 0.9727    |

Discovery Execution Time: 0:00:05.703838
Simulation Execution Time: 0:00:09.151917
|           |MTR: 0.0   |TAR: 0.0   |WTR: 0.0   |
|           |AED: 8.42  |RED: 6.97  |CED: 0.0   |CTD: 8.6   |
| 4         | -6.975    | 0.7148    |

Discovery Execution Time: 0:00:05.424353
Simulation Execution Time: 0:00:08.891410
|           |MTR: 0.0   |TAR: 0.0   |WTR: 0.0   |
|           |AED: 8.21  |RED: 6.56  |CED: 0.0   |CTD: 8.2   |
| 5         | -6.56     | 0.6977    |

Discovery Execution Time: 0:00:05.816965
Simulation Execution Time: 0:00:09.345219
|           |MTR: 0.0   |TAR: 0.0   |WTR: 0.0   |
|           |AED: 8.32  |RED: 5.6   |CED: 0.0   |CTD: 8.28  |
| 6         | -5.598    | 0.967     |

Discovery Execution Time: 0:00:05.729343
Simulation Execution Time: 0:00:09.884759
|           |MTR: 0.0   |TAR: 0.0   |WTR: 0.0   |
|           |AED: 8.64  |RED: 4.53  |CED: 0.0   |CTD: 8.88  |
| 7         | -4.526    | 0.9728    |

Discovery Execution Time: 0:00:05.624089
Simulation Execution Time: 0:00:09.356585
|           |MTR: 0.0   |TAR: 0.0   |WTR: 0.0   |
|           |AED: 8.44  |RED: 5.07  |CED: 0.0   |CTD: 9.24  |
| 8         | -5.07     | 0.973     |

Discovery Execution Time: 0:00:05.751166
Simulation Execution Time: 0:00:09.400890
|           |MTR: 0.0   |TAR: 0.0   |WTR: 0.0   |
|           |AED: 8.03  |RED: 5.21  |CED: 0.0   |CTD: 8.32  |
| 9         | -5.212    | 0.9672    |

Discovery Execution Time: 0:00:06.507920
Simulation Execution Time: 0:00:10.370729
|           |MTR: 0.0   |TAR: 0.0   |WTR: 0.0   |
|           |AED: 8.62  |RED: 5.48  |CED: 0.0   |CTD: 9.95  |
| 10        | -5.479    | 0.9733    |

Discovery Execution Time: 0:00:06.559549
Simulation Execution Time: 0:00:10.948916
|           |MTR: 0.0   |TAR: 0.0   |WTR: 0.0   |
|           |AED: 8.11  |RED: 5.29  |CED: 0.0   |CTD: 8.42  |
| 11        | -5.286    | 0.9737    |

Discovery Execution Time: 0:00:05.921596
Simulation Execution Time: 0:00:09.742548
|           |MTR: 0.0   |TAR: 0.0   |WTR: 0.0   |
|           |AED: 7.97  |RED: 5.85  |CED: 0.0   |CTD: 8.6   |
| 12        | -5.852    | 0.974     |

Discovery Execution Time: 0:00:05.863583
Simulation Execution Time: 0:00:09.934592
|           |MTR: 0.0   |TAR: 0.0   |WTR: 0.0   |
|           |AED: 8.88  |RED: 5.04  |CED: 0.0   |CTD: 9.24  |
| 13        | -5.042    | 0.9677    |

Discovery Execution Time: 0:00:05.771792
Simulation Execution Time: 0:00:09.514761
|           |MTR: 0.0   |TAR: 0.0   |WTR: 0.0   |
|           |AED: 8.21  |RED: 4.4   |CED: 0.0   |CTD: 9.57  |
| 14        | -4.395    | 0.9679    |

Discovery Execution Time: 0:00:05.815946
Simulation Execution Time: 0:00:09.503442
|           |MTR: 0.0   |TAR: 0.0   |WTR: 0.0   |
|           |AED: 9.03  |RED: 5.44  |CED: 0.0   |CTD: 9.28  |
| 15        | -5.444    | 0.9682    |

Discovery Execution Time: 0:00:05.649260
Simulation Execution Time: 0:00:09.550437
|           |MTR: 0.0   |TAR: 0.0   |WTR: 0.0   |
|           |AED: 8.54  |RED: 5.08  |CED: 0.0   |CTD: 8.9   |
| 16        | -5.08     | 0.968     |

Discovery Execution Time: 0:00:05.780053
Simulation Execution Time: 0:00:09.437014
|           |MTR: 0.0   |TAR: 0.0   |WTR: 0.0   |
|           |AED: 8.41  |RED: 5.03  |CED: 0.0   |CTD: 8.93  |
| 17        | -5.034    | 0.9687    |

Discovery Execution Time: 0:00:05.715452
Simulation Execution Time: 0:00:09.378152
|           |MTR: 0.0   |TAR: 0.0   |WTR: 0.0   |
|           |AED: 8.85  |RED: 4.84  |CED: 0.0   |CTD: 9.5   |
| 18        | -4.839    | 0.969     |

Discovery Execution Time: 0:00:05.650720
Simulation Execution Time: 0:00:09.431623
