|           |MTR: 0.0   |TAR: 0.0   |WTR: 0.0   |
|           |AED: 8.53  |RED: 5.1   |CED: 0.0   |CTD: 9.2   |
| 19        | -5.103    | 0.9692    |

Discovery Execution Time: 0:00:05.632395
Simulation Execution Time: 0:00:09.230271
|           |MTR: 0.0   |TAR: 0.0   |WTR: 0.0   |
|           |AED: 9.16  |RED: 5.29  |CED: 0.0   |CTD: 8.79  |
| 20        | -5.292    | 0.9696    |

Discovery Execution Time: 0:00:05.668730
Simulation Execution Time: 0:00:09.285428
|           |MTR: 0.0   |TAR: 0.0   |WTR: 0.0   |
|           |AED: 8.7   |RED: 4.54  |CED: 0.0   |CTD: 9.03  |
| 21        | -4.538    | 0.9702    |

Discovery Execution Time: 0:00:05.712246
Simulation Execution Time: 0:00:09.261726
|           |MTR: 0.0   |TAR: 0.0   |WTR: 0.0   |
|           |AED: 8.71  |RED: 4.87  |CED: 0.0   |CTD: 9.47  |
| 22        | -4.868    | 0.9704    |

Discovery Execution Time: 0:00:05.687593
Simulation Execution Time: 0:00:09.298373
|           |MTR: 0.0   |TAR: 0.0   |WTR: 0.0   |
|           |AED: 8.06  |RED: 5.2   |CED: 0.0   |CTD: 8.08  |
| 23        | -5.201    | 0.9699    |

Discovery Execution Time: 0:00:05.611264
Simulation Execution Time: 0:00:09.133690
|           |MTR: 0.0   |TAR: 0.0   |WTR: 0.0   |
|           |AED: 8.23  |RED: 5.54  |CED: 0.0   |CTD: 8.12  |
| 24        | -5.54     | 0.9706    |

Discovery Execution Time: 0:00:05.391757
Simulation Execution Time: 0:00:08.899173
|           |MTR: 0.0   |TAR: 0.0   |WTR: 0.0   |
|           |AED: 8.25  |RED: 7.54  |CED: 0.0   |CTD: 9.07  |
| 25        | -7.544    | 0.7095    |

Discovery Execution Time: 0:00:04.561179
Simulation Execution Time: 0:00:07.804758
|           |MTR: 0.0   |TAR: 0.0   |WTR: 0.0   |
|           |AED: 11.31 |RED: 14.09 |CED: 0.0   |CTD: 20.31 |
| 26        | -14.09    | 0.00127   |

Discovery Execution Time: 0:00:05.340229
Simulation Execution Time: 0:00:09.160465
|           |MTR: 0.0   |TAR: 0.0   |WTR: 0.0   |
|           |AED: 7.7   |RED: 5.1   |CED: 0.0   |CTD: 7.93  |
| 27        | -5.101    | 0.8279    |

Discovery Execution Time: 0:00:05.541110
Simulation Execution Time: 0:00:09.019581
|           |MTR: 0.0   |TAR: 0.0   |WTR: 0.0   |
|           |AED: 7.47  |RED: 5.24  |CED: 0.0   |CTD: 7.06  |
| 28        | -5.236    | 0.8272    |

Discovery Execution Time: 0:00:05.558119
Simulation Execution Time: 0:00:09.006768
|           |MTR: 0.0   |TAR: 0.0   |WTR: 0.0   |
|           |AED: 7.47  |RED: 5.37  |CED: 0.0   |CTD: 7.49  |
| 29        | -5.373    | 0.8287    |

Discovery Execution Time: 0:00:05.537745
Simulation Execution Time: 0:00:09.039213
|           |MTR: 0.0   |TAR: 0.0   |WTR: 0.0   |
|           |AED: 7.69  |RED: 5.36  |CED: 0.0   |CTD: 7.39  |
| 30        | -5.364    | 0.8265    |
=====================================
Best result: {'angle': 0.9678760170910096}; f(x) = -4.395444011907917.