Discovery Execution Time: 0:00:04.173560
Simulation Execution Time: 0:00:05.100416
|           |MTR: 0.0   |TAR: 0.0   |WTR: 0.0   |
|           |AED: 1.15  |RED: 0.99  |CED: 0.0   |CTD: 1.42  |
| 29        | -0.9877   | 0.8494    |

Discovery Execution Time: 0:00:03.745051
Simulation Execution Time: 0:00:05.150870
|           |MTR: 0.0   |TAR: 0.0   |WTR: 0.0   |
|           |AED: 0.99  |RED: 0.95  |CED: 0.0   |CTD: 1.35  |
| 30        | -0.9455   | 0.03278   |
=====================================
Best result: {'angle': 0.03280356477282642}; f(x) = -0.9378687796082387.
++++++++++++++ PROBABILISTIC HYPERPARAMETER TUNNING - loan_application process +++++++++++++++++++++++
Calendar Type 1, Even Resource Workload: False
|   iter    |  target   |   angle   |
-------------------------------------

Discovery Execution Time: 0:00:04.235187
Simulation Execution Time: 0:00:05.065700
|           |MTR: 0.0   |TAR: 0.0   |WTR: 0.0   |
|           |AED: 1.49  |RED: 1.1   |CED: 0.0   |CTD: 1.96  |
| 1         | -1.099    | 0.967     |

Discovery Execution Time: 0:00:04.185883
Simulation Execution Time: 0:00:05.011933
|           |MTR: 0.0   |TAR: 0.0   |WTR: 0.0   |
|           |AED: 1.34  |RED: 1.1   |CED: 0.0   |CTD: 1.96  |
| 2         | -1.096    | 0.5472    |

Discovery Execution Time: 0:00:04.234008
Simulation Execution Time: 0:00:05.129686
|           |MTR: 0.0   |TAR: 0.0   |WTR: 0.0   |
|           |AED: 1.28  |RED: 1.1   |CED: 0.0   |CTD: 2.01  |
| 3         | -1.095    | 0.9727    |

Discovery Execution Time: 0:00:04.127462
Simulation Execution Time: 0:00:05.182770
|           |MTR: 0.0   |TAR: 0.0   |WTR: 0.0   |
|           |AED: 1.11  |RED: 1.07  |CED: 0.0   |CTD: 1.96  |
| 4         | -1.067    | 0.7148    |

Discovery Execution Time: 0:00:03.986986
Simulation Execution Time: 0:00:04.877756
|           |MTR: 0.0   |TAR: 0.0   |WTR: 0.0   |
|           |AED: 1.24  |RED: 1.01  |CED: 0.0   |CTD: 1.76  |
| 5         | -1.015    | 0.6977    |

Discovery Execution Time: 0:00:04.021535
Simulation Execution Time: 0:00:04.867730
|           |MTR: 0.0   |TAR: 0.0   |WTR: 0.0   |
|           |AED: 1.32  |RED: 1.1   |CED: 0.0   |CTD: 2.04  |
| 6         | -1.096    | 0.7148    |

Discovery Execution Time: 0:00:04.006442
Simulation Execution Time: 0:00:04.786721
|           |MTR: 0.0   |TAR: 0.0   |WTR: 0.0   |
|           |AED: 1.52  |RED: 1.04  |CED: 0.0   |CTD: 1.79  |
| 7         | -1.038    | 0.6978    |

Discovery Execution Time: 0:00:03.977884
Simulation Execution Time: 0:00:04.844913
|           |MTR: 0.0   |TAR: 0.0   |WTR: 0.0   |
|           |AED: 1.57  |RED: 1.11  |CED: 0.0   |CTD: 1.74  |
| 8         | -1.106    | 0.6977    |

Discovery Execution Time: 0:00:03.991717
Simulation Execution Time: 0:00:04.849163
|           |MTR: 0.0   |TAR: 0.0   |WTR: 0.0   |
|           |AED: 1.45  |RED: 1.09  |CED: 0.0   |CTD: 1.83  |
| 9         | -1.087    | 0.6978    |

Discovery Execution Time: 0:00:03.994910
Simulation Execution Time: 0:00:04.982695
|           |MTR: 0.0   |TAR: 0.0   |WTR: 0.0   |
|           |AED: 1.54  |RED: 1.12  |CED: 0.0   |CTD: 1.97  |
| 10        | -1.125    | 0.7147    |

Discovery Execution Time: 0:00:03.957419
Simulation Execution Time: 0:00:04.841056
|           |MTR: 0.0   |TAR: 0.0   |WTR: 0.0   |
|           |AED: 1.49  |RED: 1.13  |CED: 0.0   |CTD: 2.09  |
| 11        | -1.128    | 0.8958    |

Discovery Execution Time: 0:00:04.130073
Simulation Execution Time: 0:00:05.050186
|           |MTR: 0.0   |TAR: 0.0   |WTR: 0.0   |
|           |AED: 1.09  |RED: 1.1   |CED: 0.0   |CTD: 1.89  |
| 12        | -1.102    | 0.8494    |

Discovery Execution Time: 0:00:04.342732
Simulation Execution Time: 0:00:05.076601
|           |MTR: 0.0   |TAR: 0.0   |WTR: 0.0   |
|           |AED: 1.3   |RED: 1.09  |CED: 0.0   |CTD: 1.82  |
| 13        | -1.086    | 0.7       |

Discovery Execution Time: 0:00:04.096741
Simulation Execution Time: 0:00:05.020077
|           |MTR: 0.0   |TAR: 0.0   |WTR: 0.0   |
|           |AED: 1.19  |RED: 1.12  |CED: 0.0   |CTD: 2.08  |
| 14        | -1.123    | 0.7001    |

Discovery Execution Time: 0:00:03.951633
Simulation Execution Time: 0:00:04.923796
|           |MTR: 0.0   |TAR: 0.0   |WTR: 0.0   |
|           |AED: 1.37  |RED: 1.13  |CED: 0.0   |CTD: 2.12  |
| 15        | -1.129    | 0.6977    |

Discovery Execution Time: 0:00:04.005615
Simulation Execution Time: 0:00:04.844354
|           |MTR: 0.0   |TAR: 0.0   |WTR: 0.0   |
|           |AED: 1.19  |RED: 1.04  |CED: 0.0   |CTD: 1.78  |
| 16        | -1.041    | 0.6999    |

Discovery Execution Time: 0:00:04.025829
Simulation Execution Time: 0:00:05.546899
|           |MTR: 0.0   |TAR: 0.0   |WTR: 0.0   |
|           |AED: 1.31  |RED: 1.1   |CED: 0.0   |CTD: 1.86  |
| 17        | -1.097    | 0.6999    |

Discovery Execution Time: 0:00:05.528429
Simulation Execution Time: 0:00:07.312520
|           |MTR: 0.0   |TAR: 0.0   |WTR: 0.0   |
|           |AED: 1.26  |RED: 1.15  |CED: 0.0   |CTD: 2.0   |
| 18        | -1.149    | 0.6999    |

Discovery Execution Time: 0:00:05.897021
Simulation Execution Time: 0:00:07.249501
|           |MTR: 0.0   |TAR: 0.0   |WTR: 0.0   |
|           |AED: 1.1   |RED: 1.03  |CED: 0.0   |CTD: 1.78  |
| 19        | -1.029    | 0.6979    |

Discovery Execution Time: 0:00:06.550980
Simulation Execution Time: 0:00:07.083117
|           |MTR: 0.0   |TAR: 0.0   |WTR: 0.0   |
|           |AED: 1.46  |RED: 1.06  |CED: 0.0   |CTD: 1.86  |
| 20        | -1.057    | 0.6977    |

Discovery Execution Time: 0:00:05.961775
Simulation Execution Time: 0:00:07.581336
|           |MTR: 0.0   |TAR: 0.0   |WTR: 0.0   |
|           |AED: 1.16  |RED: 1.09  |CED: 0.0   |CTD: 1.98  |
| 21        | -1.091    | 0.6999    |

Discovery Execution Time: 0:00:07.168502
Simulation Execution Time: 0:00:06.438971
|           |MTR: 0.0   |TAR: 0.0   |WTR: 0.0   |
|           |AED: 1.56  |RED: 1.15  |CED: 0.0   |CTD: 2.03  |
| 22        | -1.15     | 0.7373    |

Discovery Execution Time: 0:00:04.026772
Simulation Execution Time: 0:00:04.804948
|           |MTR: 0.0   |TAR: 0.0   |WTR: 0.0   |
|           |AED: 1.18  |RED: 1.06  |CED: 0.0   |CTD: 1.97  |
| 23        | -1.062    | 0.6979    |

Discovery Execution Time: 0:00:04.235317
Simulation Execution Time: 0:00:05.139220
|           |MTR: 0.0   |TAR: 0.0   |WTR: 0.0   |
|           |AED: 1.34  |RED: 1.1   |CED: 0.0   |CTD: 1.99  |
| 24        | -1.098    | 0.6979    |

Discovery Execution Time: 0:00:04.232360
Simulation Execution Time: 0:00:05.131576
|           |MTR: 0.0   |TAR: 0.0   |WTR: 0.0   |
|           |AED: 1.16  |RED: 1.01  |CED: 0.0   |CTD: 1.88  |  <---------------------------------------------------------
| 25        | -1.006    | 0.6978    |

Discovery Execution Time: 0:00:04.166089
Simulation Execution Time: 0:00:05.079629
|           |MTR: 0.0   |TAR: 0.0   |WTR: 0.0   |
|           |AED: 1.27  |RED: 1.08  |CED: 0.0   |CTD: 1.85  |
| 26        | -1.077    | 0.7148    |

Discovery Execution Time: 0:00:04.200495
Simulation Execution Time: 0:00:05.076410
|           |MTR: 0.0   |TAR: 0.0   |WTR: 0.0   |
|           |AED: 1.26  |RED: 1.09  |CED: 0.0   |CTD: 1.95  |
| 27        | -1.093    | 0.698     |

Discovery Execution Time: 0:00:04.227666
Simulation Execution Time: 0:00:05.046857
|           |MTR: 0.0   |TAR: 0.0   |WTR: 0.0   |
|           |AED: 1.27  |RED: 1.11  |CED: 0.0   |CTD: 1.9   |
| 28        | -1.106    | 0.9446    |

Discovery Execution Time: 0:00:04.172324
Simulation Execution Time: 0:00:05.071283
|           |MTR: 0.0   |TAR: 0.0   |WTR: 0.0   |
|           |AED: 1.34  |RED: 1.15  |CED: 0.0   |CTD: 1.99  |
| 29        | -1.146    | 0.6978    |

Discovery Execution Time: 0:00:04.301695
Simulation Execution Time: 0:00:05.215095
|           |MTR: 0.0   |TAR: 0.0   |WTR: 0.0   |
|           |AED: 1.29  |RED: 1.08  |CED: 0.0   |CTD: 1.88  |
| 30        | -1.079    | 0.6979    |
=====================================
Best result: {'angle': 0.6977850075333529}; f(x) = -1.0061330227361795.
STARTING PROCESS: loan_application (ModelType.MULTI_LOCAL)
++++++++++++++ PROBABILISTIC HYPERPARAMETER TUNNING - loan_application process +++++++++++++++++++++++
Calendar Type 1, Even Resource Workload: True
|   iter    |  target   |   angle   |
-------------------------------------

Discovery Execution Time: 0:00:05.048746
Simulation Execution Time: 0:00:05.844682
|           |MTR: 0.0   |TAR: 0.0   |WTR: 0.0   |
|           |AED: 1.12  |RED: 0.94  |CED: 0.0   |CTD: 1.28  |
| 1         | -0.9426   | 0.967     |

Discovery Execution Time: 0:00:04.907685
Simulation Execution Time: 0:00:05.753408
|           |MTR: 0.0   |TAR: 0.0   |WTR: 0.0   |
|           |AED: 1.06  |RED: 1.02  |CED: 0.0   |CTD: 1.45  |
| 2         | -1.023    | 0.5472    |

Discovery Execution Time: 0:00:04.879491
Simulation Execution Time: 0:00:05.835527
|           |MTR: 0.0   |TAR: 0.0   |WTR: 0.0   |
|           |AED: 1.1   |RED: 0.99  |CED: 0.0   |CTD: 1.35  |
| 3         | -0.9935   | 0.9727    |

Discovery Execution Time: 0:00:04.585422
Simulation Execution Time: 0:00:05.296353
|           |MTR: 0.0   |TAR: 0.0   |WTR: 0.0   |
|           |AED: 1.25  |RED: 1.05  |CED: 0.0   |CTD: 1.5   |
| 4         | -1.049    | 0.7148    |

Discovery Execution Time: 0:00:04.530236
Simulation Execution Time: 0:00:05.442803
|           |MTR: 0.0   |TAR: 0.0   |WTR: 0.0   |
|           |AED: 1.38  |RED: 0.98  |CED: 0.0   |CTD: 1.34  |
| 5         | -0.977    | 0.6977    |

Discovery Execution Time: 0:00:04.511418
Simulation Execution Time: 0:00:05.426120
|           |MTR: 0.0   |TAR: 0.0   |WTR: 0.0   |
|           |AED: 1.11  |RED: 0.99  |CED: 0.0   |CTD: 1.34  |
| 6         | -0.9896   | 0.967     |

Discovery Execution Time: 0:00:04.555064
Simulation Execution Time: 0:00:05.335315
|           |MTR: 0.0   |TAR: 0.0   |WTR: 0.0   |
|           |AED: 1.15  |RED: 1.07  |CED: 0.0   |CTD: 1.53  |
| 7         | -1.069    | 0.6978    |

Discovery Execution Time: 0:00:04.522416
Simulation Execution Time: 0:00:05.384583
|           |MTR: 0.0   |TAR: 0.0   |WTR: 0.0   |
|           |AED: 1.22  |RED: 1.0   |CED: 0.0   |CTD: 1.4   |
| 8         | -1.001    | 0.9671    |

Discovery Execution Time: 0:00:04.496828
Simulation Execution Time: 0:00:05.363541
|           |MTR: 0.0   |TAR: 0.0   |WTR: 0.0   |
|           |AED: 1.15  |RED: 1.0   |CED: 0.0   |CTD: 1.39  |
| 9         | -1.001    | 0.9727    |

Discovery Execution Time: 0:00:04.508286
Simulation Execution Time: 0:00:05.368575
|           |MTR: 0.0   |TAR: 0.0   |WTR: 0.0   |
|           |AED: 1.22  |RED: 0.97  |CED: 0.0   |CTD: 1.41  |
| 10        | -0.9709   | 0.6976    |

Discovery Execution Time: 0:00:04.546533
Simulation Execution Time: 0:00:05.756580
|           |MTR: 0.0   |TAR: 0.0   |WTR: 0.0   |
|           |AED: 1.04  |RED: 1.06  |CED: 0.0   |CTD: 1.48  |
| 11        | -1.062    | 0.9726    |

Discovery Execution Time: 0:00:04.839658
Simulation Execution Time: 0:00:05.742292
|           |MTR: 0.0   |TAR: 0.0   |WTR: 0.0   |
|           |AED: 1.25  |RED: 0.98  |CED: 0.0   |CTD: 1.41  |
| 12        | -0.9822   | 0.6977    |

Discovery Execution Time: 0:00:05.099836
Simulation Execution Time: 0:00:05.971810
|           |MTR: 0.0   |TAR: 0.0   |WTR: 0.0   |
|           |AED: 1.38  |RED: 1.0   |CED: 0.0   |CTD: 1.38  |
| 13        | -1.005    | 0.9669    |

Discovery Execution Time: 0:00:04.956864
Simulation Execution Time: 0:00:05.939111
|           |MTR: 0.0   |TAR: 0.0   |WTR: 0.0   |
|           |AED: 1.24  |RED: 0.95  |CED: 0.0   |CTD: 1.33  |
| 14        | -0.9533   | 0.967     |

Discovery Execution Time: 0:00:04.530042
Simulation Execution Time: 0:00:05.899867
|           |MTR: 0.0   |TAR: 0.0   |WTR: 0.0   |
|           |AED: 1.16  |RED: 1.02  |CED: 0.0   |CTD: 1.42  |
| 15        | -1.019    | 0.6975    |

Discovery Execution Time: 0:00:04.494814
Simulation Execution Time: 0:00:05.299920
|           |MTR: 0.0   |TAR: 0.0   |WTR: 0.0   |
|           |AED: 1.13  |RED: 1.0   |CED: 0.0   |CTD: 1.42  |
| 16        | -1.005    | 0.0637    |

Discovery Execution Time: 0:00:04.967729
Simulation Execution Time: 0:00:05.860758
|           |MTR: 0.0   |TAR: 0.0   |WTR: 0.0   |
|           |AED: 1.36  |RED: 1.02  |CED: 0.0   |CTD: 1.42  |
| 17        | -1.021    | 0.8272    |

Discovery Execution Time: 0:00:04.666061
Simulation Execution Time: 0:00:05.573129
|           |MTR: 0.0   |TAR: 0.0   |WTR: 0.0   |
|           |AED: 1.3   |RED: 1.04  |CED: 0.0   |CTD: 1.48  |
| 18        | -1.045    | 0.6976    |

Discovery Execution Time: 0:00:04.729215
Simulation Execution Time: 0:00:05.637247
|           |MTR: 0.0   |TAR: 0.0   |WTR: 0.0   |
|           |AED: 1.21  |RED: 1.02  |CED: 0.0   |CTD: 1.37  |
| 19        | -1.022    | 0.9728    |

Discovery Execution Time: 0:00:04.711005
Simulation Execution Time: 0:00:05.642359
|           |MTR: 0.0   |TAR: 0.0   |WTR: 0.0   |
|           |AED: 1.32  |RED: 1.03  |CED: 0.0   |CTD: 1.44  |
| 20        | -1.025    | 0.6977    |

Discovery Execution Time: 0:00:04.457154
Simulation Execution Time: 0:00:05.511687
|           |MTR: 0.0   |TAR: 0.0   |WTR: 0.0   |
|           |AED: 1.09  |RED: 0.94  |CED: 0.0   |CTD: 1.38  |   <----------------------------------------------
| 21        | -0.942    | 0.06375   |

Discovery Execution Time: 0:00:04.531585
Simulation Execution Time: 0:00:05.565198
|           |MTR: 0.0   |TAR: 0.0   |WTR: 0.0   |
|           |AED: 1.26  |RED: 1.0   |CED: 0.0   |CTD: 1.48  |
| 22        | -0.9983   | 0.06379   |

Discovery Execution Time: 0:00:04.477085
Simulation Execution Time: 0:00:05.551978
|           |MTR: 0.0   |TAR: 0.0   |WTR: 0.0   |
|           |AED: 1.21  |RED: 1.01  |CED: 0.0   |CTD: 1.42  |
| 23        | -1.013    | 0.3795    |

Discovery Execution Time: 0:00:04.550867
Simulation Execution Time: 0:00:05.547871
|           |MTR: 0.0   |TAR: 0.0   |WTR: 0.0   |
|           |AED: 1.2   |RED: 1.07  |CED: 0.0   |CTD: 1.45  |
| 24        | -1.066    | 0.4185    |

Discovery Execution Time: 0:00:04.842080
Simulation Execution Time: 0:00:05.692380
|           |MTR: 0.0   |TAR: 0.0   |WTR: 0.0   |
|           |AED: 1.31  |RED: 1.03  |CED: 0.0   |CTD: 1.42  |
| 25        | -1.031    | 0.9668    |

Discovery Execution Time: 0:00:04.886692
Simulation Execution Time: 0:00:05.768374
|           |MTR: 0.0   |TAR: 0.0   |WTR: 0.0   |
|           |AED: 1.11  |RED: 0.97  |CED: 0.0   |CTD: 1.34  |
| 26        | -0.972    | 0.06362   |

Discovery Execution Time: 0:00:04.635944
Simulation Execution Time: 0:00:05.858955
|           |MTR: 0.0   |TAR: 0.0   |WTR: 0.0   |
|           |AED: 1.1   |RED: 0.98  |CED: 0.0   |CTD: 1.43  |
| 27        | -0.9826   | 0.06377   |

Discovery Execution Time: 0:00:05.778577
Simulation Execution Time: 0:00:05.458006
|           |MTR: 0.0   |TAR: 0.0   |WTR: 0.0   |
|           |AED: 1.3   |RED: 1.05  |CED: 0.0   |CTD: 1.45  |
| 28        | -1.045    | 0.6976    |

Discovery Execution Time: 0:00:04.379254
Simulation Execution Time: 0:00:05.394691
|           |MTR: 0.0   |TAR: 0.0   |WTR: 0.0   |
|           |AED: 1.17  |RED: 0.97  |CED: 0.0   |CTD: 1.36  |
| 29        | -0.9694   | 0.06353   |

Discovery Execution Time: 0:00:04.275645
Simulation Execution Time: 0:00:05.151244
|           |MTR: 0.0   |TAR: 0.0   |WTR: 0.0   |
|           |AED: 1.02  |RED: 0.99  |CED: 0.0   |CTD: 1.41  |
| 30        | -0.99     | 0.06366   |
=====================================
Best result: {'angle': 0.0637507796514597}; f(x) = -0.9420360853395463.
++++++++++++++ PROBABILISTIC HYPERPARAMETER TUNNING - loan_application process +++++++++++++++++++++++
Calendar Type 1, Even Resource Workload: False
|   iter    |  target   |   angle   |
-------------------------------------

Discovery Execution Time: 0:00:04.584708
Simulation Execution Time: 0:00:05.545863
|           |MTR: 0.0   |TAR: 0.0   |WTR: 0.0   |
|           |AED: 1.1   |RED: 1.08  |CED: 0.0   |CTD: 1.9   |
| 1         | -1.081    | 0.967     |

Discovery Execution Time: 0:00:04.491609
Simulation Execution Time: 0:00:05.527519
|           |MTR: 0.0   |TAR: 0.0   |WTR: 0.0   |
|           |AED: 1.12  |RED: 1.1   |CED: 0.0   |CTD: 1.97  |
| 2         | -1.102    | 0.5472    |

Discovery Execution Time: 0:00:04.468825
Simulation Execution Time: 0:00:05.583610
|           |MTR: 0.0   |TAR: 0.0   |WTR: 0.0   |
|           |AED: 1.3   |RED: 1.2   |CED: 0.0   |CTD: 2.18  |
| 3         | -1.197    | 0.9727    |

Discovery Execution Time: 0:00:04.574524
Simulation Execution Time: 0:00:05.528833
|           |MTR: 0.0   |TAR: 0.0   |WTR: 0.0   |
|           |AED: 1.17  |RED: 1.09  |CED: 0.0   |CTD: 1.93  |
| 4         | -1.087    | 0.7148    |

Discovery Execution Time: 0:00:04.517964
Simulation Execution Time: 0:00:05.541158
|           |MTR: 0.0   |TAR: 0.0   |WTR: 0.0   |
|           |AED: 1.22  |RED: 1.06  |CED: 0.0   |CTD: 1.94  |
| 5         | -1.064    | 0.6977    |

Discovery Execution Time: 0:00:04.584585
Simulation Execution Time: 0:00:05.571403
|           |MTR: 0.0   |TAR: 0.0   |WTR: 0.0   |
|           |AED: 1.1   |RED: 1.07  |CED: 0.0   |CTD: 1.82  |
| 6         | -1.07     | 0.7148    |

Discovery Execution Time: 0:00:04.515584
Simulation Execution Time: 0:00:05.555391
|           |MTR: 0.0   |TAR: 0.0   |WTR: 0.0   |
|           |AED: 1.36  |RED: 1.06  |CED: 0.0   |CTD: 1.92  |
| 7         | -1.062    | 0.6976    |

Discovery Execution Time: 0:00:04.474717
Simulation Execution Time: 0:00:05.631020
|           |MTR: 0.0   |TAR: 0.0   |WTR: 0.0   |
|           |AED: 1.22  |RED: 1.12  |CED: 0.0   |CTD: 2.02  |
| 8         | -1.118    | 0.7151    |

Discovery Execution Time: 0:00:04.515656
Simulation Execution Time: 0:00:05.608743
|           |MTR: 0.0   |TAR: 0.0   |WTR: 0.0   |
|           |AED: 1.23  |RED: 1.1   |CED: 0.0   |CTD: 1.93  |
| 9         | -1.105    | 0.9669    |

Discovery Execution Time: 0:00:04.534160
Simulation Execution Time: 0:00:05.573199
|           |MTR: 0.0   |TAR: 0.0   |WTR: 0.0   |
|           |AED: 1.08  |RED: 1.07  |CED: 0.0   |CTD: 1.92  |
| 10        | -1.072    | 0.6975    |

Discovery Execution Time: 0:00:04.560510
Simulation Execution Time: 0:00:05.571853
|           |MTR: 0.0   |TAR: 0.0   |WTR: 0.0   |
|           |AED: 1.23  |RED: 1.1   |CED: 0.0   |CTD: 2.04  |
| 11        | -1.099    | 0.6979    |

Discovery Execution Time: 0:00:04.498673
Simulation Execution Time: 0:00:05.574669
|           |MTR: 0.0   |TAR: 0.0   |WTR: 0.0   |
|           |AED: 1.31  |RED: 1.09  |CED: 0.0   |CTD: 2.01  |
| 12        | -1.085    | 0.6974    |

Discovery Execution Time: 0:00:04.612624
Simulation Execution Time: 0:00:05.489048
|           |MTR: 0.0   |TAR: 0.0   |WTR: 0.0   |
|           |AED: 1.34  |RED: 1.09  |CED: 0.0   |CTD: 2.0   |
| 13        | -1.088    | 0.9672    |

Discovery Execution Time: 0:00:04.893708
Simulation Execution Time: 0:00:05.940215
|           |MTR: 0.0   |TAR: 0.0   |WTR: 0.0   |
|           |AED: 1.17  |RED: 1.08  |CED: 0.0   |CTD: 1.89  |
| 14        | -1.08     | 0.6971    |

Discovery Execution Time: 0:00:04.915046
Simulation Execution Time: 0:00:05.961520
|           |MTR: 0.0   |TAR: 0.0   |WTR: 0.0   |
|           |AED: 1.42  |RED: 1.07  |CED: 0.0   |CTD: 1.84  |
| 15        | -1.07     | 0.697     |

Discovery Execution Time: 0:00:04.646534
Simulation Execution Time: 0:00:05.746618
|           |MTR: 0.0   |TAR: 0.0   |WTR: 0.0   |
|           |AED: 1.18  |RED: 1.11  |CED: 0.0   |CTD: 1.93  |
| 16        | -1.108    | 0.9674    |

Discovery Execution Time: 0:00:04.796926
Simulation Execution Time: 0:00:06.058315
|           |MTR: 0.0   |TAR: 0.0   |WTR: 0.0   |
|           |AED: 1.2   |RED: 1.15  |CED: 0.0   |CTD: 1.87  |
| 17        | -1.147    | 0.7149    |

Discovery Execution Time: 0:00:04.900134
Simulation Execution Time: 0:00:06.038891
|           |MTR: 0.0   |TAR: 0.0   |WTR: 0.0   |
|           |AED: 1.35  |RED: 1.09  |CED: 0.0   |CTD: 1.9   |
| 18        | -1.087    | 0.6976    |

Discovery Execution Time: 0:00:04.753119
Simulation Execution Time: 0:00:05.927291
|           |MTR: 0.0   |TAR: 0.0   |WTR: 0.0   |
|           |AED: 1.31  |RED: 1.08  |CED: 0.0   |CTD: 1.8   |
| 19        | -1.084    | 0.9671    |

Discovery Execution Time: 0:00:04.831149
Simulation Execution Time: 0:00:05.906162
|           |MTR: 0.0   |TAR: 0.0   |WTR: 0.0   |
|           |AED: 1.27  |RED: 1.21  |CED: 0.0   |CTD: 2.12  |
| 20        | -1.205    | 0.6969    |

Discovery Execution Time: 0:00:04.797806
Simulation Execution Time: 0:00:05.909016
|           |MTR: 0.0   |TAR: 0.0   |WTR: 0.0   |
|           |AED: 1.14  |RED: 1.06  |CED: 0.0   |CTD: 1.85  |
| 21        | -1.056    | 0.6977    |

Discovery Execution Time: 0:00:04.823988
Simulation Execution Time: 0:00:06.010739
|           |MTR: 0.0   |TAR: 0.0   |WTR: 0.0   |
|           |AED: 1.21  |RED: 1.1   |CED: 0.0   |CTD: 2.02  |
| 22        | -1.099    | 0.6974    |

Discovery Execution Time: 0:00:04.801820
Simulation Execution Time: 0:00:06.064879
|           |MTR: 0.0   |TAR: 0.0   |WTR: 0.0   |
|           |AED: 1.32  |RED: 1.04  |CED: 0.0   |CTD: 1.81  |
| 23        | -1.039    | 0.967     |

Discovery Execution Time: 0:00:04.753961
Simulation Execution Time: 0:00:05.935273
|           |MTR: 0.0   |TAR: 0.0   |WTR: 0.0   |
|           |AED: 1.11  |RED: 1.04  |CED: 0.0   |CTD: 1.92  | <-----------------------------------------------
| 24        | -1.037    | 0.4185    |

Discovery Execution Time: 0:00:04.875784
Simulation Execution Time: 0:00:06.049387
|           |MTR: 0.0   |TAR: 0.0   |WTR: 0.0   |
|           |AED: 1.2   |RED: 1.11  |CED: 0.0   |CTD: 2.08  |
| 25        | -1.114    | 0.9669    |

Discovery Execution Time: 0:00:04.894710
Simulation Execution Time: 0:00:06.145161
|           |MTR: 0.0   |TAR: 0.0   |WTR: 0.0   |
|           |AED: 1.22  |RED: 1.11  |CED: 0.0   |CTD: 1.85  |
| 26        | -1.111    | 0.697     |

Discovery Execution Time: 0:00:04.369987
Simulation Execution Time: 0:00:05.517290
|           |MTR: 0.0   |TAR: 0.0   |WTR: 0.0   |
