C:\Python39\python.exe D:/Research/Implementations/Prosimos/testing_scripts/multitasking_scripts/multitasking_experiments.py
RED - Hyperparameter Optimization
STARTING PROCESS: loan_application (ModelType.SEQUENTIAL)
++++++++++++++ PROBABILISTIC HYPERPARAMETER TUNNING - loan_application process +++++++++++++++++++++++
Calendar Type 1, Even Resource Workload: True
|   iter    |  target   |   angle   |
-------------------------------------

Discovery Execution Time: 0:00:03.666502
Simulation Execution Time: 0:00:04.741918
|           |MTR: 0.0   |TAR: 0.0   |WTR: 0.0   |
|           |AED: 149.25|RED: 148.23|CED: 0.0   |CTD: 244.58|
| 1         | -148.2    | 0.967     |

Discovery Execution Time: 0:00:03.704381
Simulation Execution Time: 0:00:04.652871
|           |MTR: 0.0   |TAR: 0.0   |WTR: 0.0   |
|           |AED: 152.54|RED: 151.22|CED: 0.0   |CTD: 244.93|
| 2         | -151.2    | 0.5472    |

Discovery Execution Time: 0:00:03.565570
Simulation Execution Time: 0:00:04.877238
|           |MTR: 0.0   |TAR: 0.0   |WTR: 0.0   |
|           |AED: 145.4 |RED: 144.58|CED: 0.0   |CTD: 240.71|
| 3         | -144.6    | 0.9727    |

Discovery Execution Time: 0:00:03.682943
Simulation Execution Time: 0:00:04.792463
|           |MTR: 0.0   |TAR: 0.0   |WTR: 0.0   |
|           |AED: 151.44|RED: 150.23|CED: 0.0   |CTD: 244.43|
| 4         | -150.2    | 0.7148    |

Discovery Execution Time: 0:00:03.560252
Simulation Execution Time: 0:00:04.452853
|           |MTR: 0.0   |TAR: 0.0   |WTR: 0.0   |
|           |AED: 145.81|RED: 145.15|CED: 0.0   |CTD: 233.18|
| 5         | -145.2    | 0.6977    |

Discovery Execution Time: 0:00:03.877194
Simulation Execution Time: 0:00:04.786377
|           |MTR: 0.0   |TAR: 0.0   |WTR: 0.0   |
|           |AED: 147.15|RED: 146.65|CED: 0.0   |CTD: 243.68|
| 6         | -146.7    | 0.6977    |

Discovery Execution Time: 0:00:03.801957
Simulation Execution Time: 0:00:04.659511
|           |MTR: 0.0   |TAR: 0.0   |WTR: 0.0   |
|           |AED: 146.65|RED: 145.41|CED: 0.0   |CTD: 237.59|
| 7         | -145.4    | 0.9728    |

Discovery Execution Time: 0:00:03.647926
Simulation Execution Time: 0:00:04.694388
|           |MTR: 0.0   |TAR: 0.0   |WTR: 0.0   |
|           |AED: 146.96|RED: 146.4 |CED: 0.0   |CTD: 240.45|
| 8         | -146.4    | 0.6979    |

Discovery Execution Time: 0:00:03.918031
Simulation Execution Time: 0:00:04.859661
|           |MTR: 0.0   |TAR: 0.0   |WTR: 0.0   |
|           |AED: 150.61|RED: 149.95|CED: 0.0   |CTD: 243.36|
| 9         | -149.9    | 0.9725    |

Discovery Execution Time: 0:00:03.710182
Simulation Execution Time: 0:00:04.712532
|           |MTR: 0.0   |TAR: 0.0   |WTR: 0.0   |
|           |AED: 147.25|RED: 146.4 |CED: 0.0   |CTD: 235.89|
| 10        | -146.4    | 0.973     |

Discovery Execution Time: 0:00:03.642446
Simulation Execution Time: 0:00:04.649467
|           |MTR: 0.0   |TAR: 0.0   |WTR: 0.0   |
|           |AED: 150.01|RED: 149.82|CED: 0.0   |CTD: 250.4 |
| 11        | -149.8    | 0.9733    |

Discovery Execution Time: 0:00:03.523392
Simulation Execution Time: 0:00:04.769826
|           |MTR: 0.0   |TAR: 0.0   |WTR: 0.0   |
|           |AED: 144.71|RED: 144.51|CED: 0.0   |CTD: 235.28|
| 12        | -144.5    | 0.6983    |

Discovery Execution Time: 0:00:03.905963
Simulation Execution Time: 0:00:04.704811
|           |MTR: 0.0   |TAR: 0.0   |WTR: 0.0   |
|           |AED: 145.72|RED: 145.54|CED: 0.0   |CTD: 241.86|
| 13        | -145.5    | 0.6982    |

Discovery Execution Time: 0:00:03.754644
Simulation Execution Time: 0:00:05.036911
|           |MTR: 0.0   |TAR: 0.0   |WTR: 0.0   |
|           |AED: 149.32|RED: 149.13|CED: 0.0   |CTD: 243.96|
| 14        | -149.1    | 0.6991    |

Discovery Execution Time: 0:00:03.708120
Simulation Execution Time: 0:00:04.933658
|           |MTR: 0.0   |TAR: 0.0   |WTR: 0.0   |
|           |AED: 152.55|RED: 152.27|CED: 0.0   |CTD: 247.66|
| 15        | -152.3    | 0.6985    |

Discovery Execution Time: 0:00:03.501254
Simulation Execution Time: 0:00:04.736000
|           |MTR: 0.0   |TAR: 0.0   |WTR: 0.0   |
|           |AED: 147.44|RED: 146.63|CED: 0.0   |CTD: 243.24|
| 16        | -146.6    | 0.698     |

Discovery Execution Time: 0:00:03.525306
Simulation Execution Time: 0:00:04.603243
|           |MTR: 0.0   |TAR: 0.0   |WTR: 0.0   |
|           |AED: 145.48|RED: 145.05|CED: 0.0   |CTD: 234.06|
| 17        | -145.0    | 0.6983    |

Discovery Execution Time: 0:00:03.314783
Simulation Execution Time: 0:00:04.525088
|           |MTR: 0.0   |TAR: 0.0   |WTR: 0.0   |
|           |AED: 152.56|RED: 152.23|CED: 0.0   |CTD: 243.6 |
| 18        | -152.2    | 0.4545    |

Discovery Execution Time: 0:00:03.289776
Simulation Execution Time: 0:00:04.276357
|           |MTR: 0.0   |TAR: 0.0   |WTR: 0.0   |
|           |AED: 153.34|RED: 152.33|CED: 0.0   |CTD: 240.88|
| 19        | -152.3    | 0.02362   |

Discovery Execution Time: 0:00:03.254035
Simulation Execution Time: 0:00:04.777334
|           |MTR: 0.0   |TAR: 0.0   |WTR: 0.0   |
|           |AED: 154.12|RED: 153.4 |CED: 0.0   |CTD: 239.51|
| 20        | -153.4    | 0.03288   |

Discovery Execution Time: 0:00:03.620385
Simulation Execution Time: 0:00:04.501221
|           |MTR: 0.0   |TAR: 0.0   |WTR: 0.0   |
|           |AED: 151.03|RED: 150.52|CED: 0.0   |CTD: 246.85|
| 21        | -150.5    | 0.9666    |

Discovery Execution Time: 0:00:03.398796
Simulation Execution Time: 0:00:04.251710
|           |MTR: 0.0   |TAR: 0.0   |WTR: 0.0   |
|           |AED: 142.86|RED: 142.19|CED: 0.0   |CTD: 230.71|   <---------------------------------------------------------------------
| 22        | -142.2    | 0.9674    |

Discovery Execution Time: 0:00:03.378390
Simulation Execution Time: 0:00:04.254483
|           |MTR: 0.0   |TAR: 0.0   |WTR: 0.0   |
|           |AED: 148.71|RED: 147.91|CED: 0.0   |CTD: 246.26|
| 23        | -147.9    | 0.9676    |

Discovery Execution Time: 0:00:03.155417
Simulation Execution Time: 0:00:04.317468
|           |MTR: 0.0   |TAR: 0.0   |WTR: 0.0   |
|           |AED: 152.57|RED: 152.38|CED: 0.0   |CTD: 248.91|
| 24        | -152.4    | 0.4185    |

Discovery Execution Time: 0:00:03.385716
Simulation Execution Time: 0:00:04.327862
|           |MTR: 0.0   |TAR: 0.0   |WTR: 0.0   |
|           |AED: 148.48|RED: 147.81|CED: 0.0   |CTD: 241.29|
| 25        | -147.8    | 0.9672    |

Discovery Execution Time: 0:00:03.302537
Simulation Execution Time: 0:00:04.345750
|           |MTR: 0.0   |TAR: 0.0   |WTR: 0.0   |
|           |AED: 148.93|RED: 148.04|CED: 0.0   |CTD: 243.02|
| 26        | -148.0    | 0.9674    |

Discovery Execution Time: 0:00:03.367396
Simulation Execution Time: 0:00:04.280129
|           |MTR: 0.0   |TAR: 0.0   |WTR: 0.0   |
|           |AED: 146.53|RED: 145.74|CED: 0.0   |CTD: 238.9 |
| 27        | -145.7    | 0.9729    |

Discovery Execution Time: 0:00:03.397169
Simulation Execution Time: 0:00:04.293693
|           |MTR: 0.0   |TAR: 0.0   |WTR: 0.0   |
|           |AED: 146.34|RED: 146.0 |CED: 0.0   |CTD: 243.04|
| 28        | -146.0    | 0.9446    |

Discovery Execution Time: 0:00:03.280901
Simulation Execution Time: 0:00:04.320624
|           |MTR: 0.0   |TAR: 0.0   |WTR: 0.0   |
|           |AED: 149.35|RED: 148.66|CED: 0.0   |CTD: 243.56|
| 29        | -148.7    | 0.9447    |

Discovery Execution Time: 0:00:03.379962
Simulation Execution Time: 0:00:04.261532
|           |MTR: 0.0   |TAR: 0.0   |WTR: 0.0   |
|           |AED: 144.15|RED: 144.14|CED: 0.0   |CTD: 240.71|
| 30        | -144.1    | 0.9444    |
=====================================
Best result: {'angle': 0.9674358571993169}; f(x) = -142.18854453498088.
++++++++++++++ PROBABILISTIC HYPERPARAMETER TUNNING - loan_application process +++++++++++++++++++++++
Calendar Type 1, Even Resource Workload: False
|   iter    |  target   |   angle   |
-------------------------------------

Discovery Execution Time: 0:00:03.412918
Simulation Execution Time: 0:00:04.322642
|           |MTR: 0.0   |TAR: 0.0   |WTR: 0.0   |
|           |AED: 154.16|RED: 154.03|CED: 0.0   |CTD: 253.89|
| 1         | -154.0    | 0.967     |

Discovery Execution Time: 0:00:03.363004
Simulation Execution Time: 0:00:04.316266
|           |MTR: 0.0   |TAR: 0.0   |WTR: 0.0   |
|           |AED: 156.97|RED: 156.44|CED: 0.0   |CTD: 259.16|
| 2         | -156.4    | 0.5472    |

Discovery Execution Time: 0:00:03.379957
Simulation Execution Time: 0:00:04.395982
|           |MTR: 0.0   |TAR: 0.0   |WTR: 0.0   |
|           |AED: 155.4 |RED: 154.97|CED: 0.0   |CTD: 248.34|
| 3         | -155.0    | 0.9727    |

Discovery Execution Time: 0:00:03.333125
Simulation Execution Time: 0:00:04.373699
|           |MTR: 0.0   |TAR: 0.0   |WTR: 0.0   |
|           |AED: 157.11|RED: 156.9 |CED: 0.0   |CTD: 260.93|
| 4         | -156.9    | 0.7148    |

Discovery Execution Time: 0:00:03.303204
Simulation Execution Time: 0:00:04.393653
|           |MTR: 0.0   |TAR: 0.0   |WTR: 0.0   |
|           |AED: 159.64|RED: 159.91|CED: 0.0   |CTD: 265.11|
| 5         | -159.9    | 0.6977    |

Discovery Execution Time: 0:00:03.329098
Simulation Execution Time: 0:00:04.329425
|           |MTR: 0.0   |TAR: 0.0   |WTR: 0.0   |
|           |AED: 153.95|RED: 153.8 |CED: 0.0   |CTD: 253.25|
| 6         | -153.8    | 0.967     |

Discovery Execution Time: 0:00:03.374976
Simulation Execution Time: 0:00:04.332468
|           |MTR: 0.0   |TAR: 0.0   |WTR: 0.0   |
|           |AED: 151.33|RED: 151.7 |CED: 0.0   |CTD: 250.41|
| 7         | -151.7    | 0.9666    |

Discovery Execution Time: 0:00:03.335124
Simulation Execution Time: 0:00:04.245847
|           |MTR: 0.0   |TAR: 0.0   |WTR: 0.0   |
|           |AED: 150.13|RED: 150.13|CED: 0.0   |CTD: 248.04|  <--------------------------------------------------------------
| 8         | -150.1    | 0.9658    |

Discovery Execution Time: 0:00:03.309157
Simulation Execution Time: 0:00:04.370718
|           |MTR: 0.0   |TAR: 0.0   |WTR: 0.0   |
|           |AED: 157.39|RED: 157.55|CED: 0.0   |CTD: 263.89|
| 9         | -157.6    | 0.9649    |

Discovery Execution Time: 0:00:03.416173
Simulation Execution Time: 0:00:04.437094
|           |MTR: 0.0   |TAR: 0.0   |WTR: 0.0   |
|           |AED: 153.47|RED: 153.76|CED: 0.0   |CTD: 258.6 |
| 10        | -153.8    | 0.9662    |

Discovery Execution Time: 0:00:03.379918
Simulation Execution Time: 0:00:04.350191
|           |MTR: 0.0   |TAR: 0.0   |WTR: 0.0   |
|           |AED: 152.81|RED: 152.19|CED: 0.0   |CTD: 251.4 |
| 11        | -152.2    | 0.9656    |

Discovery Execution Time: 0:00:03.378379
Simulation Execution Time: 0:00:04.321515
|           |MTR: 0.0   |TAR: 0.0   |WTR: 0.0   |
|           |AED: 150.63|RED: 150.33|CED: 0.0   |CTD: 244.0 |
| 12        | -150.3    | 0.8494    |

Discovery Execution Time: 0:00:03.344621
Simulation Execution Time: 0:00:04.339389
|           |MTR: 0.0   |TAR: 0.0   |WTR: 0.0   |
|           |AED: 155.57|RED: 155.25|CED: 0.0   |CTD: 255.99|
| 13        | -155.2    | 0.8498    |

Discovery Execution Time: 0:00:03.807774
Simulation Execution Time: 0:00:04.722530
|           |MTR: 0.0   |TAR: 0.0   |WTR: 0.0   |
|           |AED: 154.14|RED: 153.84|CED: 0.0   |CTD: 256.01|
| 14        | -153.8    | 0.8491    |

Discovery Execution Time: 0:00:03.237404
Simulation Execution Time: 0:00:04.296294
|           |MTR: 0.0   |TAR: 0.0   |WTR: 0.0   |
|           |AED: 157.7 |RED: 158.12|CED: 0.0   |CTD: 260.0 |
| 15        | -158.1    | 0.3612    |

Discovery Execution Time: 0:00:03.147515
Simulation Execution Time: 0:00:04.301508
|           |MTR: 0.0   |TAR: 0.0   |WTR: 0.0   |
|           |AED: 164.04|RED: 163.71|CED: 0.0   |CTD: 264.04|
| 16        | -163.7    | 0.0637    |

Discovery Execution Time: 0:00:03.393360
Simulation Execution Time: 0:00:04.408456
|           |MTR: 0.0   |TAR: 0.0   |WTR: 0.0   |
|           |AED: 152.94|RED: 153.05|CED: 0.0   |CTD: 247.55|
| 17        | -153.0    | 0.9737    |

Discovery Execution Time: 0:00:03.348425
Simulation Execution Time: 0:00:04.341864
|           |MTR: 0.0   |TAR: 0.0   |WTR: 0.0   |
|           |AED: 158.56|RED: 158.52|CED: 0.0   |CTD: 263.33|
| 18        | -158.5    | 0.9745    |

Discovery Execution Time: 0:00:03.310615
Simulation Execution Time: 0:00:04.358648
|           |MTR: 0.0   |TAR: 0.0   |WTR: 0.0   |
|           |AED: 150.84|RED: 150.68|CED: 0.0   |CTD: 248.08|
| 19        | -150.7    | 0.9733    |

Discovery Execution Time: 0:00:03.125868
Simulation Execution Time: 0:00:04.362456
|           |MTR: 0.0   |TAR: 0.0   |WTR: 0.0   |
|           |AED: 159.95|RED: 160.28|CED: 0.0   |CTD: 257.83|
| 20        | -160.3    | 0.03288   |

Discovery Execution Time: 0:00:03.153300
Simulation Execution Time: 0:00:04.284458
|           |MTR: 0.0   |TAR: 0.0   |WTR: 0.0   |
|           |AED: 155.03|RED: 155.14|CED: 0.0   |CTD: 252.95|
| 21        | -155.1    | 0.2171    |

Discovery Execution Time: 0:00:03.084486
Simulation Execution Time: 0:00:04.273734
|           |MTR: 0.0   |TAR: 0.0   |WTR: 0.0   |
|           |AED: 160.77|RED: 160.99|CED: 0.0   |CTD: 265.24|
| 22        | -161.0    | 0.2183    |

Discovery Execution Time: 0:00:03.164082
Simulation Execution Time: 0:00:04.308432
|           |MTR: 0.0   |TAR: 0.0   |WTR: 0.0   |
|           |AED: 156.87|RED: 156.63|CED: 0.0   |CTD: 252.8 |
| 23        | -156.6    | 0.2161    |

Discovery Execution Time: 0:00:03.198980
Simulation Execution Time: 0:00:04.310074
|           |MTR: 0.0   |TAR: 0.0   |WTR: 0.0   |
|           |AED: 164.61|RED: 164.47|CED: 0.0   |CTD: 267.98|
| 24        | -164.5    | 0.4185    |

Discovery Execution Time: 0:00:03.381545
Simulation Execution Time: 0:00:04.400901
|           |MTR: 0.0   |TAR: 0.0   |WTR: 0.0   |
|           |AED: 152.04|RED: 151.48|CED: 0.0   |CTD: 244.01|
| 25        | -151.5    | 0.8918    |

Discovery Execution Time: 0:00:03.362875
Simulation Execution Time: 0:00:04.384495
|           |MTR: 0.0   |TAR: 0.0   |WTR: 0.0   |
|           |AED: 154.91|RED: 154.78|CED: 0.0   |CTD: 253.1 |
| 26        | -154.8    | 0.8922    |

Discovery Execution Time: 0:00:03.302646
Simulation Execution Time: 0:00:04.385234
|           |MTR: 0.0   |TAR: 0.0   |WTR: 0.0   |
|           |AED: 152.98|RED: 152.79|CED: 0.0   |CTD: 248.34|
| 27        | -152.8    | 0.8913    |

Discovery Execution Time: 0:00:03.396861
Simulation Execution Time: 0:00:04.338322
|           |MTR: 0.0   |TAR: 0.0   |WTR: 0.0   |
|           |AED: 161.22|RED: 160.57|CED: 0.0   |CTD: 267.62|
| 28        | -160.6    | 0.8906    |

Discovery Execution Time: 0:00:03.324256
Simulation Execution Time: 0:00:04.340281
|           |MTR: 0.0   |TAR: 0.0   |WTR: 0.0   |
|           |AED: 154.62|RED: 154.1 |CED: 0.0   |CTD: 258.7 |
| 29        | -154.1    | 0.8617    |

Discovery Execution Time: 0:00:03.387906
Simulation Execution Time: 0:00:04.345539
|           |MTR: 0.0   |TAR: 0.0   |WTR: 0.0   |
|           |AED: 156.79|RED: 156.65|CED: 0.0   |CTD: 264.33|
| 30        | -156.7    | 0.861     |
=====================================
Best result: {'angle': 0.9658492463495968}; f(x) = -150.1291990665682.
STARTING PROCESS: loan_application (ModelType.MULTI_GLOBAL)
++++++++++++++ PROBABILISTIC HYPERPARAMETER TUNNING - loan_application process +++++++++++++++++++++++
Calendar Type 1, Even Resource Workload: True
|   iter    |  target   |   angle   |
-------------------------------------

Discovery Execution Time: 0:00:04.167703
Simulation Execution Time: 0:00:04.675071
|           |MTR: 0.0   |TAR: 0.0   |WTR: 0.0   |
|           |AED: 1.24  |RED: 0.99  |CED: 0.0   |CTD: 1.41  |
| 1         | -0.9882   | 0.967     |

Discovery Execution Time: 0:00:04.063487
Simulation Execution Time: 0:00:04.861530
|           |MTR: 0.0   |TAR: 0.0   |WTR: 0.0   |
|           |AED: 1.12  |RED: 1.02  |CED: 0.0   |CTD: 1.41  |
| 2         | -1.025    | 0.5472    |

Discovery Execution Time: 0:00:04.406916
Simulation Execution Time: 0:00:05.148085
|           |MTR: 0.0   |TAR: 0.0   |WTR: 0.0   |
|           |AED: 1.34  |RED: 1.02  |CED: 0.0   |CTD: 1.43  |
| 3         | -1.017    | 0.9727    |

Discovery Execution Time: 0:00:04.418652
Simulation Execution Time: 0:00:05.153911
|           |MTR: 0.0   |TAR: 0.0   |WTR: 0.0   |
|           |AED: 1.14  |RED: 1.03  |CED: 0.0   |CTD: 1.42  |
| 4         | -1.028    | 0.7148    |

Discovery Execution Time: 0:00:04.370420
Simulation Execution Time: 0:00:05.153907
|           |MTR: 0.0   |TAR: 0.0   |WTR: 0.0   |
|           |AED: 1.19  |RED: 1.0   |CED: 0.0   |CTD: 1.37  |
| 5         | -1.004    | 0.6977    |

Discovery Execution Time: 0:00:04.391425
Simulation Execution Time: 0:00:05.196228
|           |MTR: 0.0   |TAR: 0.0   |WTR: 0.0   |
|           |AED: 1.21  |RED: 0.98  |CED: 0.0   |CTD: 1.38  |
| 6         | -0.9764   | 0.967     |

Discovery Execution Time: 0:00:04.381410
Simulation Execution Time: 0:00:05.143774
|           |MTR: 0.0   |TAR: 0.0   |WTR: 0.0   |
|           |AED: 1.13  |RED: 1.0   |CED: 0.0   |CTD: 1.34  |
| 7         | -0.9978   | 0.9669    |

Discovery Execution Time: 0:00:04.361346
Simulation Execution Time: 0:00:05.225956
|           |MTR: 0.0   |TAR: 0.0   |WTR: 0.0   |
|           |AED: 1.1   |RED: 1.0   |CED: 0.0   |CTD: 1.39  |
| 8         | -0.996    | 0.6976    |

Discovery Execution Time: 0:00:04.462837
Simulation Execution Time: 0:00:05.204976
|           |MTR: 0.0   |TAR: 0.0   |WTR: 0.0   |
|           |AED: 1.46  |RED: 0.99  |CED: 0.0   |CTD: 1.39  |
| 9         | -0.9943   | 0.6973    |

Discovery Execution Time: 0:00:04.389854
Simulation Execution Time: 0:00:05.206906
|           |MTR: 0.0   |TAR: 0.0   |WTR: 0.0   |
|           |AED: 1.46  |RED: 0.99  |CED: 0.0   |CTD: 1.36  |
| 10        | -0.9909   | 0.6975    |

Discovery Execution Time: 0:00:04.372008
Simulation Execution Time: 0:00:05.116714
|           |MTR: 0.0   |TAR: 0.0   |WTR: 0.0   |
|           |AED: 1.48  |RED: 1.01  |CED: 0.0   |CTD: 1.46  |
| 11        | -1.013    | 0.6971    |

Discovery Execution Time: 0:00:04.395309
Simulation Execution Time: 0:00:05.273397
|           |MTR: 0.0   |TAR: 0.0   |WTR: 0.0   |
|           |AED: 1.03  |RED: 0.95  |CED: 0.0   |CTD: 1.35  |
| 12        | -0.9523   | 0.8494    |

Discovery Execution Time: 0:00:04.438956
Simulation Execution Time: 0:00:05.296987
|           |MTR: 0.0   |TAR: 0.0   |WTR: 0.0   |
|           |AED: 1.1   |RED: 0.95  |CED: 0.0   |CTD: 1.36  |
| 13        | -0.9532   | 0.8494    |

Discovery Execution Time: 0:00:04.484629
Simulation Execution Time: 0:00:05.036558
|           |MTR: 0.0   |TAR: 0.0   |WTR: 0.0   |
|           |AED: 1.09  |RED: 0.96  |CED: 0.0   |CTD: 1.31  |
| 14        | -0.959    | 0.8495    |

Discovery Execution Time: 0:00:04.407928
Simulation Execution Time: 0:00:04.870687
|           |MTR: 0.0   |TAR: 0.0   |WTR: 0.0   |
|           |AED: 1.47  |RED: 1.01  |CED: 0.0   |CTD: 1.44  |
| 15        | -1.013    | 0.8493    |

Discovery Execution Time: 0:00:04.114071
Simulation Execution Time: 0:00:05.124719
|           |MTR: 0.0   |TAR: 0.0   |WTR: 0.0   |
|           |AED: 1.26  |RED: 1.02  |CED: 0.0   |CTD: 1.36  |
| 16        | -1.02     | 0.8499    |

Discovery Execution Time: 0:00:04.218731
Simulation Execution Time: 0:00:04.854044
|           |MTR: 0.0   |TAR: 0.0   |WTR: 0.0   |
|           |AED: 1.09  |RED: 1.01  |CED: 0.0   |CTD: 1.38  |
| 17        | -1.01     | 0.8272    |

Discovery Execution Time: 0:00:04.310607
Simulation Execution Time: 0:00:04.962796
|           |MTR: 0.0   |TAR: 0.0   |WTR: 0.0   |
|           |AED: 1.2   |RED: 1.02  |CED: 0.0   |CTD: 1.34  |
| 18        | -1.023    | 0.8496    |

Discovery Execution Time: 0:00:03.927697
Simulation Execution Time: 0:00:05.172400
|           |MTR: 0.0   |TAR: 0.0   |WTR: 0.0   |
|           |AED: 1.24  |RED: 1.0   |CED: 0.0   |CTD: 1.46  |
| 19        | -0.9985   | 0.02362   |

Discovery Execution Time: 0:00:04.333599
Simulation Execution Time: 0:00:05.136679
|           |MTR: 0.0   |TAR: 0.0   |WTR: 0.0   |
|           |AED: 1.29  |RED: 0.95  |CED: 0.0   |CTD: 1.36  |
| 20        | -0.9548   | 0.03288   |

Discovery Execution Time: 0:00:03.970210
Simulation Execution Time: 0:00:04.932493
|           |MTR: 0.0   |TAR: 0.0   |WTR: 0.0   |
|           |AED: 1.18  |RED: 0.99  |CED: 0.0   |CTD: 1.37  |
| 21        | -0.99     | 0.03296   |

Discovery Execution Time: 0:00:04.094146
Simulation Execution Time: 0:00:04.925331
|           |MTR: 0.0   |TAR: 0.0   |WTR: 0.0   |
|           |AED: 1.08  |RED: 0.98  |CED: 0.0   |CTD: 1.37  |
| 22        | -0.9843   | 0.03272   |

Discovery Execution Time: 0:00:04.110673
Simulation Execution Time: 0:00:04.958471
|           |MTR: 0.0   |TAR: 0.0   |WTR: 0.0   |
|           |AED: 1.19  |RED: 0.97  |CED: 0.0   |CTD: 1.36  |
| 23        | -0.9744   | 0.03242   |

Discovery Execution Time: 0:00:04.088422
Simulation Execution Time: 0:00:04.977883
|           |MTR: 0.0   |TAR: 0.0   |WTR: 0.0   |
|           |AED: 1.29  |RED: 1.0   |CED: 0.0   |CTD: 1.41  |
| 24        | -1.003    | 0.03249   |

Discovery Execution Time: 0:00:04.051030
Simulation Execution Time: 0:00:04.991525
|           |MTR: 0.0   |TAR: 0.0   |WTR: 0.0   |
|           |AED: 1.17  |RED: 0.94  |CED: 0.0   |CTD: 1.28  | <------------------------------------------------------------
| 25        | -0.9379   | 0.0328    |

Discovery Execution Time: 0:00:04.066982
Simulation Execution Time: 0:00:04.838517
|           |MTR: 0.0   |TAR: 0.0   |WTR: 0.0   |
|           |AED: 1.16  |RED: 1.0   |CED: 0.0   |CTD: 1.36  |
| 26        | -1.002    | 0.03235   |

Discovery Execution Time: 0:00:04.107032
Simulation Execution Time: 0:00:04.968047
|           |MTR: 0.0   |TAR: 0.0   |WTR: 0.0   |
|           |AED: 1.26  |RED: 0.96  |CED: 0.0   |CTD: 1.42  |
| 27        | -0.9623   | 0.0728    |

Discovery Execution Time: 0:00:04.635141
Simulation Execution Time: 0:00:05.469628
|           |MTR: 0.0   |TAR: 0.0   |WTR: 0.0   |
|           |AED: 1.31  |RED: 0.98  |CED: 0.0   |CTD: 1.38  |
| 28        | -0.9834   | 0.03282   |

