Discovery Execution Time: 0:00:05.252617
Simulation Execution Time: 0:00:07.368470
|           |MTR: 0.0   |TAR: 0.0   |WTR: 0.0   |
|           |AED: 1.83  |RED: 1.11  |CED: 0.0   |CTD: 4.58  |
| 25        | -1.11     | 0.5473    |

Discovery Execution Time: 0:00:05.245117
Simulation Execution Time: 0:00:07.277679
|           |MTR: 0.0   |TAR: 0.0   |WTR: 0.0   |
|           |AED: 1.38  |RED: 1.2   |CED: 0.0   |CTD: 4.19  |
| 26        | -1.196    | 0.5472    |

Discovery Execution Time: 0:00:04.945752
Simulation Execution Time: 0:00:06.879111
|           |MTR: 0.0   |TAR: 0.0   |WTR: 0.0   |
|           |AED: 1.72  |RED: 1.12  |CED: 0.0   |CTD: 4.55  |
| 27        | -1.12     | 0.5469    |

Discovery Execution Time: 0:00:04.925294
Simulation Execution Time: 0:00:06.859261
|           |MTR: 0.0   |TAR: 0.0   |WTR: 0.0   |
|           |AED: 1.82  |RED: 1.11  |CED: 0.0   |CTD: 4.32  |
| 28        | -1.115    | 0.5465    |

Discovery Execution Time: 0:00:05.145498
Simulation Execution Time: 0:00:07.064209
|           |MTR: 0.0   |TAR: 0.0   |WTR: 0.0   |
|           |AED: 2.09  |RED: 1.19  |CED: 0.0   |CTD: 6.39  |
| 29        | -1.189    | 0.6976    |

Discovery Execution Time: 0:00:04.926848
Simulation Execution Time: 0:00:06.821027
|           |MTR: 0.0   |TAR: 0.0   |WTR: 0.0   |
|           |AED: 1.62  |RED: 1.04  |CED: 0.0   |CTD: 4.79  |
| 30        | -1.04     | 0.5467    |
=====================================
Best result: {'angle': 0.5472969582926364}; f(x) = -1.02371622022134.
STARTING PROCESS: loan_application (ModelType.SEQUENTIAL)
++++++++++++++ PROBABILISTIC HYPERPARAMETER TUNNING - loan_application process +++++++++++++++++++++++
Calendar Type 3, Even Resource Workload: True
|   iter    |  target   |   angle   |
-------------------------------------

Discovery Execution Time: 0:00:04.122053
Simulation Execution Time: 0:00:06.344104
|           |MTR: 0.0   |TAR: 0.0   |WTR: 0.0   |
|           |AED: 662.93|RED: 662.82|CED: 0.0   |CTD: 1304.49|
| 1         | -662.8    | 0.967     |

Discovery Execution Time: 0:00:03.574033
Simulation Execution Time: 0:00:06.083970
|           |MTR: 0.0   |TAR: 0.0   |WTR: 0.0   |
|           |AED: 748.06|RED: 747.99|CED: 0.0   |CTD: 1478.41|
| 2         | -748.0    | 0.5472    |

Discovery Execution Time: 0:00:04.071804
Simulation Execution Time: 0:00:06.446878
|           |MTR: 0.0   |TAR: 0.0   |WTR: 0.0   |
|           |AED: 652.32|RED: 652.17|CED: 0.0   |CTD: 1287.55|
| 3         | -652.2    | 0.9727    |

Discovery Execution Time: 0:00:03.692759
Simulation Execution Time: 0:00:06.400267
|           |MTR: 0.0   |TAR: 0.0   |WTR: 0.0   |
|           |AED: 737.76|RED: 737.45|CED: 0.0   |CTD: 1446.82|
| 4         | -737.5    | 0.7148    |

Discovery Execution Time: 0:00:03.690966
Simulation Execution Time: 0:00:06.237512
|           |MTR: 0.0   |TAR: 0.0   |WTR: 0.0   |
|           |AED: 738.37|RED: 738.23|CED: 0.0   |CTD: 1480.82|
| 5         | -738.2    | 0.6977    |

Discovery Execution Time: 0:00:04.019154
Simulation Execution Time: 0:00:06.368048
|           |MTR: 0.0   |TAR: 0.0   |WTR: 0.0   |
|           |AED: 735.7 |RED: 735.9 |CED: 0.0   |CTD: 1497.51|
| 6         | -735.9    | 0.967     |

Discovery Execution Time: 0:00:04.044623
Simulation Execution Time: 0:00:06.419043
|           |MTR: 0.0   |TAR: 0.0   |WTR: 0.0   |
|           |AED: 618.61|RED: 617.89|CED: 0.0   |CTD: 1204.4|
| 7         | -617.9    | 0.9727    |

Discovery Execution Time: 0:00:04.196145
Simulation Execution Time: 0:00:06.485214
|           |MTR: 0.0   |TAR: 0.0   |WTR: 0.0   |
|           |AED: 790.81|RED: 790.19|CED: 0.0   |CTD: 1628.96|
| 8         | -790.2    | 0.9671    |

Discovery Execution Time: 0:00:04.041689
Simulation Execution Time: 0:00:06.524188
|           |MTR: 0.0   |TAR: 0.0   |WTR: 0.0   |
|           |AED: 820.8 |RED: 820.07|CED: 0.0   |CTD: 1689.57|
| 9         | -820.1    | 0.9727    |

Discovery Execution Time: 0:00:03.408529
Simulation Execution Time: 0:00:05.909062
|           |MTR: 0.0   |TAR: 0.0   |WTR: 0.0   |
|           |AED: 716.19|RED: 715.61|CED: 0.0   |CTD: 1395.56|
| 10        | -715.6    | 0.4013    |

Discovery Execution Time: 0:00:04.088954
Simulation Execution Time: 0:00:06.334485
|           |MTR: 0.0   |TAR: 0.0   |WTR: 0.0   |
|           |AED: 641.31|RED: 640.86|CED: 0.0   |CTD: 1271.21|
| 11        | -640.9    | 0.9727    |

Discovery Execution Time: 0:00:04.056839
Simulation Execution Time: 0:00:06.533524
|           |MTR: 0.0   |TAR: 0.0   |WTR: 0.0   |
|           |AED: 615.86|RED: 615.41|CED: 0.0   |CTD: 1200.46|
| 12        | -615.4    | 0.9726    |

Discovery Execution Time: 0:00:04.010000
Simulation Execution Time: 0:00:06.447380
|           |MTR: 0.0   |TAR: 0.0   |WTR: 0.0   |
|           |AED: 743.59|RED: 743.2 |CED: 0.0   |CTD: 1492.75|
| 13        | -743.2    | 0.9725    |

Discovery Execution Time: 0:00:03.518805
Simulation Execution Time: 0:00:05.946584
|           |MTR: 0.0   |TAR: 0.0   |WTR: 0.0   |
|           |AED: 641.49|RED: 641.04|CED: 0.0   |CTD: 1233.37|
| 14        | -641.0    | 0.5268    |

Discovery Execution Time: 0:00:03.585890
Simulation Execution Time: 0:00:06.098505
|           |MTR: 0.0   |TAR: 0.0   |WTR: 0.0   |
|           |AED: 620.71|RED: 620.63|CED: 0.0   |CTD: 1195.3|
| 15        | -620.6    | 0.5267    |

Discovery Execution Time: 0:00:03.591254
Simulation Execution Time: 0:00:06.058691
|           |MTR: 0.0   |TAR: 0.0   |WTR: 0.0   |
|           |AED: 664.61|RED: 663.74|CED: 0.0   |CTD: 1274.36|
| 16        | -663.7    | 0.5266    |

Discovery Execution Time: 0:00:03.487557
Simulation Execution Time: 0:00:05.998922
|           |MTR: 0.0   |TAR: 0.0   |WTR: 0.0   |
|           |AED: 619.7 |RED: 619.39|CED: 0.0   |CTD: 1204.48|
| 17        | -619.4    | 0.5267    |

Discovery Execution Time: 0:00:03.560773
Simulation Execution Time: 0:00:06.098749
|           |MTR: 0.0   |TAR: 0.0   |WTR: 0.0   |
|           |AED: 615.75|RED: 615.49|CED: 0.0   |CTD: 1181.28|
| 18        | -615.5    | 0.5267    |

Discovery Execution Time: 0:00:04.093314
Simulation Execution Time: 0:00:06.318522
|           |MTR: 0.0   |TAR: 0.0   |WTR: 0.0   |
|           |AED: 753.08|RED: 753.24|CED: 0.0   |CTD: 1544.75|
| 19        | -753.2    | 0.9726    |

Discovery Execution Time: 0:00:03.631531
Simulation Execution Time: 0:00:05.988646
|           |MTR: 0.0   |TAR: 0.0   |WTR: 0.0   |
|           |AED: 631.39|RED: 630.66|CED: 0.0   |CTD: 1216.57|
| 20        | -630.7    | 0.5267    |

Discovery Execution Time: 0:00:03.605852
Simulation Execution Time: 0:00:06.051991
|           |MTR: 0.0   |TAR: 0.0   |WTR: 0.0   |
|           |AED: 637.87|RED: 637.42|CED: 0.0   |CTD: 1230.48|
| 21        | -637.4    | 0.5269    |

Discovery Execution Time: 0:00:03.563172
Simulation Execution Time: 0:00:06.028887
|           |MTR: 0.0   |TAR: 0.0   |WTR: 0.0   |
|           |AED: 613.12|RED: 612.93|CED: 0.0   |CTD: 1168.71|
| 22        | -612.9    | 0.5268    |

Discovery Execution Time: 0:00:03.564952
Simulation Execution Time: 0:00:06.085719
|           |MTR: 0.0   |TAR: 0.0   |WTR: 0.0   |
|           |AED: 728.41|RED: 728.0 |CED: 0.0   |CTD: 1429.09|
| 23        | -728.0    | 0.5269    |

Discovery Execution Time: 0:00:04.103172
Simulation Execution Time: 0:00:06.376970
|           |MTR: 0.0   |TAR: 0.0   |WTR: 0.0   |
|           |AED: 606.23|RED: 605.97|CED: 0.0   |CTD: 1168.7| <----------------------------------------------
| 24        | -606.0    | 0.9726    |

Discovery Execution Time: 0:00:03.582260
Simulation Execution Time: 0:00:06.193174
|           |MTR: 0.0   |TAR: 0.0   |WTR: 0.0   |
|           |AED: 739.21|RED: 738.89|CED: 0.0   |CTD: 1451.17|
| 25        | -738.9    | 0.5268    |

Discovery Execution Time: 0:00:03.635399
Simulation Execution Time: 0:00:06.160473
|           |MTR: 0.0   |TAR: 0.0   |WTR: 0.0   |
|           |AED: 693.14|RED: 692.71|CED: 0.0   |CTD: 1348.14|
| 26        | -692.7    | 0.5267    |

Discovery Execution Time: 0:00:04.008637
Simulation Execution Time: 0:00:06.482820
|           |MTR: 0.0   |TAR: 0.0   |WTR: 0.0   |
|           |AED: 611.77|RED: 611.87|CED: 0.0   |CTD: 1173.3|
| 27        | -611.9    | 0.8279    |

Discovery Execution Time: 0:00:03.968802
Simulation Execution Time: 0:00:06.632646
|           |MTR: 0.0   |TAR: 0.0   |WTR: 0.0   |
|           |AED: 780.99|RED: 780.74|CED: 0.0   |CTD: 1587.5|
| 28        | -780.7    | 0.8281    |

Discovery Execution Time: 0:00:03.966012
Simulation Execution Time: 0:00:06.377846
|           |MTR: 0.0   |TAR: 0.0   |WTR: 0.0   |
|           |AED: 612.46|RED: 612.1 |CED: 0.0   |CTD: 1205.71|
| 29        | -612.1    | 0.828     |

Discovery Execution Time: 0:00:03.957896
Simulation Execution Time: 0:00:06.380039
|           |MTR: 0.0   |TAR: 0.0   |WTR: 0.0   |
|           |AED: 606.33|RED: 606.3 |CED: 0.0   |CTD: 1201.08|
| 30        | -606.3    | 0.828     |
=====================================
Best result: {'angle': 0.9726474850386057}; f(x) = -605.9738217481535.
++++++++++++++ PROBABILISTIC HYPERPARAMETER TUNNING - loan_application process +++++++++++++++++++++++
Calendar Type 3, Even Resource Workload: False
|   iter    |  target   |   angle   |
-------------------------------------

Discovery Execution Time: 0:00:04.313866
Simulation Execution Time: 0:00:06.995381
|           |MTR: 0.0   |TAR: 0.0   |WTR: 0.0   |
|           |AED: 888.07|RED: 887.72|CED: 0.0   |CTD: 1757.6|
| 1         | -887.7    | 0.967     |

Discovery Execution Time: 0:00:03.740588
Simulation Execution Time: 0:00:06.328543
|           |MTR: 0.0   |TAR: 0.0   |WTR: 0.0   |
|           |AED: 664.84|RED: 664.8 |CED: 0.0   |CTD: 1230.64|
| 2         | -664.8    | 0.5472    |

Discovery Execution Time: 0:00:04.579125
Simulation Execution Time: 0:00:07.264378
|           |MTR: 0.0   |TAR: 0.0   |WTR: 0.0   |
|           |AED: 716.83|RED: 717.0 |CED: 0.0   |CTD: 1368.63|
| 3         | -717.0    | 0.9727    |

Discovery Execution Time: 0:00:04.040467
Simulation Execution Time: 0:00:06.764282
|           |MTR: 0.0   |TAR: 0.0   |WTR: 0.0   |
|           |AED: 663.57|RED: 664.26|CED: 0.0   |CTD: 1280.93|
| 4         | -664.3    | 0.7148    |

Discovery Execution Time: 0:00:03.790425
Simulation Execution Time: 0:00:06.572999
|           |MTR: 0.0   |TAR: 0.0   |WTR: 0.0   |
|           |AED: 657.49|RED: 657.87|CED: 0.0   |CTD: 1241.39|
| 5         | -657.9    | 0.6977    |

Discovery Execution Time: 0:00:03.892278
Simulation Execution Time: 0:00:06.611805
|           |MTR: 0.0   |TAR: 0.0   |WTR: 0.0   |
|           |AED: 668.74|RED: 668.4 |CED: 0.0   |CTD: 1264.63|
| 6         | -668.4    | 0.7148    |

Discovery Execution Time: 0:00:04.061895
Simulation Execution Time: 0:00:06.636383
|           |MTR: 0.0   |TAR: 0.0   |WTR: 0.0   |
|           |AED: 666.76|RED: 666.28|CED: 0.0   |CTD: 1256.66|
| 7         | -666.3    | 0.7155    |

Discovery Execution Time: 0:00:03.937017
Simulation Execution Time: 0:00:06.459340
|           |MTR: 0.0   |TAR: 0.0   |WTR: 0.0   |
|           |AED: 660.48|RED: 659.59|CED: 0.0   |CTD: 1235.88|
| 8         | -659.6    | 0.6984    |

Discovery Execution Time: 0:00:04.673037
Simulation Execution Time: 0:00:07.152801
|           |MTR: 0.0   |TAR: 0.0   |WTR: 0.0   |
|           |AED: 679.87|RED: 679.74|CED: 0.0   |CTD: 1266.15|
| 9         | -679.7    | 0.697     |

Discovery Execution Time: 0:00:04.088370
Simulation Execution Time: 0:00:06.452476
|           |MTR: 0.0   |TAR: 0.0   |WTR: 0.0   |
|           |AED: 675.89|RED: 676.32|CED: 0.0   |CTD: 1285.52|
| 10        | -676.3    | 0.548     |

Discovery Execution Time: 0:00:04.051668
Simulation Execution Time: 0:00:06.847229
|           |MTR: 0.0   |TAR: 0.0   |WTR: 0.0   |
|           |AED: 682.94|RED: 683.28|CED: 0.0   |CTD: 1308.85|
| 11        | -683.3    | 0.6992    |

Discovery Execution Time: 0:00:03.741468
Simulation Execution Time: 0:00:06.851680
|           |MTR: 0.0   |TAR: 0.0   |WTR: 0.0   |
|           |AED: 651.16|RED: 651.57|CED: 0.0   |CTD: 1238.34|
| 12        | -651.6    | 0.5465    |

Discovery Execution Time: 0:00:04.009708
Simulation Execution Time: 0:00:06.779729
|           |MTR: 0.0   |TAR: 0.0   |WTR: 0.0   |
|           |AED: 668.6 |RED: 668.3 |CED: 0.0   |CTD: 1250.9|
| 13        | -668.3    | 0.5458    |

Discovery Execution Time: 0:00:03.788188
Simulation Execution Time: 0:00:06.669379
|           |MTR: 0.0   |TAR: 0.0   |WTR: 0.0   |
|           |AED: 693.92|RED: 694.05|CED: 0.0   |CTD: 1314.4|
| 14        | -694.0    | 0.5449    |

Discovery Execution Time: 0:00:08.162378
Simulation Execution Time: 0:00:11.557665
|           |MTR: 0.0   |TAR: 0.0   |WTR: 0.0   |
|           |AED: 687.86|RED: 687.53|CED: 0.0   |CTD: 1293.56|
| 15        | -687.5    | 0.549     |

Discovery Execution Time: 0:00:05.517280
Simulation Execution Time: 0:00:10.767067
|           |MTR: 0.0   |TAR: 0.0   |WTR: 0.0   |
|           |AED: 666.48|RED: 665.46|CED: 0.0   |CTD: 1248.3|
| 16        | -665.5    | 0.7165    |

Discovery Execution Time: 0:00:03.932988
Simulation Execution Time: 0:00:06.580651
|           |MTR: 0.0   |TAR: 0.0   |WTR: 0.0   |
|           |AED: 719.45|RED: 719.79|CED: 0.0   |CTD: 1368.91|
| 17        | -719.8    | 0.7175    |

Discovery Execution Time: 0:00:04.550891
Simulation Execution Time: 0:00:08.431918
|           |MTR: 0.0   |TAR: 0.0   |WTR: 0.0   |
|           |AED: 648.97|RED: 648.24|CED: 0.0   |CTD: 1220.12|
| 18        | -648.2    | 0.696     |

Discovery Execution Time: 0:00:03.721724
Simulation Execution Time: 0:00:06.269534
|           |MTR: 0.0   |TAR: 0.0   |WTR: 0.0   |
|           |AED: 629.3 |RED: 629.33|CED: 0.0   |CTD: 1161.74| <---------------------------------------------
| 19        | -629.3    | 0.6955    |

Discovery Execution Time: 0:00:03.768958
Simulation Execution Time: 0:00:06.549721
|           |MTR: 0.0   |TAR: 0.0   |WTR: 0.0   |
|           |AED: 662.42|RED: 662.96|CED: 0.0   |CTD: 1261.31|
| 20        | -663.0    | 0.6949    |

Discovery Execution Time: 0:00:03.756442
Simulation Execution Time: 0:00:06.228495
|           |MTR: 0.0   |TAR: 0.0   |WTR: 0.0   |
|           |AED: 667.33|RED: 667.66|CED: 0.0   |CTD: 1277.79|
| 21        | -667.7    | 0.694     |

Discovery Execution Time: 0:00:03.739316
Simulation Execution Time: 0:00:06.315529
|           |MTR: 0.0   |TAR: 0.0   |WTR: 0.0   |
|           |AED: 667.87|RED: 667.65|CED: 0.0   |CTD: 1239.72|
| 22        | -667.6    | 0.6932    |

Discovery Execution Time: 0:00:03.678373
Simulation Execution Time: 0:00:06.215443
|           |MTR: 0.0   |TAR: 0.0   |WTR: 0.0   |
|           |AED: 676.17|RED: 676.63|CED: 0.0   |CTD: 1285.16|
| 23        | -676.6    | 0.6925    |

Discovery Execution Time: 0:00:03.932296
Simulation Execution Time: 0:00:06.428537
|           |MTR: 0.0   |TAR: 0.0   |WTR: 0.0   |
|           |AED: 671.65|RED: 671.69|CED: 0.0   |CTD: 1270.46|
| 24        | -671.7    | 0.6915    |

Discovery Execution Time: 0:00:03.826710
Simulation Execution Time: 0:00:06.575667
|           |MTR: 0.0   |TAR: 0.0   |WTR: 0.0   |
|           |AED: 651.93|RED: 652.01|CED: 0.0   |CTD: 1240.94|
| 25        | -652.0    | 0.6906    |

Discovery Execution Time: 0:00:03.989500
Simulation Execution Time: 0:00:06.490481
|           |MTR: 0.0   |TAR: 0.0   |WTR: 0.0   |
|           |AED: 654.51|RED: 654.1 |CED: 0.0   |CTD: 1232.66|
| 26        | -654.1    | 0.69      |

Discovery Execution Time: 0:00:03.980912
Simulation Execution Time: 0:00:06.805030
|           |MTR: 0.0   |TAR: 0.0   |WTR: 0.0   |
|           |AED: 669.91|RED: 669.75|CED: 0.0   |CTD: 1262.33|
| 27        | -669.8    | 0.6893    |

Discovery Execution Time: 0:00:03.989689
Simulation Execution Time: 0:00:06.842807
|           |MTR: 0.0   |TAR: 0.0   |WTR: 0.0   |
|           |AED: 650.07|RED: 650.36|CED: 0.0   |CTD: 1230.1|
| 28        | -650.4    | 0.6885    |

Discovery Execution Time: 0:00:04.129050
Simulation Execution Time: 0:00:06.808632
|           |MTR: 0.0   |TAR: 0.0   |WTR: 0.0   |
|           |AED: 652.47|RED: 652.69|CED: 0.0   |CTD: 1229.8|
| 29        | -652.7    | 0.6881    |

Discovery Execution Time: 0:00:04.055965
Simulation Execution Time: 0:00:06.785605
|           |MTR: 0.0   |TAR: 0.0   |WTR: 0.0   |
|           |AED: 653.24|RED: 653.13|CED: 0.0   |CTD: 1207.8|
| 30        | -653.1    | 0.6875    |
=====================================
Best result: {'angle': 0.6954612779189671}; f(x) = -629.3292010918855.
STARTING PROCESS: loan_application (ModelType.MULTI_GLOBAL)
++++++++++++++ PROBABILISTIC HYPERPARAMETER TUNNING - loan_application process +++++++++++++++++++++++
Calendar Type 3, Even Resource Workload: True
|   iter    |  target   |   angle   |
-------------------------------------

Discovery Execution Time: 0:00:05.182681
Simulation Execution Time: 0:00:07.265431
|           |MTR: 0.0   |TAR: 0.0   |WTR: 0.0   |
|           |AED: 4.2   |RED: 3.15  |CED: 0.0   |CTD: 9.56  |
| 1         | -3.152    | 0.967     |

Discovery Execution Time: 0:00:04.577905
Simulation Execution Time: 0:00:06.802381
|           |MTR: 0.0   |TAR: 0.0   |WTR: 0.0   |
|           |AED: 4.61  |RED: 4.62  |CED: 0.0   |CTD: 4.19  |
| 2         | -4.624    | 0.5472    |

Discovery Execution Time: 0:00:05.226344
Simulation Execution Time: 0:00:07.358410
|           |MTR: 0.0   |TAR: 0.0   |WTR: 0.0   |
|           |AED: 4.12  |RED: 3.19  |CED: 0.0   |CTD: 9.21  |
| 3         | -3.194    | 0.9727    |

Discovery Execution Time: 0:00:04.772433
Simulation Execution Time: 0:00:06.926035
|           |MTR: 0.0   |TAR: 0.0   |WTR: 0.0   |
|           |AED: 4.68  |RED: 3.98  |CED: 0.0   |CTD: 6.5   |
| 4         | -3.98     | 0.7148    |

Discovery Execution Time: 0:00:04.908960
Simulation Execution Time: 0:00:06.997877
|           |MTR: 0.0   |TAR: 0.0   |WTR: 0.0   |
|           |AED: 3.99  |RED: 3.65  |CED: 0.0   |CTD: 6.97  |
| 5         | -3.652    | 0.6977    |

Discovery Execution Time: 0:00:05.265224
Simulation Execution Time: 0:00:07.228810
|           |MTR: 0.0   |TAR: 0.0   |WTR: 0.0   |
|           |AED: 4.17  |RED: 3.55  |CED: 0.0   |CTD: 8.44  |
| 6         | -3.551    | 0.967     |

Discovery Execution Time: 0:00:05.233315
Simulation Execution Time: 0:00:07.246152
|           |MTR: 0.0   |TAR: 0.0   |WTR: 0.0   |
|           |AED: 4.21  |RED: 3.28  |CED: 0.0   |CTD: 10.42 |
| 7         | -3.275    | 0.9728    |

Discovery Execution Time: 0:00:05.231533
Simulation Execution Time: 0:00:07.197946
|           |MTR: 0.0   |TAR: 0.0   |WTR: 0.0   |
|           |AED: 4.33  |RED: 3.71  |CED: 0.0   |CTD: 8.4   |
| 8         | -3.709    | 0.9671    |

Discovery Execution Time: 0:00:05.178754
Simulation Execution Time: 0:00:07.336398
|           |MTR: 0.0   |TAR: 0.0   |WTR: 0.0   |
|           |AED: 4.69  |RED: 3.34  |CED: 0.0   |CTD: 8.74  |
| 9         | -3.344    | 0.9727    |

Discovery Execution Time: 0:00:05.314814
Simulation Execution Time: 0:00:07.324339
|           |MTR: 0.0   |TAR: 0.0   |WTR: 0.0   |
|           |AED: 4.15  |RED: 3.18  |CED: 0.0   |CTD: 8.83  |
| 10        | -3.175    | 0.973     |

Discovery Execution Time: 0:00:05.201421
Simulation Execution Time: 0:00:07.185998
|           |MTR: 0.0   |TAR: 0.0   |WTR: 0.0   |
|           |AED: 4.06  |RED: 3.36  |CED: 0.0   |CTD: 9.18  |
| 11        | -3.364    | 0.9726    |

Discovery Execution Time: 0:00:05.368890
Simulation Execution Time: 0:00:07.193224
|           |MTR: 0.0   |TAR: 0.0   |WTR: 0.0   |
|           |AED: 4.23  |RED: 3.14  |CED: 0.0   |CTD: 9.51  |
| 12        | -3.144    | 0.9725    |

Discovery Execution Time: 0:00:05.198070
Simulation Execution Time: 0:00:07.228669
|           |MTR: 0.0   |TAR: 0.0   |WTR: 0.0   |
|           |AED: 4.09  |RED: 3.28  |CED: 0.0   |CTD: 8.82  |
| 13        | -3.283    | 0.9724    |

Discovery Execution Time: 0:00:05.265260
Simulation Execution Time: 0:00:07.229702
|           |MTR: 0.0   |TAR: 0.0   |WTR: 0.0   |
|           |AED: 4.29  |RED: 3.27  |CED: 0.0   |CTD: 9.2   |
| 14        | -3.266    | 0.967     |

Discovery Execution Time: 0:00:05.154179
Simulation Execution Time: 0:00:07.226437
|           |MTR: 0.0   |TAR: 0.0   |WTR: 0.0   |
|           |AED: 3.89  |RED: 3.29  |CED: 0.0   |CTD: 9.42  |
| 15        | -3.291    | 0.9729    |

Discovery Execution Time: 0:00:05.190972
Simulation Execution Time: 0:00:07.131191
|           |MTR: 0.0   |TAR: 0.0   |WTR: 0.0   |
|           |AED: 4.31  |RED: 3.39  |CED: 0.0   |CTD: 8.83  |
| 16        | -3.393    | 0.9731    |

Discovery Execution Time: 0:00:05.274770
Simulation Execution Time: 0:00:07.176442
|           |MTR: 0.0   |TAR: 0.0   |WTR: 0.0   |
|           |AED: 4.37  |RED: 3.32  |CED: 0.0   |CTD: 8.65  |
| 17        | -3.317    | 0.9722    |

Discovery Execution Time: 0:00:05.105267
Simulation Execution Time: 0:00:07.262371
|           |MTR: 0.0   |TAR: 0.0   |WTR: 0.0   |
|           |AED: 4.15  |RED: 3.22  |CED: 0.0   |CTD: 8.43  |
| 18        | -3.222    | 0.9723    |

Discovery Execution Time: 0:00:05.145195
Simulation Execution Time: 0:00:07.239169
|           |MTR: 0.0   |TAR: 0.0   |WTR: 0.0   |
|           |AED: 4.22  |RED: 3.35  |CED: 0.0   |CTD: 9.29  |
| 19        | -3.346    | 0.9721    |

Discovery Execution Time: 0:00:05.182474
Simulation Execution Time: 0:00:07.062685
|           |MTR: 0.0   |TAR: 0.0   |WTR: 0.0   |
|           |AED: 4.46  |RED: 3.37  |CED: 0.0   |CTD: 8.55  |
| 20        | -3.373    | 0.9722    |

Discovery Execution Time: 0:00:05.063831
Simulation Execution Time: 0:00:07.149994
|           |MTR: 0.0   |TAR: 0.0   |WTR: 0.0   |
|           |AED: 4.45  |RED: 3.03  |CED: 0.0   |CTD: 10.14 | <-----------------------------------------
| 21        | -3.034    | 0.973     |

Discovery Execution Time: 0:00:05.214719
Simulation Execution Time: 0:00:07.092058
|           |MTR: 0.0   |TAR: 0.0   |WTR: 0.0   |
|           |AED: 4.21  |RED: 3.16  |CED: 0.0   |CTD: 9.58  |
| 22        | -3.162    | 0.9728    |

Discovery Execution Time: 0:00:05.076143
Simulation Execution Time: 0:00:07.158714
